{"timestamp":"2025-12-26T10:22:25.314477Z","level":"info","event":"Filling up the DagBag from /home/airflow/.local/lib/python3.12/site-packages/airflow/example_dags/example_outlet_event_extra.py","logger":"airflow.models.dagbag.DagBag","filename":"dagbag.py","lineno":593}
{"timestamp":"2025-12-26T10:22:55.337121Z","level":"error","event":"Process timed out, PID: 85","logger":"airflow.models.dagbag","filename":"dagbag.py","lineno":134}
{"timestamp":"2025-12-26T10:22:55.339873Z","level":"error","event":"Failed to import: /home/airflow/.local/lib/python3.12/site-packages/airflow/example_dags/example_outlet_event_extra.py","logger":"airflow.models.dagbag.DagBag","filename":"dagbag.py","lineno":415,"error_detail":[{"exc_type":"AirflowTaskTimeout","exc_value":"DagBag import timeout for /home/airflow/.local/lib/python3.12/site-packages/airflow/example_dags/example_outlet_event_extra.py after 30.0s.\nPlease take a look at these docs to improve your DAG import time:\n* https://airflow.apache.org/docs/apache-airflow/3.1.3/best-practices.html#top-level-python-code\n* https://airflow.apache.org/docs/apache-airflow/3.1.3/best-practices.html#reducing-dag-complexity, PID: 85","exc_notes":[],"syntax_error":null,"is_cause":false,"frames":[{"filename":"/home/airflow/.local/lib/python3.12/site-packages/airflow/models/dagbag.py","lineno":405,"name":"parse"},{"filename":"<frozen importlib._bootstrap_external>","lineno":999,"name":"exec_module"},{"filename":"<frozen importlib._bootstrap>","lineno":488,"name":"_call_with_frames_removed"},{"filename":"/home/airflow/.local/lib/python3.12/site-packages/airflow/example_dags/example_outlet_event_extra.py","lineno":31,"name":"<module>"},{"filename":"/home/airflow/.local/lib/python3.12/site-packages/airflow/sdk/definitions/asset/__init__.py","lineno":399,"name":"__init__"},{"filename":"<attrs generated methods airflow.sdk.definitions.asset.Asset>","lineno":19,"name":"__attrs_init__"},{"filename":"/home/airflow/.local/lib/python3.12/site-packages/airflow/sdk/definitions/asset/__init__.py","lineno":189,"name":"_sanitize_uri"},{"filename":"/home/airflow/.local/lib/python3.12/site-packages/airflow/sdk/definitions/asset/__init__.py","lineno":144,"name":"_get_uri_normalizer"},{"filename":"/home/airflow/.local/lib/python3.12/site-packages/airflow/providers_manager.py","lineno":1252,"name":"asset_uri_handlers"},{"filename":"/home/airflow/.local/lib/python3.12/site-packages/airflow/providers_manager.py","lineno":354,"name":"wrapped_function"},{"filename":"/home/airflow/.local/lib/python3.12/site-packages/airflow/providers_manager.py","lineno":498,"name":"initialize_providers_asset_uri_resources"},{"filename":"/home/airflow/.local/lib/python3.12/site-packages/airflow/providers_manager.py","lineno":828,"name":"_discover_asset_uri_resources"},{"filename":"/home/airflow/.local/lib/python3.12/site-packages/airflow/providers_manager.py","lineno":816,"name":"_safe_register_resource"},{"filename":"/home/airflow/.local/lib/python3.12/site-packages/airflow/providers_manager.py","lineno":303,"name":"_correctness_check"},{"filename":"/home/airflow/.local/lib/python3.12/site-packages/airflow/utils/module_loading.py","lineno":41,"name":"import_string"},{"filename":"/usr/python/lib/python3.12/importlib/__init__.py","lineno":90,"name":"import_module"},{"filename":"<frozen importlib._bootstrap>","lineno":1387,"name":"_gcd_import"},{"filename":"<frozen importlib._bootstrap>","lineno":1360,"name":"_find_and_load"},{"filename":"<frozen importlib._bootstrap>","lineno":1331,"name":"_find_and_load_unlocked"},{"filename":"<frozen importlib._bootstrap>","lineno":935,"name":"_load_unlocked"},{"filename":"<frozen importlib._bootstrap_external>","lineno":999,"name":"exec_module"},{"filename":"<frozen importlib._bootstrap>","lineno":488,"name":"_call_with_frames_removed"},{"filename":"/home/airflow/.local/lib/python3.12/site-packages/airflow/providers/google/assets/gcs.py","lineno":22,"name":"<module>"},{"filename":"/home/airflow/.local/lib/python3.12/site-packages/airflow/providers/google/cloud/hooks/gcs.py","lineno":40,"name":"<module>"},{"filename":"/home/airflow/.local/lib/python3.12/site-packages/google/cloud/storage/__init__.py","lineno":35,"name":"<module>"},{"filename":"/home/airflow/.local/lib/python3.12/site-packages/google/cloud/storage/batch.py","lineno":43,"name":"<module>"},{"filename":"/home/airflow/.local/lib/python3.12/site-packages/google/cloud/exceptions/__init__.py","lineno":24,"name":"<module>"},{"filename":"/home/airflow/.local/lib/python3.12/site-packages/google/api_core/__init__.py","lineno":39,"name":"<module>"},{"filename":"/home/airflow/.local/lib/python3.12/site-packages/google/api_core/_python_version_support.py","lineno":201,"name":"check_python_version"},{"filename":"/home/airflow/.local/lib/python3.12/site-packages/google/api_core/_python_version_support.py","lineno":180,"name":"_get_distribution_and_import_packages"},{"filename":"/home/airflow/.local/lib/python3.12/site-packages/google/api_core/_python_version_support.py","lineno":165,"name":"_get_pypi_package_name"},{"filename":"/usr/python/lib/python3.12/importlib/metadata/__init__.py","lineno":947,"name":"packages_distributions"},{"filename":"/usr/python/lib/python3.12/importlib/metadata/__init__.py","lineno":959,"name":"_top_level_inferred"},{"filename":"/usr/python/lib/python3.12/importlib/metadata/__init__.py","lineno":500,"name":"files"},{"filename":"/usr/python/lib/python3.12/importlib/metadata/_functools.py","lineno":102,"name":"wrapper"},{"filename":"/usr/python/lib/python3.12/importlib/metadata/__init__.py","lineno":498,"name":"skip_missing_files"},{"filename":"/usr/python/lib/python3.12/importlib/metadata/__init__.py","lineno":498,"name":"<lambda>"},{"filename":"/usr/python/lib/python3.12/pathlib.py","lineno":862,"name":"exists"},{"filename":"/usr/python/lib/python3.12/pathlib.py","lineno":52,"name":"_ignore_error"},{"filename":"/home/airflow/.local/lib/python3.12/site-packages/airflow/models/dagbag.py","lineno":135,"name":"handle_timeout"}],"is_group":false,"exceptions":[]},{"exc_type":"FileNotFoundError","exc_value":"[Errno 2] No such file or directory: '/home/airflow/.local/lib/python3.12/site-packages/numpy/core/tests/examples/cython/__pycache__/setup.cpython-312.pyc'","exc_notes":[],"syntax_error":null,"is_cause":false,"frames":[{"filename":"/usr/python/lib/python3.12/pathlib.py","lineno":860,"name":"exists"},{"filename":"/usr/python/lib/python3.12/pathlib.py","lineno":840,"name":"stat"}],"is_group":false,"exceptions":[]}]}
{"timestamp":"2025-12-26T13:05:46.630916","level":"info","event":"Filling up the DagBag from /home/airflow/.local/lib/python3.12/site-packages/airflow/example_dags/example_outlet_event_extra.py","logger":"airflow.models.dagbag.DagBag"}
{"timestamp":"2025-12-26T13:07:20.796717","level":"info","event":"Filling up the DagBag from /home/airflow/.local/lib/python3.12/site-packages/airflow/example_dags/example_outlet_event_extra.py","logger":"airflow.models.dagbag.DagBag"}
{"timestamp":"2025-12-26T13:07:55.869242","level":"info","event":"Filling up the DagBag from /home/airflow/.local/lib/python3.12/site-packages/airflow/example_dags/example_outlet_event_extra.py","logger":"airflow.models.dagbag.DagBag"}
{"timestamp":"2025-12-26T13:08:26.409771","level":"info","event":"Filling up the DagBag from /home/airflow/.local/lib/python3.12/site-packages/airflow/example_dags/example_outlet_event_extra.py","logger":"airflow.models.dagbag.DagBag"}
{"timestamp":"2025-12-26T13:09:12.345307","level":"info","event":"Filling up the DagBag from /home/airflow/.local/lib/python3.12/site-packages/airflow/example_dags/example_outlet_event_extra.py","logger":"airflow.models.dagbag.DagBag"}
{"timestamp":"2025-12-26T13:09:54.184715","level":"info","event":"Filling up the DagBag from /home/airflow/.local/lib/python3.12/site-packages/airflow/example_dags/example_outlet_event_extra.py","logger":"airflow.models.dagbag.DagBag"}
{"timestamp":"2025-12-26T13:10:49.456549","level":"info","event":"Filling up the DagBag from /home/airflow/.local/lib/python3.12/site-packages/airflow/example_dags/example_outlet_event_extra.py","logger":"airflow.models.dagbag.DagBag"}
{"timestamp":"2025-12-26T13:11:45.564313","level":"info","event":"Filling up the DagBag from /home/airflow/.local/lib/python3.12/site-packages/airflow/example_dags/example_outlet_event_extra.py","logger":"airflow.models.dagbag.DagBag"}
{"timestamp":"2025-12-26T13:12:26.729510","level":"info","event":"Filling up the DagBag from /home/airflow/.local/lib/python3.12/site-packages/airflow/example_dags/example_outlet_event_extra.py","logger":"airflow.models.dagbag.DagBag"}
{"timestamp":"2025-12-26T13:13:07.081480","level":"info","event":"Filling up the DagBag from /home/airflow/.local/lib/python3.12/site-packages/airflow/example_dags/example_outlet_event_extra.py","logger":"airflow.models.dagbag.DagBag"}
{"timestamp":"2025-12-26T13:14:05.567399","level":"info","event":"Filling up the DagBag from /home/airflow/.local/lib/python3.12/site-packages/airflow/example_dags/example_outlet_event_extra.py","logger":"airflow.models.dagbag.DagBag"}
{"timestamp":"2025-12-26T13:14:54.407724","level":"info","event":"Filling up the DagBag from /home/airflow/.local/lib/python3.12/site-packages/airflow/example_dags/example_outlet_event_extra.py","logger":"airflow.models.dagbag.DagBag"}
{"timestamp":"2025-12-26T13:15:32.538388","level":"info","event":"Filling up the DagBag from /home/airflow/.local/lib/python3.12/site-packages/airflow/example_dags/example_outlet_event_extra.py","logger":"airflow.models.dagbag.DagBag"}
{"timestamp":"2025-12-26T13:16:49.903662","level":"info","event":"Filling up the DagBag from /home/airflow/.local/lib/python3.12/site-packages/airflow/example_dags/example_outlet_event_extra.py","logger":"airflow.models.dagbag.DagBag"}
{"timestamp":"2025-12-26T13:17:33.894317","level":"info","event":"Filling up the DagBag from /home/airflow/.local/lib/python3.12/site-packages/airflow/example_dags/example_outlet_event_extra.py","logger":"airflow.models.dagbag.DagBag"}
{"timestamp":"2025-12-26T13:18:15.268889","level":"info","event":"Filling up the DagBag from /home/airflow/.local/lib/python3.12/site-packages/airflow/example_dags/example_outlet_event_extra.py","logger":"airflow.models.dagbag.DagBag"}
{"timestamp":"2025-12-26T13:19:04.341483","level":"info","event":"Filling up the DagBag from /home/airflow/.local/lib/python3.12/site-packages/airflow/example_dags/example_outlet_event_extra.py","logger":"airflow.models.dagbag.DagBag"}
{"timestamp":"2025-12-26T13:19:46.018455","level":"info","event":"Filling up the DagBag from /home/airflow/.local/lib/python3.12/site-packages/airflow/example_dags/example_outlet_event_extra.py","logger":"airflow.models.dagbag.DagBag"}
{"timestamp":"2025-12-26T13:20:47.121874","level":"info","event":"Filling up the DagBag from /home/airflow/.local/lib/python3.12/site-packages/airflow/example_dags/example_outlet_event_extra.py","logger":"airflow.models.dagbag.DagBag"}
{"timestamp":"2025-12-26T13:21:30.422887","level":"info","event":"Filling up the DagBag from /home/airflow/.local/lib/python3.12/site-packages/airflow/example_dags/example_outlet_event_extra.py","logger":"airflow.models.dagbag.DagBag"}
{"timestamp":"2025-12-26T13:22:18.899447","level":"info","event":"Filling up the DagBag from /home/airflow/.local/lib/python3.12/site-packages/airflow/example_dags/example_outlet_event_extra.py","logger":"airflow.models.dagbag.DagBag"}
{"timestamp":"2025-12-26T13:22:53.333372","level":"info","event":"Filling up the DagBag from /home/airflow/.local/lib/python3.12/site-packages/airflow/example_dags/example_outlet_event_extra.py","logger":"airflow.models.dagbag.DagBag"}
{"timestamp":"2025-12-26T13:23:32.084607","level":"info","event":"Filling up the DagBag from /home/airflow/.local/lib/python3.12/site-packages/airflow/example_dags/example_outlet_event_extra.py","logger":"airflow.models.dagbag.DagBag"}
{"timestamp":"2025-12-26T13:24:16.629238","level":"info","event":"Filling up the DagBag from /home/airflow/.local/lib/python3.12/site-packages/airflow/example_dags/example_outlet_event_extra.py","logger":"airflow.models.dagbag.DagBag"}
{"timestamp":"2025-12-26T13:25:09.000038","level":"info","event":"Filling up the DagBag from /home/airflow/.local/lib/python3.12/site-packages/airflow/example_dags/example_outlet_event_extra.py","logger":"airflow.models.dagbag.DagBag"}
{"timestamp":"2025-12-26T13:25:56.884768","level":"info","event":"Filling up the DagBag from /home/airflow/.local/lib/python3.12/site-packages/airflow/example_dags/example_outlet_event_extra.py","logger":"airflow.models.dagbag.DagBag"}
{"timestamp":"2025-12-26T13:26:32.110752","level":"info","event":"Filling up the DagBag from /home/airflow/.local/lib/python3.12/site-packages/airflow/example_dags/example_outlet_event_extra.py","logger":"airflow.models.dagbag.DagBag"}
{"timestamp":"2025-12-26T13:27:15.207044","level":"info","event":"Filling up the DagBag from /home/airflow/.local/lib/python3.12/site-packages/airflow/example_dags/example_outlet_event_extra.py","logger":"airflow.models.dagbag.DagBag"}
{"timestamp":"2025-12-26T13:28:13.711749","level":"info","event":"Filling up the DagBag from /home/airflow/.local/lib/python3.12/site-packages/airflow/example_dags/example_outlet_event_extra.py","logger":"airflow.models.dagbag.DagBag"}
{"timestamp":"2025-12-26T13:28:57.642766","level":"info","event":"Filling up the DagBag from /home/airflow/.local/lib/python3.12/site-packages/airflow/example_dags/example_outlet_event_extra.py","logger":"airflow.models.dagbag.DagBag"}
{"timestamp":"2025-12-26T13:30:04.075738","level":"info","event":"Filling up the DagBag from /home/airflow/.local/lib/python3.12/site-packages/airflow/example_dags/example_outlet_event_extra.py","logger":"airflow.models.dagbag.DagBag"}
{"timestamp":"2025-12-26T13:31:19.342123","level":"info","event":"Filling up the DagBag from /home/airflow/.local/lib/python3.12/site-packages/airflow/example_dags/example_outlet_event_extra.py","logger":"airflow.models.dagbag.DagBag"}
{"timestamp":"2025-12-26T13:32:29.313110","level":"info","event":"Filling up the DagBag from /home/airflow/.local/lib/python3.12/site-packages/airflow/example_dags/example_outlet_event_extra.py","logger":"airflow.models.dagbag.DagBag"}
{"timestamp":"2025-12-26T13:33:35.588894","level":"info","event":"Filling up the DagBag from /home/airflow/.local/lib/python3.12/site-packages/airflow/example_dags/example_outlet_event_extra.py","logger":"airflow.models.dagbag.DagBag"}
{"timestamp":"2025-12-26T13:34:50.000976","level":"info","event":"Filling up the DagBag from /home/airflow/.local/lib/python3.12/site-packages/airflow/example_dags/example_outlet_event_extra.py","logger":"airflow.models.dagbag.DagBag"}
{"timestamp":"2025-12-26T13:36:17.583939","level":"info","event":"Filling up the DagBag from /home/airflow/.local/lib/python3.12/site-packages/airflow/example_dags/example_outlet_event_extra.py","logger":"airflow.models.dagbag.DagBag"}
{"timestamp":"2025-12-26T13:37:23.736126","level":"info","event":"Filling up the DagBag from /home/airflow/.local/lib/python3.12/site-packages/airflow/example_dags/example_outlet_event_extra.py","logger":"airflow.models.dagbag.DagBag"}
{"timestamp":"2025-12-26T13:38:25.469277","level":"info","event":"Filling up the DagBag from /home/airflow/.local/lib/python3.12/site-packages/airflow/example_dags/example_outlet_event_extra.py","logger":"airflow.models.dagbag.DagBag"}
{"timestamp":"2025-12-26T13:39:04.109421","level":"info","event":"Filling up the DagBag from /home/airflow/.local/lib/python3.12/site-packages/airflow/example_dags/example_outlet_event_extra.py","logger":"airflow.models.dagbag.DagBag"}
{"timestamp":"2025-12-26T13:39:40.179799","level":"info","event":"Filling up the DagBag from /home/airflow/.local/lib/python3.12/site-packages/airflow/example_dags/example_outlet_event_extra.py","logger":"airflow.models.dagbag.DagBag"}
{"timestamp":"2025-12-26T13:40:35.999463","level":"info","event":"Filling up the DagBag from /home/airflow/.local/lib/python3.12/site-packages/airflow/example_dags/example_outlet_event_extra.py","logger":"airflow.models.dagbag.DagBag"}
{"timestamp":"2025-12-26T13:41:23.468447","level":"info","event":"Filling up the DagBag from /home/airflow/.local/lib/python3.12/site-packages/airflow/example_dags/example_outlet_event_extra.py","logger":"airflow.models.dagbag.DagBag"}
{"timestamp":"2025-12-26T13:42:06.393443","level":"info","event":"Filling up the DagBag from /home/airflow/.local/lib/python3.12/site-packages/airflow/example_dags/example_outlet_event_extra.py","logger":"airflow.models.dagbag.DagBag"}
{"timestamp":"2025-12-26T13:42:58.912740","level":"info","event":"Filling up the DagBag from /home/airflow/.local/lib/python3.12/site-packages/airflow/example_dags/example_outlet_event_extra.py","logger":"airflow.models.dagbag.DagBag"}
{"timestamp":"2025-12-26T13:43:34.432809","level":"info","event":"Filling up the DagBag from /home/airflow/.local/lib/python3.12/site-packages/airflow/example_dags/example_outlet_event_extra.py","logger":"airflow.models.dagbag.DagBag"}
{"timestamp":"2025-12-26T13:44:34.867328","level":"info","event":"Filling up the DagBag from /home/airflow/.local/lib/python3.12/site-packages/airflow/example_dags/example_outlet_event_extra.py","logger":"airflow.models.dagbag.DagBag"}
{"timestamp":"2025-12-26T13:45:26.472316","level":"info","event":"Filling up the DagBag from /home/airflow/.local/lib/python3.12/site-packages/airflow/example_dags/example_outlet_event_extra.py","logger":"airflow.models.dagbag.DagBag"}
{"timestamp":"2025-12-26T13:46:01.551164","level":"info","event":"Filling up the DagBag from /home/airflow/.local/lib/python3.12/site-packages/airflow/example_dags/example_outlet_event_extra.py","logger":"airflow.models.dagbag.DagBag"}
{"timestamp":"2025-12-26T13:46:55.835434","level":"info","event":"Filling up the DagBag from /home/airflow/.local/lib/python3.12/site-packages/airflow/example_dags/example_outlet_event_extra.py","logger":"airflow.models.dagbag.DagBag"}
{"timestamp":"2025-12-26T13:47:40.357697","level":"info","event":"Filling up the DagBag from /home/airflow/.local/lib/python3.12/site-packages/airflow/example_dags/example_outlet_event_extra.py","logger":"airflow.models.dagbag.DagBag"}
{"timestamp":"2025-12-26T13:48:24.736478","level":"info","event":"Filling up the DagBag from /home/airflow/.local/lib/python3.12/site-packages/airflow/example_dags/example_outlet_event_extra.py","logger":"airflow.models.dagbag.DagBag"}
{"timestamp":"2025-12-26T13:49:14.080685","level":"info","event":"Filling up the DagBag from /home/airflow/.local/lib/python3.12/site-packages/airflow/example_dags/example_outlet_event_extra.py","logger":"airflow.models.dagbag.DagBag"}
{"timestamp":"2025-12-26T13:49:49.644733","level":"info","event":"Filling up the DagBag from /home/airflow/.local/lib/python3.12/site-packages/airflow/example_dags/example_outlet_event_extra.py","logger":"airflow.models.dagbag.DagBag"}
{"timestamp":"2025-12-26T13:50:29.781897","level":"info","event":"Filling up the DagBag from /home/airflow/.local/lib/python3.12/site-packages/airflow/example_dags/example_outlet_event_extra.py","logger":"airflow.models.dagbag.DagBag"}
{"timestamp":"2025-12-26T13:51:07.074355","level":"info","event":"Filling up the DagBag from /home/airflow/.local/lib/python3.12/site-packages/airflow/example_dags/example_outlet_event_extra.py","logger":"airflow.models.dagbag.DagBag"}
{"timestamp":"2025-12-26T13:52:14.761057","level":"info","event":"Filling up the DagBag from /home/airflow/.local/lib/python3.12/site-packages/airflow/example_dags/example_outlet_event_extra.py","logger":"airflow.models.dagbag.DagBag"}
{"timestamp":"2025-12-26T13:53:04.286371","level":"info","event":"Filling up the DagBag from /home/airflow/.local/lib/python3.12/site-packages/airflow/example_dags/example_outlet_event_extra.py","logger":"airflow.models.dagbag.DagBag"}
{"timestamp":"2025-12-26T13:54:02.719301","level":"info","event":"Filling up the DagBag from /home/airflow/.local/lib/python3.12/site-packages/airflow/example_dags/example_outlet_event_extra.py","logger":"airflow.models.dagbag.DagBag"}
{"timestamp":"2025-12-26T13:55:00.233837","level":"info","event":"Filling up the DagBag from /home/airflow/.local/lib/python3.12/site-packages/airflow/example_dags/example_outlet_event_extra.py","logger":"airflow.models.dagbag.DagBag"}
{"timestamp":"2025-12-26T13:56:04.988177","level":"info","event":"Filling up the DagBag from /home/airflow/.local/lib/python3.12/site-packages/airflow/example_dags/example_outlet_event_extra.py","logger":"airflow.models.dagbag.DagBag"}
{"timestamp":"2025-12-26T13:56:56.202303","level":"info","event":"Filling up the DagBag from /home/airflow/.local/lib/python3.12/site-packages/airflow/example_dags/example_outlet_event_extra.py","logger":"airflow.models.dagbag.DagBag"}
{"timestamp":"2025-12-26T13:57:33.104544","level":"info","event":"Filling up the DagBag from /home/airflow/.local/lib/python3.12/site-packages/airflow/example_dags/example_outlet_event_extra.py","logger":"airflow.models.dagbag.DagBag"}
{"timestamp":"2025-12-26T13:58:14.730926","level":"info","event":"Filling up the DagBag from /home/airflow/.local/lib/python3.12/site-packages/airflow/example_dags/example_outlet_event_extra.py","logger":"airflow.models.dagbag.DagBag"}
{"timestamp":"2025-12-26T13:58:55.597275","level":"info","event":"Filling up the DagBag from /home/airflow/.local/lib/python3.12/site-packages/airflow/example_dags/example_outlet_event_extra.py","logger":"airflow.models.dagbag.DagBag"}
{"timestamp":"2025-12-26T13:59:35.339026","level":"info","event":"Filling up the DagBag from /home/airflow/.local/lib/python3.12/site-packages/airflow/example_dags/example_outlet_event_extra.py","logger":"airflow.models.dagbag.DagBag"}
{"timestamp":"2025-12-26T14:00:20.378819","level":"info","event":"Filling up the DagBag from /home/airflow/.local/lib/python3.12/site-packages/airflow/example_dags/example_outlet_event_extra.py","logger":"airflow.models.dagbag.DagBag"}
{"timestamp":"2025-12-26T14:01:13.837504","level":"info","event":"Filling up the DagBag from /home/airflow/.local/lib/python3.12/site-packages/airflow/example_dags/example_outlet_event_extra.py","logger":"airflow.models.dagbag.DagBag"}
{"timestamp":"2025-12-26T14:01:54.472934","level":"info","event":"Filling up the DagBag from /home/airflow/.local/lib/python3.12/site-packages/airflow/example_dags/example_outlet_event_extra.py","logger":"airflow.models.dagbag.DagBag"}
{"timestamp":"2025-12-26T14:02:42.482327","level":"info","event":"Filling up the DagBag from /home/airflow/.local/lib/python3.12/site-packages/airflow/example_dags/example_outlet_event_extra.py","logger":"airflow.models.dagbag.DagBag"}
{"timestamp":"2025-12-26T14:03:13.559513","level":"info","event":"Filling up the DagBag from /home/airflow/.local/lib/python3.12/site-packages/airflow/example_dags/example_outlet_event_extra.py","logger":"airflow.models.dagbag.DagBag"}
{"timestamp":"2025-12-26T14:03:52.302872","level":"info","event":"Filling up the DagBag from /home/airflow/.local/lib/python3.12/site-packages/airflow/example_dags/example_outlet_event_extra.py","logger":"airflow.models.dagbag.DagBag"}
{"timestamp":"2025-12-26T14:04:27.013000","level":"info","event":"Filling up the DagBag from /home/airflow/.local/lib/python3.12/site-packages/airflow/example_dags/example_outlet_event_extra.py","logger":"airflow.models.dagbag.DagBag"}
{"timestamp":"2025-12-26T14:05:00.696471","level":"info","event":"Filling up the DagBag from /home/airflow/.local/lib/python3.12/site-packages/airflow/example_dags/example_outlet_event_extra.py","logger":"airflow.models.dagbag.DagBag"}
{"timestamp":"2025-12-26T14:05:40.275080","level":"info","event":"Filling up the DagBag from /home/airflow/.local/lib/python3.12/site-packages/airflow/example_dags/example_outlet_event_extra.py","logger":"airflow.models.dagbag.DagBag"}
{"timestamp":"2025-12-26T14:06:13.570422","level":"info","event":"Filling up the DagBag from /home/airflow/.local/lib/python3.12/site-packages/airflow/example_dags/example_outlet_event_extra.py","logger":"airflow.models.dagbag.DagBag"}
{"timestamp":"2025-12-26T14:06:44.746001","level":"info","event":"Filling up the DagBag from /home/airflow/.local/lib/python3.12/site-packages/airflow/example_dags/example_outlet_event_extra.py","logger":"airflow.models.dagbag.DagBag"}
{"timestamp":"2025-12-26T14:07:24.205286","level":"info","event":"Filling up the DagBag from /home/airflow/.local/lib/python3.12/site-packages/airflow/example_dags/example_outlet_event_extra.py","logger":"airflow.models.dagbag.DagBag"}
{"timestamp":"2025-12-26T14:08:19.267119","level":"info","event":"Filling up the DagBag from /home/airflow/.local/lib/python3.12/site-packages/airflow/example_dags/example_outlet_event_extra.py","logger":"airflow.models.dagbag.DagBag"}
{"timestamp":"2025-12-26T14:08:56.681427","level":"info","event":"Filling up the DagBag from /home/airflow/.local/lib/python3.12/site-packages/airflow/example_dags/example_outlet_event_extra.py","logger":"airflow.models.dagbag.DagBag"}
{"timestamp":"2025-12-26T14:09:29.955953","level":"info","event":"Filling up the DagBag from /home/airflow/.local/lib/python3.12/site-packages/airflow/example_dags/example_outlet_event_extra.py","logger":"airflow.models.dagbag.DagBag"}
{"timestamp":"2025-12-26T14:10:04.827671","level":"info","event":"Filling up the DagBag from /home/airflow/.local/lib/python3.12/site-packages/airflow/example_dags/example_outlet_event_extra.py","logger":"airflow.models.dagbag.DagBag"}
{"timestamp":"2025-12-26T14:10:54.955324","level":"info","event":"Filling up the DagBag from /home/airflow/.local/lib/python3.12/site-packages/airflow/example_dags/example_outlet_event_extra.py","logger":"airflow.models.dagbag.DagBag"}
{"timestamp":"2025-12-26T14:11:44.078626","level":"info","event":"Filling up the DagBag from /home/airflow/.local/lib/python3.12/site-packages/airflow/example_dags/example_outlet_event_extra.py","logger":"airflow.models.dagbag.DagBag"}
{"timestamp":"2025-12-26T14:12:27.965764","level":"info","event":"Filling up the DagBag from /home/airflow/.local/lib/python3.12/site-packages/airflow/example_dags/example_outlet_event_extra.py","logger":"airflow.models.dagbag.DagBag"}
{"timestamp":"2025-12-26T14:13:11.032462","level":"info","event":"Filling up the DagBag from /home/airflow/.local/lib/python3.12/site-packages/airflow/example_dags/example_outlet_event_extra.py","logger":"airflow.models.dagbag.DagBag"}
{"timestamp":"2025-12-26T14:14:00.105052","level":"info","event":"Filling up the DagBag from /home/airflow/.local/lib/python3.12/site-packages/airflow/example_dags/example_outlet_event_extra.py","logger":"airflow.models.dagbag.DagBag"}
{"timestamp":"2025-12-26T14:14:40.865611","level":"info","event":"Filling up the DagBag from /home/airflow/.local/lib/python3.12/site-packages/airflow/example_dags/example_outlet_event_extra.py","logger":"airflow.models.dagbag.DagBag"}
{"timestamp":"2025-12-26T14:15:27.029868","level":"info","event":"Filling up the DagBag from /home/airflow/.local/lib/python3.12/site-packages/airflow/example_dags/example_outlet_event_extra.py","logger":"airflow.models.dagbag.DagBag"}
{"timestamp":"2025-12-26T14:16:13.118064","level":"info","event":"Filling up the DagBag from /home/airflow/.local/lib/python3.12/site-packages/airflow/example_dags/example_outlet_event_extra.py","logger":"airflow.models.dagbag.DagBag"}
{"timestamp":"2025-12-26T14:16:47.432366","level":"info","event":"Filling up the DagBag from /home/airflow/.local/lib/python3.12/site-packages/airflow/example_dags/example_outlet_event_extra.py","logger":"airflow.models.dagbag.DagBag"}
{"timestamp":"2025-12-26T14:17:30.709613","level":"info","event":"Filling up the DagBag from /home/airflow/.local/lib/python3.12/site-packages/airflow/example_dags/example_outlet_event_extra.py","logger":"airflow.models.dagbag.DagBag"}
{"timestamp":"2025-12-26T19:56:04.189775","level":"info","event":"Filling up the DagBag from /home/airflow/.local/lib/python3.12/site-packages/airflow/example_dags/example_outlet_event_extra.py","logger":"airflow.models.dagbag.DagBag"}
{"timestamp":"2025-12-26T19:57:05.545622","level":"info","event":"Filling up the DagBag from /home/airflow/.local/lib/python3.12/site-packages/airflow/example_dags/example_outlet_event_extra.py","logger":"airflow.models.dagbag.DagBag"}
{"timestamp":"2025-12-26T19:57:43.296913","level":"info","event":"Filling up the DagBag from /home/airflow/.local/lib/python3.12/site-packages/airflow/example_dags/example_outlet_event_extra.py","logger":"airflow.models.dagbag.DagBag"}
{"timestamp":"2025-12-26T19:58:25.306426","level":"info","event":"Filling up the DagBag from /home/airflow/.local/lib/python3.12/site-packages/airflow/example_dags/example_outlet_event_extra.py","logger":"airflow.models.dagbag.DagBag"}
{"timestamp":"2025-12-26T19:58:55.767399","level":"info","event":"Filling up the DagBag from /home/airflow/.local/lib/python3.12/site-packages/airflow/example_dags/example_outlet_event_extra.py","logger":"airflow.models.dagbag.DagBag"}
{"timestamp":"2025-12-26T19:59:28.310531","level":"info","event":"Filling up the DagBag from /home/airflow/.local/lib/python3.12/site-packages/airflow/example_dags/example_outlet_event_extra.py","logger":"airflow.models.dagbag.DagBag"}
{"timestamp":"2025-12-26T19:59:59.685347","level":"info","event":"Filling up the DagBag from /home/airflow/.local/lib/python3.12/site-packages/airflow/example_dags/example_outlet_event_extra.py","logger":"airflow.models.dagbag.DagBag"}
{"timestamp":"2025-12-26T20:00:33.094201","level":"info","event":"Filling up the DagBag from /home/airflow/.local/lib/python3.12/site-packages/airflow/example_dags/example_outlet_event_extra.py","logger":"airflow.models.dagbag.DagBag"}
{"timestamp":"2025-12-26T20:01:04.545142","level":"info","event":"Filling up the DagBag from /home/airflow/.local/lib/python3.12/site-packages/airflow/example_dags/example_outlet_event_extra.py","logger":"airflow.models.dagbag.DagBag"}
{"timestamp":"2025-12-26T20:01:53.313412","level":"info","event":"Filling up the DagBag from /home/airflow/.local/lib/python3.12/site-packages/airflow/example_dags/example_outlet_event_extra.py","logger":"airflow.models.dagbag.DagBag"}
{"timestamp":"2025-12-26T20:02:26.269722","level":"info","event":"Filling up the DagBag from /home/airflow/.local/lib/python3.12/site-packages/airflow/example_dags/example_outlet_event_extra.py","logger":"airflow.models.dagbag.DagBag"}
{"timestamp":"2025-12-26T20:02:57.337335","level":"info","event":"Filling up the DagBag from /home/airflow/.local/lib/python3.12/site-packages/airflow/example_dags/example_outlet_event_extra.py","logger":"airflow.models.dagbag.DagBag"}
{"timestamp":"2025-12-26T20:03:32.597787","level":"info","event":"Filling up the DagBag from /home/airflow/.local/lib/python3.12/site-packages/airflow/example_dags/example_outlet_event_extra.py","logger":"airflow.models.dagbag.DagBag"}
{"timestamp":"2025-12-26T20:04:04.198251","level":"info","event":"Filling up the DagBag from /home/airflow/.local/lib/python3.12/site-packages/airflow/example_dags/example_outlet_event_extra.py","logger":"airflow.models.dagbag.DagBag"}
{"timestamp":"2025-12-26T20:04:35.134963","level":"info","event":"Filling up the DagBag from /home/airflow/.local/lib/python3.12/site-packages/airflow/example_dags/example_outlet_event_extra.py","logger":"airflow.models.dagbag.DagBag"}
{"timestamp":"2025-12-26T20:05:06.702222","level":"info","event":"Filling up the DagBag from /home/airflow/.local/lib/python3.12/site-packages/airflow/example_dags/example_outlet_event_extra.py","logger":"airflow.models.dagbag.DagBag"}
{"timestamp":"2025-12-26T20:05:37.884464","level":"info","event":"Filling up the DagBag from /home/airflow/.local/lib/python3.12/site-packages/airflow/example_dags/example_outlet_event_extra.py","logger":"airflow.models.dagbag.DagBag"}
{"timestamp":"2025-12-26T20:06:10.430969","level":"info","event":"Filling up the DagBag from /home/airflow/.local/lib/python3.12/site-packages/airflow/example_dags/example_outlet_event_extra.py","logger":"airflow.models.dagbag.DagBag"}
{"timestamp":"2025-12-26T20:06:44.927971","level":"info","event":"Filling up the DagBag from /home/airflow/.local/lib/python3.12/site-packages/airflow/example_dags/example_outlet_event_extra.py","logger":"airflow.models.dagbag.DagBag"}
{"timestamp":"2025-12-26T20:07:16.654528","level":"info","event":"Filling up the DagBag from /home/airflow/.local/lib/python3.12/site-packages/airflow/example_dags/example_outlet_event_extra.py","logger":"airflow.models.dagbag.DagBag"}
{"timestamp":"2025-12-26T20:07:49.295460","level":"info","event":"Filling up the DagBag from /home/airflow/.local/lib/python3.12/site-packages/airflow/example_dags/example_outlet_event_extra.py","logger":"airflow.models.dagbag.DagBag"}
{"timestamp":"2025-12-26T20:08:21.296677","level":"info","event":"Filling up the DagBag from /home/airflow/.local/lib/python3.12/site-packages/airflow/example_dags/example_outlet_event_extra.py","logger":"airflow.models.dagbag.DagBag"}
{"timestamp":"2025-12-26T20:08:52.189611","level":"info","event":"Filling up the DagBag from /home/airflow/.local/lib/python3.12/site-packages/airflow/example_dags/example_outlet_event_extra.py","logger":"airflow.models.dagbag.DagBag"}
{"timestamp":"2025-12-26T20:09:22.429151","level":"info","event":"Filling up the DagBag from /home/airflow/.local/lib/python3.12/site-packages/airflow/example_dags/example_outlet_event_extra.py","logger":"airflow.models.dagbag.DagBag"}
{"timestamp":"2025-12-26T20:09:53.350585","level":"info","event":"Filling up the DagBag from /home/airflow/.local/lib/python3.12/site-packages/airflow/example_dags/example_outlet_event_extra.py","logger":"airflow.models.dagbag.DagBag"}
{"timestamp":"2025-12-26T20:10:24.189892","level":"info","event":"Filling up the DagBag from /home/airflow/.local/lib/python3.12/site-packages/airflow/example_dags/example_outlet_event_extra.py","logger":"airflow.models.dagbag.DagBag"}
{"timestamp":"2025-12-26T20:10:59.002320","level":"info","event":"Filling up the DagBag from /home/airflow/.local/lib/python3.12/site-packages/airflow/example_dags/example_outlet_event_extra.py","logger":"airflow.models.dagbag.DagBag"}
{"timestamp":"2025-12-26T20:11:30.996560","level":"info","event":"Filling up the DagBag from /home/airflow/.local/lib/python3.12/site-packages/airflow/example_dags/example_outlet_event_extra.py","logger":"airflow.models.dagbag.DagBag"}
{"timestamp":"2025-12-26T20:12:17.281090","level":"info","event":"Filling up the DagBag from /home/airflow/.local/lib/python3.12/site-packages/airflow/example_dags/example_outlet_event_extra.py","logger":"airflow.models.dagbag.DagBag"}
{"timestamp":"2025-12-26T20:12:52.927481","level":"info","event":"Filling up the DagBag from /home/airflow/.local/lib/python3.12/site-packages/airflow/example_dags/example_outlet_event_extra.py","logger":"airflow.models.dagbag.DagBag"}
{"timestamp":"2025-12-26T20:13:24.103109","level":"info","event":"Filling up the DagBag from /home/airflow/.local/lib/python3.12/site-packages/airflow/example_dags/example_outlet_event_extra.py","logger":"airflow.models.dagbag.DagBag"}
{"timestamp":"2025-12-26T20:13:54.319012","level":"info","event":"Filling up the DagBag from /home/airflow/.local/lib/python3.12/site-packages/airflow/example_dags/example_outlet_event_extra.py","logger":"airflow.models.dagbag.DagBag"}
{"timestamp":"2025-12-26T20:14:25.127589","level":"info","event":"Filling up the DagBag from /home/airflow/.local/lib/python3.12/site-packages/airflow/example_dags/example_outlet_event_extra.py","logger":"airflow.models.dagbag.DagBag"}
{"timestamp":"2025-12-26T20:14:56.223773","level":"info","event":"Filling up the DagBag from /home/airflow/.local/lib/python3.12/site-packages/airflow/example_dags/example_outlet_event_extra.py","logger":"airflow.models.dagbag.DagBag"}
{"timestamp":"2025-12-26T20:15:27.410621","level":"info","event":"Filling up the DagBag from /home/airflow/.local/lib/python3.12/site-packages/airflow/example_dags/example_outlet_event_extra.py","logger":"airflow.models.dagbag.DagBag"}
{"timestamp":"2025-12-26T20:15:58.884322","level":"info","event":"Filling up the DagBag from /home/airflow/.local/lib/python3.12/site-packages/airflow/example_dags/example_outlet_event_extra.py","logger":"airflow.models.dagbag.DagBag"}
{"timestamp":"2025-12-26T20:16:29.494506","level":"info","event":"Filling up the DagBag from /home/airflow/.local/lib/python3.12/site-packages/airflow/example_dags/example_outlet_event_extra.py","logger":"airflow.models.dagbag.DagBag"}
{"timestamp":"2025-12-26T20:16:59.778817","level":"info","event":"Filling up the DagBag from /home/airflow/.local/lib/python3.12/site-packages/airflow/example_dags/example_outlet_event_extra.py","logger":"airflow.models.dagbag.DagBag"}
{"timestamp":"2025-12-26T20:17:30.312505","level":"info","event":"Filling up the DagBag from /home/airflow/.local/lib/python3.12/site-packages/airflow/example_dags/example_outlet_event_extra.py","logger":"airflow.models.dagbag.DagBag"}
{"timestamp":"2025-12-26T20:18:01.111606","level":"info","event":"Filling up the DagBag from /home/airflow/.local/lib/python3.12/site-packages/airflow/example_dags/example_outlet_event_extra.py","logger":"airflow.models.dagbag.DagBag"}
{"timestamp":"2025-12-26T20:18:40.367944","level":"info","event":"Filling up the DagBag from /home/airflow/.local/lib/python3.12/site-packages/airflow/example_dags/example_outlet_event_extra.py","logger":"airflow.models.dagbag.DagBag"}
{"timestamp":"2025-12-26T20:19:11.550130","level":"info","event":"Filling up the DagBag from /home/airflow/.local/lib/python3.12/site-packages/airflow/example_dags/example_outlet_event_extra.py","logger":"airflow.models.dagbag.DagBag"}
{"timestamp":"2025-12-26T20:19:52.340754","level":"info","event":"Filling up the DagBag from /home/airflow/.local/lib/python3.12/site-packages/airflow/example_dags/example_outlet_event_extra.py","logger":"airflow.models.dagbag.DagBag"}
{"timestamp":"2025-12-26T20:20:23.652467","level":"info","event":"Filling up the DagBag from /home/airflow/.local/lib/python3.12/site-packages/airflow/example_dags/example_outlet_event_extra.py","logger":"airflow.models.dagbag.DagBag"}
{"timestamp":"2025-12-26T20:21:02.775235","level":"info","event":"Filling up the DagBag from /home/airflow/.local/lib/python3.12/site-packages/airflow/example_dags/example_outlet_event_extra.py","logger":"airflow.models.dagbag.DagBag"}
{"timestamp":"2025-12-26T20:21:41.360347","level":"info","event":"Filling up the DagBag from /home/airflow/.local/lib/python3.12/site-packages/airflow/example_dags/example_outlet_event_extra.py","logger":"airflow.models.dagbag.DagBag"}
{"timestamp":"2025-12-26T20:22:13.897157","level":"info","event":"Filling up the DagBag from /home/airflow/.local/lib/python3.12/site-packages/airflow/example_dags/example_outlet_event_extra.py","logger":"airflow.models.dagbag.DagBag"}
{"timestamp":"2025-12-26T20:22:58.002421","level":"info","event":"Filling up the DagBag from /home/airflow/.local/lib/python3.12/site-packages/airflow/example_dags/example_outlet_event_extra.py","logger":"airflow.models.dagbag.DagBag"}
{"timestamp":"2025-12-26T20:23:46.796289","level":"info","event":"Filling up the DagBag from /home/airflow/.local/lib/python3.12/site-packages/airflow/example_dags/example_outlet_event_extra.py","logger":"airflow.models.dagbag.DagBag"}
{"timestamp":"2025-12-26T20:24:20.755175","level":"info","event":"Filling up the DagBag from /home/airflow/.local/lib/python3.12/site-packages/airflow/example_dags/example_outlet_event_extra.py","logger":"airflow.models.dagbag.DagBag"}
{"timestamp":"2025-12-26T20:24:53.864489","level":"info","event":"Filling up the DagBag from /home/airflow/.local/lib/python3.12/site-packages/airflow/example_dags/example_outlet_event_extra.py","logger":"airflow.models.dagbag.DagBag"}
{"timestamp":"2025-12-26T20:25:32.728196","level":"info","event":"Filling up the DagBag from /home/airflow/.local/lib/python3.12/site-packages/airflow/example_dags/example_outlet_event_extra.py","logger":"airflow.models.dagbag.DagBag"}
{"timestamp":"2025-12-26T20:26:09.583362","level":"info","event":"Filling up the DagBag from /home/airflow/.local/lib/python3.12/site-packages/airflow/example_dags/example_outlet_event_extra.py","logger":"airflow.models.dagbag.DagBag"}
{"timestamp":"2025-12-26T20:26:49.033945","level":"info","event":"Filling up the DagBag from /home/airflow/.local/lib/python3.12/site-packages/airflow/example_dags/example_outlet_event_extra.py","logger":"airflow.models.dagbag.DagBag"}
{"timestamp":"2025-12-26T20:27:21.116041","level":"info","event":"Filling up the DagBag from /home/airflow/.local/lib/python3.12/site-packages/airflow/example_dags/example_outlet_event_extra.py","logger":"airflow.models.dagbag.DagBag"}
{"timestamp":"2025-12-26T20:28:02.668471","level":"info","event":"Filling up the DagBag from /home/airflow/.local/lib/python3.12/site-packages/airflow/example_dags/example_outlet_event_extra.py","logger":"airflow.models.dagbag.DagBag"}
{"timestamp":"2025-12-26T20:28:45.973736","level":"info","event":"Filling up the DagBag from /home/airflow/.local/lib/python3.12/site-packages/airflow/example_dags/example_outlet_event_extra.py","logger":"airflow.models.dagbag.DagBag"}
{"timestamp":"2025-12-26T20:29:18.688158","level":"info","event":"Filling up the DagBag from /home/airflow/.local/lib/python3.12/site-packages/airflow/example_dags/example_outlet_event_extra.py","logger":"airflow.models.dagbag.DagBag"}
{"timestamp":"2025-12-26T20:29:53.397719","level":"info","event":"Filling up the DagBag from /home/airflow/.local/lib/python3.12/site-packages/airflow/example_dags/example_outlet_event_extra.py","logger":"airflow.models.dagbag.DagBag"}
{"timestamp":"2025-12-26T20:30:26.038555","level":"info","event":"Filling up the DagBag from /home/airflow/.local/lib/python3.12/site-packages/airflow/example_dags/example_outlet_event_extra.py","logger":"airflow.models.dagbag.DagBag"}
{"timestamp":"2025-12-26T20:30:57.749156","level":"info","event":"Filling up the DagBag from /home/airflow/.local/lib/python3.12/site-packages/airflow/example_dags/example_outlet_event_extra.py","logger":"airflow.models.dagbag.DagBag"}
{"timestamp":"2025-12-26T20:31:28.375235","level":"info","event":"Filling up the DagBag from /home/airflow/.local/lib/python3.12/site-packages/airflow/example_dags/example_outlet_event_extra.py","logger":"airflow.models.dagbag.DagBag"}
{"timestamp":"2025-12-26T20:32:10.334834","level":"info","event":"Filling up the DagBag from /home/airflow/.local/lib/python3.12/site-packages/airflow/example_dags/example_outlet_event_extra.py","logger":"airflow.models.dagbag.DagBag"}
{"timestamp":"2025-12-26T20:32:45.193095","level":"info","event":"Filling up the DagBag from /home/airflow/.local/lib/python3.12/site-packages/airflow/example_dags/example_outlet_event_extra.py","logger":"airflow.models.dagbag.DagBag"}
{"timestamp":"2025-12-26T20:33:25.177828","level":"info","event":"Filling up the DagBag from /home/airflow/.local/lib/python3.12/site-packages/airflow/example_dags/example_outlet_event_extra.py","logger":"airflow.models.dagbag.DagBag"}
{"timestamp":"2025-12-26T20:34:25.940587","level":"info","event":"Filling up the DagBag from /home/airflow/.local/lib/python3.12/site-packages/airflow/example_dags/example_outlet_event_extra.py","logger":"airflow.models.dagbag.DagBag"}
{"timestamp":"2025-12-26T20:35:01.793272","level":"info","event":"Filling up the DagBag from /home/airflow/.local/lib/python3.12/site-packages/airflow/example_dags/example_outlet_event_extra.py","logger":"airflow.models.dagbag.DagBag"}
{"timestamp":"2025-12-26T20:35:37.853421","level":"info","event":"Filling up the DagBag from /home/airflow/.local/lib/python3.12/site-packages/airflow/example_dags/example_outlet_event_extra.py","logger":"airflow.models.dagbag.DagBag"}
{"timestamp":"2025-12-26T20:36:16.827598","level":"info","event":"Filling up the DagBag from /home/airflow/.local/lib/python3.12/site-packages/airflow/example_dags/example_outlet_event_extra.py","logger":"airflow.models.dagbag.DagBag"}
{"timestamp":"2025-12-26T20:36:59.823635","level":"info","event":"Filling up the DagBag from /home/airflow/.local/lib/python3.12/site-packages/airflow/example_dags/example_outlet_event_extra.py","logger":"airflow.models.dagbag.DagBag"}
{"timestamp":"2025-12-26T20:37:38.801381","level":"info","event":"Filling up the DagBag from /home/airflow/.local/lib/python3.12/site-packages/airflow/example_dags/example_outlet_event_extra.py","logger":"airflow.models.dagbag.DagBag"}
{"timestamp":"2025-12-26T20:38:21.968207","level":"info","event":"Filling up the DagBag from /home/airflow/.local/lib/python3.12/site-packages/airflow/example_dags/example_outlet_event_extra.py","logger":"airflow.models.dagbag.DagBag"}
{"timestamp":"2025-12-26T20:39:13.061107","level":"info","event":"Filling up the DagBag from /home/airflow/.local/lib/python3.12/site-packages/airflow/example_dags/example_outlet_event_extra.py","logger":"airflow.models.dagbag.DagBag"}
{"timestamp":"2025-12-26T20:40:11.812803","level":"info","event":"Filling up the DagBag from /home/airflow/.local/lib/python3.12/site-packages/airflow/example_dags/example_outlet_event_extra.py","logger":"airflow.models.dagbag.DagBag"}
{"timestamp":"2025-12-26T20:40:55.225352","level":"info","event":"Filling up the DagBag from /home/airflow/.local/lib/python3.12/site-packages/airflow/example_dags/example_outlet_event_extra.py","logger":"airflow.models.dagbag.DagBag"}
{"timestamp":"2025-12-26T20:41:41.501852","level":"info","event":"Filling up the DagBag from /home/airflow/.local/lib/python3.12/site-packages/airflow/example_dags/example_outlet_event_extra.py","logger":"airflow.models.dagbag.DagBag"}
{"timestamp":"2025-12-26T20:42:22.205525","level":"info","event":"Filling up the DagBag from /home/airflow/.local/lib/python3.12/site-packages/airflow/example_dags/example_outlet_event_extra.py","logger":"airflow.models.dagbag.DagBag"}
{"timestamp":"2025-12-26T20:42:54.372643","level":"info","event":"Filling up the DagBag from /home/airflow/.local/lib/python3.12/site-packages/airflow/example_dags/example_outlet_event_extra.py","logger":"airflow.models.dagbag.DagBag"}
{"timestamp":"2025-12-26T20:43:29.885417","level":"info","event":"Filling up the DagBag from /home/airflow/.local/lib/python3.12/site-packages/airflow/example_dags/example_outlet_event_extra.py","logger":"airflow.models.dagbag.DagBag"}
{"timestamp":"2025-12-26T20:44:02.044765","level":"info","event":"Filling up the DagBag from /home/airflow/.local/lib/python3.12/site-packages/airflow/example_dags/example_outlet_event_extra.py","logger":"airflow.models.dagbag.DagBag"}
{"timestamp":"2025-12-26T20:44:38.689975","level":"info","event":"Filling up the DagBag from /home/airflow/.local/lib/python3.12/site-packages/airflow/example_dags/example_outlet_event_extra.py","logger":"airflow.models.dagbag.DagBag"}
