{"timestamp":"2025-12-26T10:23:26.372347Z","level":"info","event":"Filling up the DagBag from /home/airflow/.local/lib/python3.12/site-packages/airflow/example_dags/example_asset_alias_with_no_taskflow.py","logger":"airflow.models.dagbag.DagBag","filename":"dagbag.py","lineno":593}
{"timestamp":"2025-12-26T10:23:58.989551Z","level":"error","event":"Process timed out, PID: 113","logger":"airflow.models.dagbag","filename":"dagbag.py","lineno":134}
{"timestamp":"2025-12-26T10:23:59.013268Z","level":"error","event":"Exception ignored in: <function WeakSet.__init__.<locals>._remove at 0x7546c63b58a0>","logger":"task.stderr"}
{"timestamp":"2025-12-26T10:23:59.032192Z","level":"error","event":"Traceback (most recent call last):","logger":"task.stderr"}
{"timestamp":"2025-12-26T10:23:59.060693Z","level":"error","event":"  File \"/usr/python/lib/python3.12/_weakrefset.py\", line 39, in _remove","logger":"task.stderr"}
{"timestamp":"2025-12-26T10:23:59.098890Z","level":"error","event":"    def _remove(item, selfref=ref(self)):","logger":"task.stderr"}
{"timestamp":"2025-12-26T10:23:59.146775Z","level":"error","event":"","logger":"task.stderr"}
{"timestamp":"2025-12-26T10:23:59.225010Z","level":"error","event":"  File \"/home/airflow/.local/lib/python3.12/site-packages/airflow/models/dagbag.py\", line 135, in handle_timeout","logger":"task.stderr"}
{"timestamp":"2025-12-26T10:23:59.290313Z","level":"error","event":"    raise AirflowTaskTimeout(error_message)","logger":"task.stderr"}
{"timestamp":"2025-12-26T10:23:59.338364Z","level":"error","event":"airflow.exceptions.AirflowTaskTimeout: DagBag import timeout for /home/airflow/.local/lib/python3.12/site-packages/airflow/example_dags/example_asset_alias_with_no_taskflow.py after 30.0s.","logger":"task.stderr"}
{"timestamp":"2025-12-26T10:23:59.406274Z","level":"error","event":"Please take a look at these docs to improve your DAG import time:","logger":"task.stderr"}
{"timestamp":"2025-12-26T10:23:59.486228Z","level":"error","event":"* https://airflow.apache.org/docs/apache-airflow/3.1.3/best-practices.html#top-level-python-code","logger":"task.stderr"}
{"timestamp":"2025-12-26T10:23:59.565427Z","level":"error","event":"* https://airflow.apache.org/docs/apache-airflow/3.1.3/best-practices.html#reducing-dag-complexity, PID: 113","logger":"task.stderr"}
{"timestamp":"2025-12-26T13:06:59.168594","level":"info","event":"Filling up the DagBag from /home/airflow/.local/lib/python3.12/site-packages/airflow/example_dags/example_asset_alias_with_no_taskflow.py","logger":"airflow.models.dagbag.DagBag"}
{"timestamp":"2025-12-26T13:07:47.417359","level":"info","event":"Filling up the DagBag from /home/airflow/.local/lib/python3.12/site-packages/airflow/example_dags/example_asset_alias_with_no_taskflow.py","logger":"airflow.models.dagbag.DagBag"}
{"timestamp":"2025-12-26T13:08:19.687422","level":"info","event":"Filling up the DagBag from /home/airflow/.local/lib/python3.12/site-packages/airflow/example_dags/example_asset_alias_with_no_taskflow.py","logger":"airflow.models.dagbag.DagBag"}
{"timestamp":"2025-12-26T13:09:08.613962","level":"info","event":"Filling up the DagBag from /home/airflow/.local/lib/python3.12/site-packages/airflow/example_dags/example_asset_alias_with_no_taskflow.py","logger":"airflow.models.dagbag.DagBag"}
{"timestamp":"2025-12-26T13:10:11.222407","level":"info","event":"Filling up the DagBag from /home/airflow/.local/lib/python3.12/site-packages/airflow/example_dags/example_asset_alias_with_no_taskflow.py","logger":"airflow.models.dagbag.DagBag"}
{"timestamp":"2025-12-26T13:11:04.882237","level":"info","event":"Filling up the DagBag from /home/airflow/.local/lib/python3.12/site-packages/airflow/example_dags/example_asset_alias_with_no_taskflow.py","logger":"airflow.models.dagbag.DagBag"}
{"timestamp":"2025-12-26T13:12:50.042000","level":"info","event":"Filling up the DagBag from /home/airflow/.local/lib/python3.12/site-packages/airflow/example_dags/example_asset_alias_with_no_taskflow.py","logger":"airflow.models.dagbag.DagBag"}
{"timestamp":"2025-12-26T13:13:52.326258","level":"info","event":"Filling up the DagBag from /home/airflow/.local/lib/python3.12/site-packages/airflow/example_dags/example_asset_alias_with_no_taskflow.py","logger":"airflow.models.dagbag.DagBag"}
{"timestamp":"2025-12-26T13:14:47.284171","level":"info","event":"Filling up the DagBag from /home/airflow/.local/lib/python3.12/site-packages/airflow/example_dags/example_asset_alias_with_no_taskflow.py","logger":"airflow.models.dagbag.DagBag"}
{"timestamp":"2025-12-26T13:15:48.156172","level":"info","event":"Filling up the DagBag from /home/airflow/.local/lib/python3.12/site-packages/airflow/example_dags/example_asset_alias_with_no_taskflow.py","logger":"airflow.models.dagbag.DagBag"}
{"timestamp":"2025-12-26T13:17:14.597149","level":"info","event":"Filling up the DagBag from /home/airflow/.local/lib/python3.12/site-packages/airflow/example_dags/example_asset_alias_with_no_taskflow.py","logger":"airflow.models.dagbag.DagBag"}
{"timestamp":"2025-12-26T13:18:04.184620","level":"info","event":"Filling up the DagBag from /home/airflow/.local/lib/python3.12/site-packages/airflow/example_dags/example_asset_alias_with_no_taskflow.py","logger":"airflow.models.dagbag.DagBag"}
{"timestamp":"2025-12-26T13:18:54.630880","level":"info","event":"Filling up the DagBag from /home/airflow/.local/lib/python3.12/site-packages/airflow/example_dags/example_asset_alias_with_no_taskflow.py","logger":"airflow.models.dagbag.DagBag"}
{"timestamp":"2025-12-26T13:19:38.946642","level":"info","event":"Filling up the DagBag from /home/airflow/.local/lib/python3.12/site-packages/airflow/example_dags/example_asset_alias_with_no_taskflow.py","logger":"airflow.models.dagbag.DagBag"}
{"timestamp":"2025-12-26T13:20:31.879867","level":"info","event":"Filling up the DagBag from /home/airflow/.local/lib/python3.12/site-packages/airflow/example_dags/example_asset_alias_with_no_taskflow.py","logger":"airflow.models.dagbag.DagBag"}
{"timestamp":"2025-12-26T13:21:27.588554","level":"info","event":"Filling up the DagBag from /home/airflow/.local/lib/python3.12/site-packages/airflow/example_dags/example_asset_alias_with_no_taskflow.py","logger":"airflow.models.dagbag.DagBag"}
{"timestamp":"2025-12-26T13:22:28.252434","level":"info","event":"Filling up the DagBag from /home/airflow/.local/lib/python3.12/site-packages/airflow/example_dags/example_asset_alias_with_no_taskflow.py","logger":"airflow.models.dagbag.DagBag"}
{"timestamp":"2025-12-26T13:23:02.008775","level":"info","event":"Filling up the DagBag from /home/airflow/.local/lib/python3.12/site-packages/airflow/example_dags/example_asset_alias_with_no_taskflow.py","logger":"airflow.models.dagbag.DagBag"}
{"timestamp":"2025-12-26T13:23:52.572910","level":"info","event":"Filling up the DagBag from /home/airflow/.local/lib/python3.12/site-packages/airflow/example_dags/example_asset_alias_with_no_taskflow.py","logger":"airflow.models.dagbag.DagBag"}
{"timestamp":"2025-12-26T13:24:36.950502","level":"info","event":"Filling up the DagBag from /home/airflow/.local/lib/python3.12/site-packages/airflow/example_dags/example_asset_alias_with_no_taskflow.py","logger":"airflow.models.dagbag.DagBag"}
{"timestamp":"2025-12-26T13:25:45.546599","level":"info","event":"Filling up the DagBag from /home/airflow/.local/lib/python3.12/site-packages/airflow/example_dags/example_asset_alias_with_no_taskflow.py","logger":"airflow.models.dagbag.DagBag"}
{"timestamp":"2025-12-26T13:26:34.105073","level":"info","event":"Filling up the DagBag from /home/airflow/.local/lib/python3.12/site-packages/airflow/example_dags/example_asset_alias_with_no_taskflow.py","logger":"airflow.models.dagbag.DagBag"}
{"timestamp":"2025-12-26T13:27:23.288145","level":"info","event":"Filling up the DagBag from /home/airflow/.local/lib/python3.12/site-packages/airflow/example_dags/example_asset_alias_with_no_taskflow.py","logger":"airflow.models.dagbag.DagBag"}
{"timestamp":"2025-12-26T13:28:40.411870","level":"info","event":"Filling up the DagBag from /home/airflow/.local/lib/python3.12/site-packages/airflow/example_dags/example_asset_alias_with_no_taskflow.py","logger":"airflow.models.dagbag.DagBag"}
{"timestamp":"2025-12-26T13:30:55.055342","level":"info","event":"Filling up the DagBag from /home/airflow/.local/lib/python3.12/site-packages/airflow/example_dags/example_asset_alias_with_no_taskflow.py","logger":"airflow.models.dagbag.DagBag"}
{"timestamp":"2025-12-26T13:33:13.179356","level":"info","event":"Filling up the DagBag from /home/airflow/.local/lib/python3.12/site-packages/airflow/example_dags/example_asset_alias_with_no_taskflow.py","logger":"airflow.models.dagbag.DagBag"}
{"timestamp":"2025-12-26T13:35:50.061293","level":"info","event":"Filling up the DagBag from /home/airflow/.local/lib/python3.12/site-packages/airflow/example_dags/example_asset_alias_with_no_taskflow.py","logger":"airflow.models.dagbag.DagBag"}
{"timestamp":"2025-12-26T13:37:44.975677","level":"info","event":"Filling up the DagBag from /home/airflow/.local/lib/python3.12/site-packages/airflow/example_dags/example_asset_alias_with_no_taskflow.py","logger":"airflow.models.dagbag.DagBag"}
{"timestamp":"2025-12-26T13:38:46.601617","level":"info","event":"Filling up the DagBag from /home/airflow/.local/lib/python3.12/site-packages/airflow/example_dags/example_asset_alias_with_no_taskflow.py","logger":"airflow.models.dagbag.DagBag"}
{"timestamp":"2025-12-26T13:40:15.378998","level":"info","event":"Filling up the DagBag from /home/airflow/.local/lib/python3.12/site-packages/airflow/example_dags/example_asset_alias_with_no_taskflow.py","logger":"airflow.models.dagbag.DagBag"}
{"timestamp":"2025-12-26T13:41:50.335142","level":"info","event":"Filling up the DagBag from /home/airflow/.local/lib/python3.12/site-packages/airflow/example_dags/example_asset_alias_with_no_taskflow.py","logger":"airflow.models.dagbag.DagBag"}
{"timestamp":"2025-12-26T13:43:21.803003","level":"info","event":"Filling up the DagBag from /home/airflow/.local/lib/python3.12/site-packages/airflow/example_dags/example_asset_alias_with_no_taskflow.py","logger":"airflow.models.dagbag.DagBag"}
{"timestamp":"2025-12-26T13:44:21.693322","level":"info","event":"Filling up the DagBag from /home/airflow/.local/lib/python3.12/site-packages/airflow/example_dags/example_asset_alias_with_no_taskflow.py","logger":"airflow.models.dagbag.DagBag"}
{"timestamp":"2025-12-26T13:45:19.119943","level":"info","event":"Filling up the DagBag from /home/airflow/.local/lib/python3.12/site-packages/airflow/example_dags/example_asset_alias_with_no_taskflow.py","logger":"airflow.models.dagbag.DagBag"}
{"timestamp":"2025-12-26T13:46:09.398817","level":"info","event":"Filling up the DagBag from /home/airflow/.local/lib/python3.12/site-packages/airflow/example_dags/example_asset_alias_with_no_taskflow.py","logger":"airflow.models.dagbag.DagBag"}
{"timestamp":"2025-12-26T13:47:11.988812","level":"info","event":"Filling up the DagBag from /home/airflow/.local/lib/python3.12/site-packages/airflow/example_dags/example_asset_alias_with_no_taskflow.py","logger":"airflow.models.dagbag.DagBag"}
{"timestamp":"2025-12-26T13:48:16.940076","level":"info","event":"Filling up the DagBag from /home/airflow/.local/lib/python3.12/site-packages/airflow/example_dags/example_asset_alias_with_no_taskflow.py","logger":"airflow.models.dagbag.DagBag"}
{"timestamp":"2025-12-26T13:49:06.651717","level":"info","event":"Filling up the DagBag from /home/airflow/.local/lib/python3.12/site-packages/airflow/example_dags/example_asset_alias_with_no_taskflow.py","logger":"airflow.models.dagbag.DagBag"}
{"timestamp":"2025-12-26T13:49:57.486696","level":"info","event":"Filling up the DagBag from /home/airflow/.local/lib/python3.12/site-packages/airflow/example_dags/example_asset_alias_with_no_taskflow.py","logger":"airflow.models.dagbag.DagBag"}
{"timestamp":"2025-12-26T13:50:37.539241","level":"info","event":"Filling up the DagBag from /home/airflow/.local/lib/python3.12/site-packages/airflow/example_dags/example_asset_alias_with_no_taskflow.py","logger":"airflow.models.dagbag.DagBag"}
{"timestamp":"2025-12-26T13:51:26.143299","level":"info","event":"Filling up the DagBag from /home/airflow/.local/lib/python3.12/site-packages/airflow/example_dags/example_asset_alias_with_no_taskflow.py","logger":"airflow.models.dagbag.DagBag"}
{"timestamp":"2025-12-26T13:52:47.025502","level":"info","event":"Filling up the DagBag from /home/airflow/.local/lib/python3.12/site-packages/airflow/example_dags/example_asset_alias_with_no_taskflow.py","logger":"airflow.models.dagbag.DagBag"}
{"timestamp":"2025-12-26T13:53:46.062873","level":"info","event":"Filling up the DagBag from /home/airflow/.local/lib/python3.12/site-packages/airflow/example_dags/example_asset_alias_with_no_taskflow.py","logger":"airflow.models.dagbag.DagBag"}
{"timestamp":"2025-12-26T13:55:42.151878","level":"info","event":"Filling up the DagBag from /home/airflow/.local/lib/python3.12/site-packages/airflow/example_dags/example_asset_alias_with_no_taskflow.py","logger":"airflow.models.dagbag.DagBag"}
{"timestamp":"2025-12-26T13:57:19.911044","level":"info","event":"Filling up the DagBag from /home/airflow/.local/lib/python3.12/site-packages/airflow/example_dags/example_asset_alias_with_no_taskflow.py","logger":"airflow.models.dagbag.DagBag"}
{"timestamp":"2025-12-26T13:58:24.942318","level":"info","event":"Filling up the DagBag from /home/airflow/.local/lib/python3.12/site-packages/airflow/example_dags/example_asset_alias_with_no_taskflow.py","logger":"airflow.models.dagbag.DagBag"}
{"timestamp":"2025-12-26T13:59:06.592574","level":"info","event":"Filling up the DagBag from /home/airflow/.local/lib/python3.12/site-packages/airflow/example_dags/example_asset_alias_with_no_taskflow.py","logger":"airflow.models.dagbag.DagBag"}
{"timestamp":"2025-12-26T13:59:57.532183","level":"info","event":"Filling up the DagBag from /home/airflow/.local/lib/python3.12/site-packages/airflow/example_dags/example_asset_alias_with_no_taskflow.py","logger":"airflow.models.dagbag.DagBag"}
{"timestamp":"2025-12-26T14:00:33.087912","level":"info","event":"Filling up the DagBag from /home/airflow/.local/lib/python3.12/site-packages/airflow/example_dags/example_asset_alias_with_no_taskflow.py","logger":"airflow.models.dagbag.DagBag"}
{"timestamp":"2025-12-26T14:01:38.888077","level":"info","event":"Filling up the DagBag from /home/airflow/.local/lib/python3.12/site-packages/airflow/example_dags/example_asset_alias_with_no_taskflow.py","logger":"airflow.models.dagbag.DagBag"}
{"timestamp":"2025-12-26T14:02:34.637747","level":"info","event":"Filling up the DagBag from /home/airflow/.local/lib/python3.12/site-packages/airflow/example_dags/example_asset_alias_with_no_taskflow.py","logger":"airflow.models.dagbag.DagBag"}
{"timestamp":"2025-12-26T14:03:07.686021","level":"info","event":"Filling up the DagBag from /home/airflow/.local/lib/python3.12/site-packages/airflow/example_dags/example_asset_alias_with_no_taskflow.py","logger":"airflow.models.dagbag.DagBag"}
{"timestamp":"2025-12-26T14:03:47.441292","level":"info","event":"Filling up the DagBag from /home/airflow/.local/lib/python3.12/site-packages/airflow/example_dags/example_asset_alias_with_no_taskflow.py","logger":"airflow.models.dagbag.DagBag"}
{"timestamp":"2025-12-26T14:04:23.196842","level":"info","event":"Filling up the DagBag from /home/airflow/.local/lib/python3.12/site-packages/airflow/example_dags/example_asset_alias_with_no_taskflow.py","logger":"airflow.models.dagbag.DagBag"}
{"timestamp":"2025-12-26T14:05:09.437927","level":"info","event":"Filling up the DagBag from /home/airflow/.local/lib/python3.12/site-packages/airflow/example_dags/example_asset_alias_with_no_taskflow.py","logger":"airflow.models.dagbag.DagBag"}
{"timestamp":"2025-12-26T14:05:52.563891","level":"info","event":"Filling up the DagBag from /home/airflow/.local/lib/python3.12/site-packages/airflow/example_dags/example_asset_alias_with_no_taskflow.py","logger":"airflow.models.dagbag.DagBag"}
{"timestamp":"2025-12-26T14:06:25.098469","level":"info","event":"Filling up the DagBag from /home/airflow/.local/lib/python3.12/site-packages/airflow/example_dags/example_asset_alias_with_no_taskflow.py","logger":"airflow.models.dagbag.DagBag"}
{"timestamp":"2025-12-26T14:07:16.678267","level":"info","event":"Filling up the DagBag from /home/airflow/.local/lib/python3.12/site-packages/airflow/example_dags/example_asset_alias_with_no_taskflow.py","logger":"airflow.models.dagbag.DagBag"}
{"timestamp":"2025-12-26T14:08:11.322251","level":"info","event":"Filling up the DagBag from /home/airflow/.local/lib/python3.12/site-packages/airflow/example_dags/example_asset_alias_with_no_taskflow.py","logger":"airflow.models.dagbag.DagBag"}
{"timestamp":"2025-12-26T14:08:50.785267","level":"info","event":"Filling up the DagBag from /home/airflow/.local/lib/python3.12/site-packages/airflow/example_dags/example_asset_alias_with_no_taskflow.py","logger":"airflow.models.dagbag.DagBag"}
{"timestamp":"2025-12-26T14:09:25.018992","level":"info","event":"Filling up the DagBag from /home/airflow/.local/lib/python3.12/site-packages/airflow/example_dags/example_asset_alias_with_no_taskflow.py","logger":"airflow.models.dagbag.DagBag"}
{"timestamp":"2025-12-26T14:10:08.125321","level":"info","event":"Filling up the DagBag from /home/airflow/.local/lib/python3.12/site-packages/airflow/example_dags/example_asset_alias_with_no_taskflow.py","logger":"airflow.models.dagbag.DagBag"}
{"timestamp":"2025-12-26T14:11:12.026077","level":"info","event":"Filling up the DagBag from /home/airflow/.local/lib/python3.12/site-packages/airflow/example_dags/example_asset_alias_with_no_taskflow.py","logger":"airflow.models.dagbag.DagBag"}
{"timestamp":"2025-12-26T14:12:18.545151","level":"info","event":"Filling up the DagBag from /home/airflow/.local/lib/python3.12/site-packages/airflow/example_dags/example_asset_alias_with_no_taskflow.py","logger":"airflow.models.dagbag.DagBag"}
{"timestamp":"2025-12-26T14:13:17.879679","level":"info","event":"Filling up the DagBag from /home/airflow/.local/lib/python3.12/site-packages/airflow/example_dags/example_asset_alias_with_no_taskflow.py","logger":"airflow.models.dagbag.DagBag"}
{"timestamp":"2025-12-26T14:14:16.695129","level":"info","event":"Filling up the DagBag from /home/airflow/.local/lib/python3.12/site-packages/airflow/example_dags/example_asset_alias_with_no_taskflow.py","logger":"airflow.models.dagbag.DagBag"}
{"timestamp":"2025-12-26T14:15:01.670506","level":"info","event":"Filling up the DagBag from /home/airflow/.local/lib/python3.12/site-packages/airflow/example_dags/example_asset_alias_with_no_taskflow.py","logger":"airflow.models.dagbag.DagBag"}
{"timestamp":"2025-12-26T14:16:08.869572","level":"info","event":"Filling up the DagBag from /home/airflow/.local/lib/python3.12/site-packages/airflow/example_dags/example_asset_alias_with_no_taskflow.py","logger":"airflow.models.dagbag.DagBag"}
{"timestamp":"2025-12-26T14:16:42.639194","level":"info","event":"Filling up the DagBag from /home/airflow/.local/lib/python3.12/site-packages/airflow/example_dags/example_asset_alias_with_no_taskflow.py","logger":"airflow.models.dagbag.DagBag"}
{"timestamp":"2025-12-26T19:55:51.653342","level":"info","event":"Filling up the DagBag from /home/airflow/.local/lib/python3.12/site-packages/airflow/example_dags/example_asset_alias_with_no_taskflow.py","logger":"airflow.models.dagbag.DagBag"}
{"timestamp":"2025-12-26T19:56:58.166403","level":"info","event":"Filling up the DagBag from /home/airflow/.local/lib/python3.12/site-packages/airflow/example_dags/example_asset_alias_with_no_taskflow.py","logger":"airflow.models.dagbag.DagBag"}
{"timestamp":"2025-12-26T19:57:53.660164","level":"info","event":"Filling up the DagBag from /home/airflow/.local/lib/python3.12/site-packages/airflow/example_dags/example_asset_alias_with_no_taskflow.py","logger":"airflow.models.dagbag.DagBag"}
{"timestamp":"2025-12-26T19:58:33.908790","level":"info","event":"Filling up the DagBag from /home/airflow/.local/lib/python3.12/site-packages/airflow/example_dags/example_asset_alias_with_no_taskflow.py","logger":"airflow.models.dagbag.DagBag"}
{"timestamp":"2025-12-26T19:59:04.607247","level":"info","event":"Filling up the DagBag from /home/airflow/.local/lib/python3.12/site-packages/airflow/example_dags/example_asset_alias_with_no_taskflow.py","logger":"airflow.models.dagbag.DagBag"}
{"timestamp":"2025-12-26T19:59:37.240327","level":"info","event":"Filling up the DagBag from /home/airflow/.local/lib/python3.12/site-packages/airflow/example_dags/example_asset_alias_with_no_taskflow.py","logger":"airflow.models.dagbag.DagBag"}
{"timestamp":"2025-12-26T20:00:08.832124","level":"info","event":"Filling up the DagBag from /home/airflow/.local/lib/python3.12/site-packages/airflow/example_dags/example_asset_alias_with_no_taskflow.py","logger":"airflow.models.dagbag.DagBag"}
{"timestamp":"2025-12-26T20:00:40.543998","level":"info","event":"Filling up the DagBag from /home/airflow/.local/lib/python3.12/site-packages/airflow/example_dags/example_asset_alias_with_no_taskflow.py","logger":"airflow.models.dagbag.DagBag"}
{"timestamp":"2025-12-26T20:01:12.003676","level":"info","event":"Filling up the DagBag from /home/airflow/.local/lib/python3.12/site-packages/airflow/example_dags/example_asset_alias_with_no_taskflow.py","logger":"airflow.models.dagbag.DagBag"}
{"timestamp":"2025-12-26T20:02:08.388857","level":"info","event":"Filling up the DagBag from /home/airflow/.local/lib/python3.12/site-packages/airflow/example_dags/example_asset_alias_with_no_taskflow.py","logger":"airflow.models.dagbag.DagBag"}
{"timestamp":"2025-12-26T20:02:40.128072","level":"info","event":"Filling up the DagBag from /home/airflow/.local/lib/python3.12/site-packages/airflow/example_dags/example_asset_alias_with_no_taskflow.py","logger":"airflow.models.dagbag.DagBag"}
{"timestamp":"2025-12-26T20:03:10.643256","level":"info","event":"Filling up the DagBag from /home/airflow/.local/lib/python3.12/site-packages/airflow/example_dags/example_asset_alias_with_no_taskflow.py","logger":"airflow.models.dagbag.DagBag"}
{"timestamp":"2025-12-26T20:03:52.313976","level":"info","event":"Filling up the DagBag from /home/airflow/.local/lib/python3.12/site-packages/airflow/example_dags/example_asset_alias_with_no_taskflow.py","logger":"airflow.models.dagbag.DagBag"}
{"timestamp":"2025-12-26T20:04:22.609551","level":"info","event":"Filling up the DagBag from /home/airflow/.local/lib/python3.12/site-packages/airflow/example_dags/example_asset_alias_with_no_taskflow.py","logger":"airflow.models.dagbag.DagBag"}
{"timestamp":"2025-12-26T20:04:59.264602","level":"info","event":"Filling up the DagBag from /home/airflow/.local/lib/python3.12/site-packages/airflow/example_dags/example_asset_alias_with_no_taskflow.py","logger":"airflow.models.dagbag.DagBag"}
{"timestamp":"2025-12-26T20:05:32.014731","level":"info","event":"Filling up the DagBag from /home/airflow/.local/lib/python3.12/site-packages/airflow/example_dags/example_asset_alias_with_no_taskflow.py","logger":"airflow.models.dagbag.DagBag"}
{"timestamp":"2025-12-26T20:06:03.151860","level":"info","event":"Filling up the DagBag from /home/airflow/.local/lib/python3.12/site-packages/airflow/example_dags/example_asset_alias_with_no_taskflow.py","logger":"airflow.models.dagbag.DagBag"}
{"timestamp":"2025-12-26T20:06:38.322167","level":"info","event":"Filling up the DagBag from /home/airflow/.local/lib/python3.12/site-packages/airflow/example_dags/example_asset_alias_with_no_taskflow.py","logger":"airflow.models.dagbag.DagBag"}
{"timestamp":"2025-12-26T20:07:09.585109","level":"info","event":"Filling up the DagBag from /home/airflow/.local/lib/python3.12/site-packages/airflow/example_dags/example_asset_alias_with_no_taskflow.py","logger":"airflow.models.dagbag.DagBag"}
{"timestamp":"2025-12-26T20:07:53.853928","level":"info","event":"Filling up the DagBag from /home/airflow/.local/lib/python3.12/site-packages/airflow/example_dags/example_asset_alias_with_no_taskflow.py","logger":"airflow.models.dagbag.DagBag"}
{"timestamp":"2025-12-26T20:08:24.330471","level":"info","event":"Filling up the DagBag from /home/airflow/.local/lib/python3.12/site-packages/airflow/example_dags/example_asset_alias_with_no_taskflow.py","logger":"airflow.models.dagbag.DagBag"}
{"timestamp":"2025-12-26T20:08:58.573155","level":"info","event":"Filling up the DagBag from /home/airflow/.local/lib/python3.12/site-packages/airflow/example_dags/example_asset_alias_with_no_taskflow.py","logger":"airflow.models.dagbag.DagBag"}
{"timestamp":"2025-12-26T20:09:29.264131","level":"info","event":"Filling up the DagBag from /home/airflow/.local/lib/python3.12/site-packages/airflow/example_dags/example_asset_alias_with_no_taskflow.py","logger":"airflow.models.dagbag.DagBag"}
{"timestamp":"2025-12-26T20:09:59.717488","level":"info","event":"Filling up the DagBag from /home/airflow/.local/lib/python3.12/site-packages/airflow/example_dags/example_asset_alias_with_no_taskflow.py","logger":"airflow.models.dagbag.DagBag"}
{"timestamp":"2025-12-26T20:10:30.589783","level":"info","event":"Filling up the DagBag from /home/airflow/.local/lib/python3.12/site-packages/airflow/example_dags/example_asset_alias_with_no_taskflow.py","logger":"airflow.models.dagbag.DagBag"}
{"timestamp":"2025-12-26T20:11:09.705858","level":"info","event":"Filling up the DagBag from /home/airflow/.local/lib/python3.12/site-packages/airflow/example_dags/example_asset_alias_with_no_taskflow.py","logger":"airflow.models.dagbag.DagBag"}
{"timestamp":"2025-12-26T20:12:02.189822","level":"info","event":"Filling up the DagBag from /home/airflow/.local/lib/python3.12/site-packages/airflow/example_dags/example_asset_alias_with_no_taskflow.py","logger":"airflow.models.dagbag.DagBag"}
{"timestamp":"2025-12-26T20:12:45.744992","level":"info","event":"Filling up the DagBag from /home/airflow/.local/lib/python3.12/site-packages/airflow/example_dags/example_asset_alias_with_no_taskflow.py","logger":"airflow.models.dagbag.DagBag"}
{"timestamp":"2025-12-26T20:13:19.756612","level":"info","event":"Filling up the DagBag from /home/airflow/.local/lib/python3.12/site-packages/airflow/example_dags/example_asset_alias_with_no_taskflow.py","logger":"airflow.models.dagbag.DagBag"}
{"timestamp":"2025-12-26T20:13:51.108578","level":"info","event":"Filling up the DagBag from /home/airflow/.local/lib/python3.12/site-packages/airflow/example_dags/example_asset_alias_with_no_taskflow.py","logger":"airflow.models.dagbag.DagBag"}
{"timestamp":"2025-12-26T20:14:21.330623","level":"info","event":"Filling up the DagBag from /home/airflow/.local/lib/python3.12/site-packages/airflow/example_dags/example_asset_alias_with_no_taskflow.py","logger":"airflow.models.dagbag.DagBag"}
{"timestamp":"2025-12-26T20:14:51.679071","level":"info","event":"Filling up the DagBag from /home/airflow/.local/lib/python3.12/site-packages/airflow/example_dags/example_asset_alias_with_no_taskflow.py","logger":"airflow.models.dagbag.DagBag"}
{"timestamp":"2025-12-26T20:15:26.553695","level":"info","event":"Filling up the DagBag from /home/airflow/.local/lib/python3.12/site-packages/airflow/example_dags/example_asset_alias_with_no_taskflow.py","logger":"airflow.models.dagbag.DagBag"}
{"timestamp":"2025-12-26T20:15:57.142983","level":"info","event":"Filling up the DagBag from /home/airflow/.local/lib/python3.12/site-packages/airflow/example_dags/example_asset_alias_with_no_taskflow.py","logger":"airflow.models.dagbag.DagBag"}
{"timestamp":"2025-12-26T20:16:27.795578","level":"info","event":"Filling up the DagBag from /home/airflow/.local/lib/python3.12/site-packages/airflow/example_dags/example_asset_alias_with_no_taskflow.py","logger":"airflow.models.dagbag.DagBag"}
{"timestamp":"2025-12-26T20:16:58.291756","level":"info","event":"Filling up the DagBag from /home/airflow/.local/lib/python3.12/site-packages/airflow/example_dags/example_asset_alias_with_no_taskflow.py","logger":"airflow.models.dagbag.DagBag"}
{"timestamp":"2025-12-26T20:17:29.752749","level":"info","event":"Filling up the DagBag from /home/airflow/.local/lib/python3.12/site-packages/airflow/example_dags/example_asset_alias_with_no_taskflow.py","logger":"airflow.models.dagbag.DagBag"}
{"timestamp":"2025-12-26T20:18:01.378798","level":"info","event":"Filling up the DagBag from /home/airflow/.local/lib/python3.12/site-packages/airflow/example_dags/example_asset_alias_with_no_taskflow.py","logger":"airflow.models.dagbag.DagBag"}
{"timestamp":"2025-12-26T20:18:44.957706","level":"info","event":"Filling up the DagBag from /home/airflow/.local/lib/python3.12/site-packages/airflow/example_dags/example_asset_alias_with_no_taskflow.py","logger":"airflow.models.dagbag.DagBag"}
{"timestamp":"2025-12-26T20:19:16.524446","level":"info","event":"Filling up the DagBag from /home/airflow/.local/lib/python3.12/site-packages/airflow/example_dags/example_asset_alias_with_no_taskflow.py","logger":"airflow.models.dagbag.DagBag"}
{"timestamp":"2025-12-26T20:19:55.884459","level":"info","event":"Filling up the DagBag from /home/airflow/.local/lib/python3.12/site-packages/airflow/example_dags/example_asset_alias_with_no_taskflow.py","logger":"airflow.models.dagbag.DagBag"}
{"timestamp":"2025-12-26T20:20:27.077063","level":"info","event":"Filling up the DagBag from /home/airflow/.local/lib/python3.12/site-packages/airflow/example_dags/example_asset_alias_with_no_taskflow.py","logger":"airflow.models.dagbag.DagBag"}
{"timestamp":"2025-12-26T20:21:09.124357","level":"info","event":"Filling up the DagBag from /home/airflow/.local/lib/python3.12/site-packages/airflow/example_dags/example_asset_alias_with_no_taskflow.py","logger":"airflow.models.dagbag.DagBag"}
{"timestamp":"2025-12-26T20:21:49.391976","level":"info","event":"Filling up the DagBag from /home/airflow/.local/lib/python3.12/site-packages/airflow/example_dags/example_asset_alias_with_no_taskflow.py","logger":"airflow.models.dagbag.DagBag"}
{"timestamp":"2025-12-26T20:22:22.882004","level":"info","event":"Filling up the DagBag from /home/airflow/.local/lib/python3.12/site-packages/airflow/example_dags/example_asset_alias_with_no_taskflow.py","logger":"airflow.models.dagbag.DagBag"}
{"timestamp":"2025-12-26T20:23:16.750806","level":"info","event":"Filling up the DagBag from /home/airflow/.local/lib/python3.12/site-packages/airflow/example_dags/example_asset_alias_with_no_taskflow.py","logger":"airflow.models.dagbag.DagBag"}
{"timestamp":"2025-12-26T20:24:18.422931","level":"info","event":"Filling up the DagBag from /home/airflow/.local/lib/python3.12/site-packages/airflow/example_dags/example_asset_alias_with_no_taskflow.py","logger":"airflow.models.dagbag.DagBag"}
{"timestamp":"2025-12-26T20:24:56.006420","level":"info","event":"Filling up the DagBag from /home/airflow/.local/lib/python3.12/site-packages/airflow/example_dags/example_asset_alias_with_no_taskflow.py","logger":"airflow.models.dagbag.DagBag"}
{"timestamp":"2025-12-26T20:25:51.038088","level":"info","event":"Filling up the DagBag from /home/airflow/.local/lib/python3.12/site-packages/airflow/example_dags/example_asset_alias_with_no_taskflow.py","logger":"airflow.models.dagbag.DagBag"}
{"timestamp":"2025-12-26T20:26:24.802559","level":"info","event":"Filling up the DagBag from /home/airflow/.local/lib/python3.12/site-packages/airflow/example_dags/example_asset_alias_with_no_taskflow.py","logger":"airflow.models.dagbag.DagBag"}
{"timestamp":"2025-12-26T20:27:07.897023","level":"info","event":"Filling up the DagBag from /home/airflow/.local/lib/python3.12/site-packages/airflow/example_dags/example_asset_alias_with_no_taskflow.py","logger":"airflow.models.dagbag.DagBag"}
{"timestamp":"2025-12-26T20:27:42.719922","level":"info","event":"Filling up the DagBag from /home/airflow/.local/lib/python3.12/site-packages/airflow/example_dags/example_asset_alias_with_no_taskflow.py","logger":"airflow.models.dagbag.DagBag"}
{"timestamp":"2025-12-26T20:28:42.261622","level":"info","event":"Filling up the DagBag from /home/airflow/.local/lib/python3.12/site-packages/airflow/example_dags/example_asset_alias_with_no_taskflow.py","logger":"airflow.models.dagbag.DagBag"}
{"timestamp":"2025-12-26T20:29:13.736312","level":"info","event":"Filling up the DagBag from /home/airflow/.local/lib/python3.12/site-packages/airflow/example_dags/example_asset_alias_with_no_taskflow.py","logger":"airflow.models.dagbag.DagBag"}
{"timestamp":"2025-12-26T20:29:48.202967","level":"info","event":"Filling up the DagBag from /home/airflow/.local/lib/python3.12/site-packages/airflow/example_dags/example_asset_alias_with_no_taskflow.py","logger":"airflow.models.dagbag.DagBag"}
{"timestamp":"2025-12-26T20:30:19.666547","level":"info","event":"Filling up the DagBag from /home/airflow/.local/lib/python3.12/site-packages/airflow/example_dags/example_asset_alias_with_no_taskflow.py","logger":"airflow.models.dagbag.DagBag"}
{"timestamp":"2025-12-26T20:30:50.805818","level":"info","event":"Filling up the DagBag from /home/airflow/.local/lib/python3.12/site-packages/airflow/example_dags/example_asset_alias_with_no_taskflow.py","logger":"airflow.models.dagbag.DagBag"}
{"timestamp":"2025-12-26T20:31:24.615256","level":"info","event":"Filling up the DagBag from /home/airflow/.local/lib/python3.12/site-packages/airflow/example_dags/example_asset_alias_with_no_taskflow.py","logger":"airflow.models.dagbag.DagBag"}
{"timestamp":"2025-12-26T20:32:19.194677","level":"info","event":"Filling up the DagBag from /home/airflow/.local/lib/python3.12/site-packages/airflow/example_dags/example_asset_alias_with_no_taskflow.py","logger":"airflow.models.dagbag.DagBag"}
{"timestamp":"2025-12-26T20:32:57.231690","level":"info","event":"Filling up the DagBag from /home/airflow/.local/lib/python3.12/site-packages/airflow/example_dags/example_asset_alias_with_no_taskflow.py","logger":"airflow.models.dagbag.DagBag"}
{"timestamp":"2025-12-26T20:34:01.560242","level":"info","event":"Filling up the DagBag from /home/airflow/.local/lib/python3.12/site-packages/airflow/example_dags/example_asset_alias_with_no_taskflow.py","logger":"airflow.models.dagbag.DagBag"}
{"timestamp":"2025-12-26T20:35:11.370365","level":"info","event":"Filling up the DagBag from /home/airflow/.local/lib/python3.12/site-packages/airflow/example_dags/example_asset_alias_with_no_taskflow.py","logger":"airflow.models.dagbag.DagBag"}
{"timestamp":"2025-12-26T20:36:02.466554","level":"info","event":"Filling up the DagBag from /home/airflow/.local/lib/python3.12/site-packages/airflow/example_dags/example_asset_alias_with_no_taskflow.py","logger":"airflow.models.dagbag.DagBag"}
{"timestamp":"2025-12-26T20:36:51.229597","level":"info","event":"Filling up the DagBag from /home/airflow/.local/lib/python3.12/site-packages/airflow/example_dags/example_asset_alias_with_no_taskflow.py","logger":"airflow.models.dagbag.DagBag"}
{"timestamp":"2025-12-26T20:37:29.223041","level":"info","event":"Filling up the DagBag from /home/airflow/.local/lib/python3.12/site-packages/airflow/example_dags/example_asset_alias_with_no_taskflow.py","logger":"airflow.models.dagbag.DagBag"}
{"timestamp":"2025-12-26T20:38:17.368447","level":"info","event":"Filling up the DagBag from /home/airflow/.local/lib/python3.12/site-packages/airflow/example_dags/example_asset_alias_with_no_taskflow.py","logger":"airflow.models.dagbag.DagBag"}
{"timestamp":"2025-12-26T20:39:05.649113","level":"info","event":"Filling up the DagBag from /home/airflow/.local/lib/python3.12/site-packages/airflow/example_dags/example_asset_alias_with_no_taskflow.py","logger":"airflow.models.dagbag.DagBag"}
{"timestamp":"2025-12-26T20:40:04.502472","level":"info","event":"Filling up the DagBag from /home/airflow/.local/lib/python3.12/site-packages/airflow/example_dags/example_asset_alias_with_no_taskflow.py","logger":"airflow.models.dagbag.DagBag"}
{"timestamp":"2025-12-26T20:41:04.495729","level":"info","event":"Filling up the DagBag from /home/airflow/.local/lib/python3.12/site-packages/airflow/example_dags/example_asset_alias_with_no_taskflow.py","logger":"airflow.models.dagbag.DagBag"}
{"timestamp":"2025-12-26T20:41:56.616401","level":"info","event":"Filling up the DagBag from /home/airflow/.local/lib/python3.12/site-packages/airflow/example_dags/example_asset_alias_with_no_taskflow.py","logger":"airflow.models.dagbag.DagBag"}
{"timestamp":"2025-12-26T20:42:39.181941","level":"info","event":"Filling up the DagBag from /home/airflow/.local/lib/python3.12/site-packages/airflow/example_dags/example_asset_alias_with_no_taskflow.py","logger":"airflow.models.dagbag.DagBag"}
{"timestamp":"2025-12-26T20:43:14.394883","level":"info","event":"Filling up the DagBag from /home/airflow/.local/lib/python3.12/site-packages/airflow/example_dags/example_asset_alias_with_no_taskflow.py","logger":"airflow.models.dagbag.DagBag"}
{"timestamp":"2025-12-26T20:43:53.679179","level":"info","event":"Filling up the DagBag from /home/airflow/.local/lib/python3.12/site-packages/airflow/example_dags/example_asset_alias_with_no_taskflow.py","logger":"airflow.models.dagbag.DagBag"}
{"timestamp":"2025-12-26T20:44:49.348384","level":"info","event":"Filling up the DagBag from /home/airflow/.local/lib/python3.12/site-packages/airflow/example_dags/example_asset_alias_with_no_taskflow.py","logger":"airflow.models.dagbag.DagBag"}
