[2025-12-26T11:32:57.076+0000] {manager.py:470} INFO - Processing files using up to 2 processes at a time 
[2025-12-26T11:32:57.098+0000] {manager.py:471} INFO - Process each file at most once every 30 seconds
[2025-12-26T11:32:57.104+0000] {manager.py:472} INFO - Checking for new files in /opt/airflow/dags every 300 seconds
[2025-12-26T11:32:57.144+0000] {manager.py:737} INFO - Searching for files in /opt/airflow/dags
[2025-12-26T11:32:57.170+0000] {manager.py:740} INFO - There are 0 files in /opt/airflow/dags
[2025-12-26T11:37:57.837+0000] {manager.py:737} INFO - Searching for files in /opt/airflow/dags
[2025-12-26T11:37:57.982+0000] {manager.py:740} INFO - There are 0 files in /opt/airflow/dags
[2025-12-26T11:42:57.986+0000] {manager.py:737} INFO - Searching for files in /opt/airflow/dags
[2025-12-26T11:42:58.000+0000] {manager.py:740} INFO - There are 0 files in /opt/airflow/dags
[2025-12-26T11:47:58.832+0000] {manager.py:737} INFO - Searching for files in /opt/airflow/dags
[2025-12-26T11:47:58.899+0000] {manager.py:740} INFO - There are 0 files in /opt/airflow/dags
[2025-12-26T11:52:59.762+0000] {manager.py:737} INFO - Searching for files in /opt/airflow/dags
[2025-12-26T11:52:59.846+0000] {manager.py:740} INFO - There are 0 files in /opt/airflow/dags
[2025-12-26T11:58:00.681+0000] {manager.py:737} INFO - Searching for files in /opt/airflow/dags
[2025-12-26T11:58:00.748+0000] {manager.py:740} INFO - There are 0 files in /opt/airflow/dags
[2025-12-26T12:03:00.745+0000] {manager.py:737} INFO - Searching for files in /opt/airflow/dags
[2025-12-26T12:03:00.836+0000] {manager.py:740} INFO - There are 1 files in /opt/airflow/dags
[2025-12-26T12:03:10.172+0000] {manager.py:878} INFO - 
================================================================================
DAG File Processing Stats

File Path                                    PID    Runtime      # DAGs    # Errors  Last Runtime    Last Run
-------------------------------------------  -----  ---------  --------  ----------  --------------  -------------------
/opt/airflow/dags/wikipedia/extract_data.py                           0           1  0.86s           2025-12-26T12:03:01
================================================================================
[2025-12-26T12:03:40.552+0000] {manager.py:878} INFO - 
================================================================================
DAG File Processing Stats

File Path                                    PID    Runtime      # DAGs    # Errors  Last Runtime    Last Run
-------------------------------------------  -----  ---------  --------  ----------  --------------  -------------------
/opt/airflow/dags/wikipedia/extract_data.py                           0           1  0.25s           2025-12-26T12:03:32
================================================================================
[2025-12-26T12:04:10.948+0000] {manager.py:878} INFO - 
================================================================================
DAG File Processing Stats

File Path                                    PID    Runtime      # DAGs    # Errors  Last Runtime    Last Run
-------------------------------------------  -----  ---------  --------  ----------  --------------  -------------------
/opt/airflow/dags/wikipedia/extract_data.py                           0           1  0.17s           2025-12-26T12:04:02
================================================================================
[2025-12-26T12:04:41.412+0000] {manager.py:878} INFO - 
================================================================================
DAG File Processing Stats

File Path                                    PID    Runtime      # DAGs    # Errors  Last Runtime    Last Run
-------------------------------------------  -----  ---------  --------  ----------  --------------  -------------------
/opt/airflow/dags/wikipedia/extract_data.py                           0           1  0.17s           2025-12-26T12:04:33
================================================================================
[2025-12-26T12:05:11.794+0000] {manager.py:878} INFO - 
================================================================================
DAG File Processing Stats

File Path                                    PID    Runtime      # DAGs    # Errors  Last Runtime    Last Run
-------------------------------------------  -----  ---------  --------  ----------  --------------  -------------------
/opt/airflow/dags/wikipedia/extract_data.py                           0           1  0.16s           2025-12-26T12:05:03
================================================================================
[2025-12-26T12:05:42.536+0000] {manager.py:878} INFO - 
================================================================================
DAG File Processing Stats

File Path                                    PID    Runtime      # DAGs    # Errors  Last Runtime    Last Run
-------------------------------------------  -----  ---------  --------  ----------  --------------  -------------------
/opt/airflow/dags/wikipedia/extract_data.py                           0           1  0.25s           2025-12-26T12:05:34
================================================================================
[2025-12-26T12:06:13.005+0000] {manager.py:878} INFO - 
================================================================================
DAG File Processing Stats

File Path                                    PID    Runtime      # DAGs    # Errors  Last Runtime    Last Run
-------------------------------------------  -----  ---------  --------  ----------  --------------  -------------------
/opt/airflow/dags/wikipedia/extract_data.py                           0           1  0.16s           2025-12-26T12:06:04
================================================================================
[2025-12-26T12:06:43.513+0000] {manager.py:878} INFO - 
================================================================================
DAG File Processing Stats

File Path                                    PID    Runtime      # DAGs    # Errors  Last Runtime    Last Run
-------------------------------------------  -----  ---------  --------  ----------  --------------  -------------------
/opt/airflow/dags/wikipedia/extract_data.py                           0           1  0.52s           2025-12-26T12:06:29
================================================================================
[2025-12-26T12:07:13.997+0000] {manager.py:878} INFO - 
================================================================================
DAG File Processing Stats

File Path                                    PID    Runtime      # DAGs    # Errors  Last Runtime    Last Run
-------------------------------------------  -----  ---------  --------  ----------  --------------  -------------------
/opt/airflow/dags/wikipedia/extract_data.py                           0           1  0.24s           2025-12-26T12:06:59
================================================================================
[2025-12-26T12:07:44.788+0000] {manager.py:878} INFO - 
================================================================================
DAG File Processing Stats

File Path                                    PID    Runtime      # DAGs    # Errors  Last Runtime    Last Run
-------------------------------------------  -----  ---------  --------  ----------  --------------  -------------------
/opt/airflow/dags/wikipedia/extract_data.py                           0           1  0.25s           2025-12-26T12:07:38
================================================================================
[2025-12-26T12:08:00.940+0000] {manager.py:737} INFO - Searching for files in /opt/airflow/dags
[2025-12-26T12:08:01.037+0000] {manager.py:740} INFO - There are 1 files in /opt/airflow/dags
[2025-12-26T12:08:15.238+0000] {manager.py:878} INFO - 
================================================================================
DAG File Processing Stats

File Path                                    PID    Runtime      # DAGs    # Errors  Last Runtime    Last Run
-------------------------------------------  -----  ---------  --------  ----------  --------------  -------------------
/opt/airflow/dags/wikipedia/extract_data.py                           0           1  0.60s           2025-12-26T12:07:57
================================================================================
[2025-12-26T12:08:45.986+0000] {manager.py:878} INFO - 
================================================================================
DAG File Processing Stats

File Path                                    PID    Runtime      # DAGs    # Errors  Last Runtime    Last Run
-------------------------------------------  -----  ---------  --------  ----------  --------------  -------------------
/opt/airflow/dags/wikipedia/extract_data.py                           0           1  0.43s           2025-12-26T12:08:27
================================================================================
[2025-12-26T12:09:16.546+0000] {manager.py:878} INFO - 
================================================================================
DAG File Processing Stats

File Path                                    PID    Runtime      # DAGs    # Errors  Last Runtime    Last Run
-------------------------------------------  -----  ---------  --------  ----------  --------------  -------------------
/opt/airflow/dags/wikipedia/extract_data.py                           0           1  0.29s           2025-12-26T12:08:58
================================================================================
[2025-12-26T12:09:47.091+0000] {manager.py:878} INFO - 
================================================================================
DAG File Processing Stats

File Path                                    PID    Runtime      # DAGs    # Errors  Last Runtime    Last Run
-------------------------------------------  -----  ---------  --------  ----------  --------------  -------------------
/opt/airflow/dags/wikipedia/extract_data.py                           0           1  0.25s           2025-12-26T12:09:29
================================================================================
[2025-12-26T12:10:17.410+0000] {manager.py:878} INFO - 
================================================================================
DAG File Processing Stats

File Path                                    PID    Runtime      # DAGs    # Errors  Last Runtime    Last Run
-------------------------------------------  -----  ---------  --------  ----------  --------------  -------------------
/opt/airflow/dags/wikipedia/extract_data.py                           0           1  0.18s           2025-12-26T12:09:59
================================================================================
[2025-12-26T12:10:47.570+0000] {manager.py:878} INFO - 
================================================================================
DAG File Processing Stats

File Path                                    PID    Runtime      # DAGs    # Errors  Last Runtime    Last Run
-------------------------------------------  -----  ---------  --------  ----------  --------------  -------------------
/opt/airflow/dags/wikipedia/extract_data.py                           0           1  0.37s           2025-12-26T12:10:30
================================================================================
[2025-12-26T12:11:17.941+0000] {manager.py:878} INFO - 
================================================================================
DAG File Processing Stats

File Path                                    PID    Runtime      # DAGs    # Errors  Last Runtime    Last Run
-------------------------------------------  -----  ---------  --------  ----------  --------------  -------------------
/opt/airflow/dags/wikipedia/extract_data.py                           0           1  1.44s           2025-12-26T12:11:02
================================================================================
[2025-12-26T12:11:48.566+0000] {manager.py:878} INFO - 
================================================================================
DAG File Processing Stats

File Path                                    PID    Runtime      # DAGs    # Errors  Last Runtime    Last Run
-------------------------------------------  -----  ---------  --------  ----------  --------------  -------------------
/opt/airflow/dags/wikipedia/extract_data.py                           0           1  0.42s           2025-12-26T12:11:33
================================================================================
[2025-12-26T12:12:18.783+0000] {manager.py:878} INFO - 
================================================================================
DAG File Processing Stats

File Path                                    PID    Runtime      # DAGs    # Errors  Last Runtime    Last Run
-------------------------------------------  -----  ---------  --------  ----------  --------------  -------------------
/opt/airflow/dags/wikipedia/extract_data.py                           0           1  0.51s           2025-12-26T12:12:04
================================================================================
[2025-12-26T12:12:49.393+0000] {manager.py:878} INFO - 
================================================================================
DAG File Processing Stats

File Path                                    PID    Runtime      # DAGs    # Errors  Last Runtime    Last Run
-------------------------------------------  -----  ---------  --------  ----------  --------------  -------------------
/opt/airflow/dags/wikipedia/extract_data.py                           0           1  0.33s           2025-12-26T12:12:35
================================================================================
[2025-12-26T12:13:01.580+0000] {manager.py:737} INFO - Searching for files in /opt/airflow/dags
[2025-12-26T12:13:01.785+0000] {manager.py:740} INFO - There are 1 files in /opt/airflow/dags
[2025-12-26T12:13:19.454+0000] {manager.py:878} INFO - 
================================================================================
DAG File Processing Stats

File Path                                    PID    Runtime      # DAGs    # Errors  Last Runtime    Last Run
-------------------------------------------  -----  ---------  --------  ----------  --------------  -------------------
/opt/airflow/dags/wikipedia/extract_data.py                           0           1  0.32s           2025-12-26T12:13:06
================================================================================
[2025-12-26T12:13:50.207+0000] {manager.py:878} INFO - 
================================================================================
DAG File Processing Stats

File Path                                    PID    Runtime      # DAGs    # Errors  Last Runtime    Last Run
-------------------------------------------  -----  ---------  --------  ----------  --------------  -------------------
/opt/airflow/dags/wikipedia/extract_data.py                           0           1  0.43s           2025-12-26T12:13:37
================================================================================
[2025-12-26T12:14:20.262+0000] {manager.py:878} INFO - 
================================================================================
DAG File Processing Stats

File Path                                    PID    Runtime      # DAGs    # Errors  Last Runtime    Last Run
-------------------------------------------  -----  ---------  --------  ----------  --------------  -------------------
/opt/airflow/dags/wikipedia/extract_data.py                           0           1  0.34s           2025-12-26T12:14:08
================================================================================
[2025-12-26T12:14:50.276+0000] {manager.py:878} INFO - 
================================================================================
DAG File Processing Stats

File Path                                    PID    Runtime      # DAGs    # Errors  Last Runtime    Last Run
-------------------------------------------  -----  ---------  --------  ----------  --------------  -------------------
/opt/airflow/dags/wikipedia/extract_data.py                           0           1  0.51s           2025-12-26T12:14:39
================================================================================
[2025-12-26T12:15:20.925+0000] {manager.py:878} INFO - 
================================================================================
DAG File Processing Stats

File Path                                    PID    Runtime      # DAGs    # Errors  Last Runtime    Last Run
-------------------------------------------  -----  ---------  --------  ----------  --------------  -------------------
/opt/airflow/dags/wikipedia/extract_data.py                           0           1  0.35s           2025-12-26T12:15:09
================================================================================
[2025-12-26T12:15:51.753+0000] {manager.py:878} INFO - 
================================================================================
DAG File Processing Stats

File Path                                      PID  Runtime      # DAGs    # Errors  Last Runtime    Last Run
-------------------------------------------  -----  ---------  --------  ----------  --------------  -------------------
/opt/airflow/dags/wikipedia/extract_data.py     71  0.01s             0           1  1.18s           2025-12-26T12:15:48
================================================================================
[2025-12-26T12:16:22.541+0000] {manager.py:878} INFO - 
================================================================================
DAG File Processing Stats

File Path                                      PID  Runtime      # DAGs    # Errors  Last Runtime    Last Run
-------------------------------------------  -----  ---------  --------  ----------  --------------  -------------------
/opt/airflow/dags/wikipedia/extract_data.py     72  0.02s             0           1  0.40s           2025-12-26T12:15:52
================================================================================
[2025-12-26T12:16:52.731+0000] {manager.py:878} INFO - 
================================================================================
DAG File Processing Stats

File Path                                    PID    Runtime      # DAGs    # Errors  Last Runtime    Last Run
-------------------------------------------  -----  ---------  --------  ----------  --------------  -------------------
/opt/airflow/dags/wikipedia/extract_data.py                           0           1  0.29s           2025-12-26T12:16:22
================================================================================
[2025-12-26T12:17:22.822+0000] {manager.py:878} INFO - 
================================================================================
DAG File Processing Stats

File Path                                    PID    Runtime      # DAGs    # Errors  Last Runtime    Last Run
-------------------------------------------  -----  ---------  --------  ----------  --------------  -------------------
/opt/airflow/dags/wikipedia/extract_data.py                           0           1  0.19s           2025-12-26T12:16:53
================================================================================
[2025-12-26T12:17:53.126+0000] {manager.py:878} INFO - 
================================================================================
DAG File Processing Stats

File Path                                    PID    Runtime      # DAGs    # Errors  Last Runtime    Last Run
-------------------------------------------  -----  ---------  --------  ----------  --------------  -------------------
/opt/airflow/dags/wikipedia/extract_data.py                           0           1  0.15s           2025-12-26T12:17:23
================================================================================
[2025-12-26T12:18:02.228+0000] {manager.py:737} INFO - Searching for files in /opt/airflow/dags
[2025-12-26T12:18:02.329+0000] {manager.py:740} INFO - There are 1 files in /opt/airflow/dags
[2025-12-26T12:18:23.542+0000] {manager.py:878} INFO - 
================================================================================
DAG File Processing Stats

File Path                                    PID    Runtime      # DAGs    # Errors  Last Runtime    Last Run
-------------------------------------------  -----  ---------  --------  ----------  --------------  -------------------
/opt/airflow/dags/wikipedia/extract_data.py                           0           1  0.13s           2025-12-26T12:17:54
================================================================================
[2025-12-26T12:18:53.962+0000] {manager.py:878} INFO - 
================================================================================
DAG File Processing Stats

File Path                                    PID    Runtime      # DAGs    # Errors  Last Runtime    Last Run
-------------------------------------------  -----  ---------  --------  ----------  --------------  -------------------
/opt/airflow/dags/wikipedia/extract_data.py                           0           1  0.18s           2025-12-26T12:18:24
================================================================================
[2025-12-26T12:19:24.494+0000] {manager.py:878} INFO - 
================================================================================
DAG File Processing Stats

File Path                                    PID    Runtime      # DAGs    # Errors  Last Runtime    Last Run
-------------------------------------------  -----  ---------  --------  ----------  --------------  -------------------
/opt/airflow/dags/wikipedia/extract_data.py                           0           1  0.21s           2025-12-26T12:18:55
================================================================================
[2025-12-26T12:19:54.946+0000] {manager.py:878} INFO - 
================================================================================
DAG File Processing Stats

File Path                                    PID    Runtime      # DAGs    # Errors  Last Runtime    Last Run
-------------------------------------------  -----  ---------  --------  ----------  --------------  -------------------
/opt/airflow/dags/wikipedia/extract_data.py                           0           1  0.37s           2025-12-26T12:19:25
================================================================================
[2025-12-26T12:20:25.442+0000] {manager.py:878} INFO - 
================================================================================
DAG File Processing Stats

File Path                                    PID    Runtime      # DAGs    # Errors  Last Runtime    Last Run
-------------------------------------------  -----  ---------  --------  ----------  --------------  -------------------
/opt/airflow/dags/wikipedia/extract_data.py                           0           1  0.22s           2025-12-26T12:19:56
================================================================================
[2025-12-26T12:20:56.074+0000] {manager.py:878} INFO - 
================================================================================
DAG File Processing Stats

File Path                                    PID    Runtime      # DAGs    # Errors  Last Runtime    Last Run
-------------------------------------------  -----  ---------  --------  ----------  --------------  -------------------
/opt/airflow/dags/wikipedia/extract_data.py                           0           1  0.15s           2025-12-26T12:20:26
================================================================================
[2025-12-26T12:21:26.461+0000] {manager.py:878} INFO - 
================================================================================
DAG File Processing Stats

File Path                                    PID    Runtime      # DAGs    # Errors  Last Runtime    Last Run
-------------------------------------------  -----  ---------  --------  ----------  --------------  -------------------
/opt/airflow/dags/wikipedia/extract_data.py                           0           1  0.26s           2025-12-26T12:20:57
================================================================================
[2025-12-26T12:21:56.636+0000] {manager.py:878} INFO - 
================================================================================
DAG File Processing Stats

File Path                                    PID    Runtime      # DAGs    # Errors  Last Runtime    Last Run
-------------------------------------------  -----  ---------  --------  ----------  --------------  -------------------
/opt/airflow/dags/wikipedia/extract_data.py                           0           1  0.19s           2025-12-26T12:21:27
================================================================================
[2025-12-26T12:22:27.218+0000] {manager.py:878} INFO - 
================================================================================
DAG File Processing Stats

File Path                                    PID    Runtime      # DAGs    # Errors  Last Runtime    Last Run
-------------------------------------------  -----  ---------  --------  ----------  --------------  -------------------
/opt/airflow/dags/wikipedia/extract_data.py                           0           1  0.34s           2025-12-26T12:21:58
================================================================================
[2025-12-26T12:22:57.231+0000] {manager.py:878} INFO - 
================================================================================
DAG File Processing Stats

File Path                                    PID    Runtime      # DAGs    # Errors  Last Runtime    Last Run
-------------------------------------------  -----  ---------  --------  ----------  --------------  -------------------
/opt/airflow/dags/wikipedia/extract_data.py                           0           1  0.29s           2025-12-26T12:22:28
================================================================================
[2025-12-26T12:23:02.512+0000] {manager.py:737} INFO - Searching for files in /opt/airflow/dags
[2025-12-26T12:23:02.692+0000] {manager.py:740} INFO - There are 1 files in /opt/airflow/dags
[2025-12-26T12:23:28.063+0000] {manager.py:878} INFO - 
================================================================================
DAG File Processing Stats

File Path                                    PID    Runtime      # DAGs    # Errors  Last Runtime    Last Run
-------------------------------------------  -----  ---------  --------  ----------  --------------  -------------------
/opt/airflow/dags/wikipedia/extract_data.py                           0           1  0.32s           2025-12-26T12:22:59
================================================================================
[2025-12-26T12:23:58.461+0000] {manager.py:878} INFO - 
================================================================================
DAG File Processing Stats

File Path                                    PID    Runtime      # DAGs    # Errors  Last Runtime    Last Run
-------------------------------------------  -----  ---------  --------  ----------  --------------  -------------------
/opt/airflow/dags/wikipedia/extract_data.py                           0           1  0.36s           2025-12-26T12:23:30
================================================================================
[2025-12-26T12:24:28.753+0000] {manager.py:878} INFO - 
================================================================================
DAG File Processing Stats

File Path                                    PID    Runtime      # DAGs    # Errors  Last Runtime    Last Run
-------------------------------------------  -----  ---------  --------  ----------  --------------  -------------------
/opt/airflow/dags/wikipedia/extract_data.py                           0           1  0.46s           2025-12-26T12:24:01
================================================================================
[2025-12-26T12:24:58.878+0000] {manager.py:878} INFO - 
================================================================================
DAG File Processing Stats

File Path                                    PID    Runtime      # DAGs    # Errors  Last Runtime    Last Run
-------------------------------------------  -----  ---------  --------  ----------  --------------  -------------------
/opt/airflow/dags/wikipedia/extract_data.py                           0           1  0.19s           2025-12-26T12:24:31
================================================================================
[2025-12-26T12:25:28.969+0000] {manager.py:878} INFO - 
================================================================================
DAG File Processing Stats

File Path                                    PID    Runtime      # DAGs    # Errors  Last Runtime    Last Run
-------------------------------------------  -----  ---------  --------  ----------  --------------  -------------------
/opt/airflow/dags/wikipedia/extract_data.py                           0           1  0.18s           2025-12-26T12:25:02
================================================================================
[2025-12-26T12:25:32.844+0000] {manager.py:452} INFO - Exiting gracefully upon receiving signal 15
