[2025-12-26T12:03:01.433+0000] {processor.py:161} INFO - Started process (PID=30) to work on /opt/airflow/dags/wikipedia/extract_data.py
[2025-12-26T12:03:01.437+0000] {processor.py:830} INFO - Processing file /opt/airflow/dags/wikipedia/extract_data.py for tasks to queue
[2025-12-26T12:03:01.494+0000] {logging_mixin.py:188} INFO - [2025-12-26T12:03:01.485+0000] {dagbag.py:540} INFO - Filling up the DagBag from /opt/airflow/dags/wikipedia/extract_data.py
[2025-12-26T12:03:01.644+0000] {logging_mixin.py:188} INFO - [2025-12-26T12:03:01.596+0000] {dagbag.py:350} ERROR - Failed to import: /opt/airflow/dags/wikipedia/extract_data.py
Traceback (most recent call last):
  File "/home/airflow/.local/lib/python3.12/site-packages/airflow/models/dagbag.py", line 346, in parse
    loader.exec_module(new_module)
  File "<frozen importlib._bootstrap_external>", line 991, in exec_module
  File "<frozen importlib._bootstrap_external>", line 1129, in get_code
  File "<frozen importlib._bootstrap_external>", line 1059, in source_to_code
  File "<frozen importlib._bootstrap>", line 488, in _call_with_frames_removed
  File "/opt/airflow/dags/wikipedia/extract_data.py", line 3
    from airflow.providers
                          ^
SyntaxError: invalid syntax
[2025-12-26T12:03:01.648+0000] {processor.py:842} WARNING - No viable dags retrieved from /opt/airflow/dags/wikipedia/extract_data.py
[2025-12-26T12:03:01.913+0000] {processor.py:183} INFO - Processing /opt/airflow/dags/wikipedia/extract_data.py took 0.593 seconds
[2025-12-26T12:03:32.509+0000] {processor.py:161} INFO - Started process (PID=31) to work on /opt/airflow/dags/wikipedia/extract_data.py
[2025-12-26T12:03:32.513+0000] {processor.py:830} INFO - Processing file /opt/airflow/dags/wikipedia/extract_data.py for tasks to queue
[2025-12-26T12:03:32.526+0000] {logging_mixin.py:188} INFO - [2025-12-26T12:03:32.524+0000] {dagbag.py:540} INFO - Filling up the DagBag from /opt/airflow/dags/wikipedia/extract_data.py
[2025-12-26T12:03:32.585+0000] {logging_mixin.py:188} INFO - [2025-12-26T12:03:32.580+0000] {dagbag.py:350} ERROR - Failed to import: /opt/airflow/dags/wikipedia/extract_data.py
Traceback (most recent call last):
  File "/home/airflow/.local/lib/python3.12/site-packages/airflow/models/dagbag.py", line 346, in parse
    loader.exec_module(new_module)
  File "<frozen importlib._bootstrap_external>", line 991, in exec_module
  File "<frozen importlib._bootstrap_external>", line 1129, in get_code
  File "<frozen importlib._bootstrap_external>", line 1059, in source_to_code
  File "<frozen importlib._bootstrap>", line 488, in _call_with_frames_removed
  File "/opt/airflow/dags/wikipedia/extract_data.py", line 3
    from airflow.providers
                          ^
SyntaxError: invalid syntax
[2025-12-26T12:03:32.586+0000] {processor.py:842} WARNING - No viable dags retrieved from /opt/airflow/dags/wikipedia/extract_data.py
[2025-12-26T12:03:32.689+0000] {processor.py:183} INFO - Processing /opt/airflow/dags/wikipedia/extract_data.py took 0.194 seconds
[2025-12-26T12:04:02.876+0000] {processor.py:161} INFO - Started process (PID=32) to work on /opt/airflow/dags/wikipedia/extract_data.py
[2025-12-26T12:04:02.878+0000] {processor.py:830} INFO - Processing file /opt/airflow/dags/wikipedia/extract_data.py for tasks to queue
[2025-12-26T12:04:02.882+0000] {logging_mixin.py:188} INFO - [2025-12-26T12:04:02.882+0000] {dagbag.py:540} INFO - Filling up the DagBag from /opt/airflow/dags/wikipedia/extract_data.py
[2025-12-26T12:04:02.929+0000] {logging_mixin.py:188} INFO - [2025-12-26T12:04:02.927+0000] {dagbag.py:350} ERROR - Failed to import: /opt/airflow/dags/wikipedia/extract_data.py
Traceback (most recent call last):
  File "/home/airflow/.local/lib/python3.12/site-packages/airflow/models/dagbag.py", line 346, in parse
    loader.exec_module(new_module)
  File "<frozen importlib._bootstrap_external>", line 991, in exec_module
  File "<frozen importlib._bootstrap_external>", line 1129, in get_code
  File "<frozen importlib._bootstrap_external>", line 1059, in source_to_code
  File "<frozen importlib._bootstrap>", line 488, in _call_with_frames_removed
  File "/opt/airflow/dags/wikipedia/extract_data.py", line 3
    from airflow.providers
                          ^
SyntaxError: invalid syntax
[2025-12-26T12:04:02.931+0000] {processor.py:842} WARNING - No viable dags retrieved from /opt/airflow/dags/wikipedia/extract_data.py
[2025-12-26T12:04:02.987+0000] {processor.py:183} INFO - Processing /opt/airflow/dags/wikipedia/extract_data.py took 0.124 seconds
[2025-12-26T12:04:33.283+0000] {processor.py:161} INFO - Started process (PID=33) to work on /opt/airflow/dags/wikipedia/extract_data.py
[2025-12-26T12:04:33.285+0000] {processor.py:830} INFO - Processing file /opt/airflow/dags/wikipedia/extract_data.py for tasks to queue
[2025-12-26T12:04:33.292+0000] {logging_mixin.py:188} INFO - [2025-12-26T12:04:33.291+0000] {dagbag.py:540} INFO - Filling up the DagBag from /opt/airflow/dags/wikipedia/extract_data.py
[2025-12-26T12:04:33.338+0000] {logging_mixin.py:188} INFO - [2025-12-26T12:04:33.334+0000] {dagbag.py:350} ERROR - Failed to import: /opt/airflow/dags/wikipedia/extract_data.py
Traceback (most recent call last):
  File "/home/airflow/.local/lib/python3.12/site-packages/airflow/models/dagbag.py", line 346, in parse
    loader.exec_module(new_module)
  File "<frozen importlib._bootstrap_external>", line 991, in exec_module
  File "<frozen importlib._bootstrap_external>", line 1129, in get_code
  File "<frozen importlib._bootstrap_external>", line 1059, in source_to_code
  File "<frozen importlib._bootstrap>", line 488, in _call_with_frames_removed
  File "/opt/airflow/dags/wikipedia/extract_data.py", line 3
    from airflow.providers
                          ^
SyntaxError: invalid syntax
[2025-12-26T12:04:33.339+0000] {processor.py:842} WARNING - No viable dags retrieved from /opt/airflow/dags/wikipedia/extract_data.py
[2025-12-26T12:04:33.385+0000] {processor.py:183} INFO - Processing /opt/airflow/dags/wikipedia/extract_data.py took 0.112 seconds
[2025-12-26T12:05:03.731+0000] {processor.py:161} INFO - Started process (PID=34) to work on /opt/airflow/dags/wikipedia/extract_data.py
[2025-12-26T12:05:03.734+0000] {processor.py:830} INFO - Processing file /opt/airflow/dags/wikipedia/extract_data.py for tasks to queue
[2025-12-26T12:05:03.738+0000] {logging_mixin.py:188} INFO - [2025-12-26T12:05:03.737+0000] {dagbag.py:540} INFO - Filling up the DagBag from /opt/airflow/dags/wikipedia/extract_data.py
[2025-12-26T12:05:03.785+0000] {logging_mixin.py:188} INFO - [2025-12-26T12:05:03.783+0000] {dagbag.py:350} ERROR - Failed to import: /opt/airflow/dags/wikipedia/extract_data.py
Traceback (most recent call last):
  File "/home/airflow/.local/lib/python3.12/site-packages/airflow/models/dagbag.py", line 346, in parse
    loader.exec_module(new_module)
  File "<frozen importlib._bootstrap_external>", line 991, in exec_module
  File "<frozen importlib._bootstrap_external>", line 1129, in get_code
  File "<frozen importlib._bootstrap_external>", line 1059, in source_to_code
  File "<frozen importlib._bootstrap>", line 488, in _call_with_frames_removed
  File "/opt/airflow/dags/wikipedia/extract_data.py", line 3
    from airflow.providers
                          ^
SyntaxError: invalid syntax
[2025-12-26T12:05:03.787+0000] {processor.py:842} WARNING - No viable dags retrieved from /opt/airflow/dags/wikipedia/extract_data.py
[2025-12-26T12:05:03.828+0000] {processor.py:183} INFO - Processing /opt/airflow/dags/wikipedia/extract_data.py took 0.106 seconds
[2025-12-26T12:05:34.287+0000] {processor.py:161} INFO - Started process (PID=35) to work on /opt/airflow/dags/wikipedia/extract_data.py
[2025-12-26T12:05:34.290+0000] {processor.py:830} INFO - Processing file /opt/airflow/dags/wikipedia/extract_data.py for tasks to queue
[2025-12-26T12:05:34.294+0000] {logging_mixin.py:188} INFO - [2025-12-26T12:05:34.293+0000] {dagbag.py:540} INFO - Filling up the DagBag from /opt/airflow/dags/wikipedia/extract_data.py
[2025-12-26T12:05:34.337+0000] {logging_mixin.py:188} INFO - [2025-12-26T12:05:34.334+0000] {dagbag.py:350} ERROR - Failed to import: /opt/airflow/dags/wikipedia/extract_data.py
Traceback (most recent call last):
  File "/home/airflow/.local/lib/python3.12/site-packages/airflow/models/dagbag.py", line 346, in parse
    loader.exec_module(new_module)
  File "<frozen importlib._bootstrap_external>", line 991, in exec_module
  File "<frozen importlib._bootstrap_external>", line 1129, in get_code
  File "<frozen importlib._bootstrap_external>", line 1059, in source_to_code
  File "<frozen importlib._bootstrap>", line 488, in _call_with_frames_removed
  File "/opt/airflow/dags/wikipedia/extract_data.py", line 3
    from airflow.providers
                          ^
SyntaxError: invalid syntax
[2025-12-26T12:05:34.338+0000] {processor.py:842} WARNING - No viable dags retrieved from /opt/airflow/dags/wikipedia/extract_data.py
[2025-12-26T12:05:34.477+0000] {processor.py:183} INFO - Processing /opt/airflow/dags/wikipedia/extract_data.py took 0.199 seconds
[2025-12-26T12:06:04.877+0000] {processor.py:161} INFO - Started process (PID=36) to work on /opt/airflow/dags/wikipedia/extract_data.py
[2025-12-26T12:06:04.879+0000] {processor.py:830} INFO - Processing file /opt/airflow/dags/wikipedia/extract_data.py for tasks to queue
[2025-12-26T12:06:04.884+0000] {logging_mixin.py:188} INFO - [2025-12-26T12:06:04.883+0000] {dagbag.py:540} INFO - Filling up the DagBag from /opt/airflow/dags/wikipedia/extract_data.py
[2025-12-26T12:06:04.935+0000] {logging_mixin.py:188} INFO - [2025-12-26T12:06:04.931+0000] {dagbag.py:350} ERROR - Failed to import: /opt/airflow/dags/wikipedia/extract_data.py
Traceback (most recent call last):
  File "/home/airflow/.local/lib/python3.12/site-packages/airflow/models/dagbag.py", line 346, in parse
    loader.exec_module(new_module)
  File "<frozen importlib._bootstrap_external>", line 991, in exec_module
  File "<frozen importlib._bootstrap_external>", line 1129, in get_code
  File "<frozen importlib._bootstrap_external>", line 1059, in source_to_code
  File "<frozen importlib._bootstrap>", line 488, in _call_with_frames_removed
  File "/opt/airflow/dags/wikipedia/extract_data.py", line 3
    from airflow.providers
                          ^
SyntaxError: invalid syntax
[2025-12-26T12:06:04.936+0000] {processor.py:842} WARNING - No viable dags retrieved from /opt/airflow/dags/wikipedia/extract_data.py
[2025-12-26T12:06:04.970+0000] {processor.py:183} INFO - Processing /opt/airflow/dags/wikipedia/extract_data.py took 0.106 seconds
[2025-12-26T12:06:18.290+0000] {processor.py:161} INFO - Started process (PID=37) to work on /opt/airflow/dags/wikipedia/extract_data.py
[2025-12-26T12:06:18.294+0000] {processor.py:830} INFO - Processing file /opt/airflow/dags/wikipedia/extract_data.py for tasks to queue
[2025-12-26T12:06:18.301+0000] {logging_mixin.py:188} INFO - [2025-12-26T12:06:18.299+0000] {dagbag.py:540} INFO - Filling up the DagBag from /opt/airflow/dags/wikipedia/extract_data.py
[2025-12-26T12:06:18.376+0000] {logging_mixin.py:188} INFO - [2025-12-26T12:06:18.373+0000] {dagbag.py:350} ERROR - Failed to import: /opt/airflow/dags/wikipedia/extract_data.py
Traceback (most recent call last):
  File "/home/airflow/.local/lib/python3.12/site-packages/airflow/models/dagbag.py", line 346, in parse
    loader.exec_module(new_module)
  File "<frozen importlib._bootstrap_external>", line 991, in exec_module
  File "<frozen importlib._bootstrap_external>", line 1129, in get_code
  File "<frozen importlib._bootstrap_external>", line 1059, in source_to_code
  File "<frozen importlib._bootstrap>", line 488, in _call_with_frames_removed
  File "/opt/airflow/dags/wikipedia/extract_data.py", line 3
    from airflow.providers.sta
                              ^
SyntaxError: invalid syntax
[2025-12-26T12:06:18.378+0000] {processor.py:842} WARNING - No viable dags retrieved from /opt/airflow/dags/wikipedia/extract_data.py
[2025-12-26T12:06:18.473+0000] {processor.py:183} INFO - Processing /opt/airflow/dags/wikipedia/extract_data.py took 0.196 seconds
[2025-12-26T12:06:22.321+0000] {processor.py:161} INFO - Started process (PID=38) to work on /opt/airflow/dags/wikipedia/extract_data.py
[2025-12-26T12:06:22.327+0000] {processor.py:830} INFO - Processing file /opt/airflow/dags/wikipedia/extract_data.py for tasks to queue
[2025-12-26T12:06:22.347+0000] {logging_mixin.py:188} INFO - [2025-12-26T12:06:22.340+0000] {dagbag.py:540} INFO - Filling up the DagBag from /opt/airflow/dags/wikipedia/extract_data.py
[2025-12-26T12:06:22.508+0000] {logging_mixin.py:188} INFO - [2025-12-26T12:06:22.504+0000] {dagbag.py:350} ERROR - Failed to import: /opt/airflow/dags/wikipedia/extract_data.py
Traceback (most recent call last):
  File "/home/airflow/.local/lib/python3.12/site-packages/airflow/models/dagbag.py", line 346, in parse
    loader.exec_module(new_module)
  File "<frozen importlib._bootstrap_external>", line 991, in exec_module
  File "<frozen importlib._bootstrap_external>", line 1129, in get_code
  File "<frozen importlib._bootstrap_external>", line 1059, in source_to_code
  File "<frozen importlib._bootstrap>", line 488, in _call_with_frames_removed
  File "/opt/airflow/dags/wikipedia/extract_data.py", line 3
    from airflow.providers.standards.
                                     ^
SyntaxError: invalid syntax
[2025-12-26T12:06:22.510+0000] {processor.py:842} WARNING - No viable dags retrieved from /opt/airflow/dags/wikipedia/extract_data.py
[2025-12-26T12:06:22.602+0000] {processor.py:183} INFO - Processing /opt/airflow/dags/wikipedia/extract_data.py took 0.306 seconds
[2025-12-26T12:06:24.806+0000] {processor.py:161} INFO - Started process (PID=39) to work on /opt/airflow/dags/wikipedia/extract_data.py
[2025-12-26T12:06:24.814+0000] {processor.py:830} INFO - Processing file /opt/airflow/dags/wikipedia/extract_data.py for tasks to queue
[2025-12-26T12:06:24.822+0000] {logging_mixin.py:188} INFO - [2025-12-26T12:06:24.820+0000] {dagbag.py:540} INFO - Filling up the DagBag from /opt/airflow/dags/wikipedia/extract_data.py
[2025-12-26T12:06:24.901+0000] {logging_mixin.py:188} INFO - [2025-12-26T12:06:24.898+0000] {dagbag.py:350} ERROR - Failed to import: /opt/airflow/dags/wikipedia/extract_data.py
Traceback (most recent call last):
  File "/home/airflow/.local/lib/python3.12/site-packages/airflow/models/dagbag.py", line 346, in parse
    loader.exec_module(new_module)
  File "<frozen importlib._bootstrap_external>", line 991, in exec_module
  File "<frozen importlib._bootstrap_external>", line 1129, in get_code
  File "<frozen importlib._bootstrap_external>", line 1059, in source_to_code
  File "<frozen importlib._bootstrap>", line 488, in _call_with_frames_removed
  File "/opt/airflow/dags/wikipedia/extract_data.py", line 3
    from airflow.providers.standards.operat
                                           ^
SyntaxError: invalid syntax
[2025-12-26T12:06:24.905+0000] {processor.py:842} WARNING - No viable dags retrieved from /opt/airflow/dags/wikipedia/extract_data.py
[2025-12-26T12:06:24.985+0000] {processor.py:183} INFO - Processing /opt/airflow/dags/wikipedia/extract_data.py took 0.202 seconds
[2025-12-26T12:06:26.464+0000] {processor.py:161} INFO - Started process (PID=40) to work on /opt/airflow/dags/wikipedia/extract_data.py
[2025-12-26T12:06:26.469+0000] {processor.py:830} INFO - Processing file /opt/airflow/dags/wikipedia/extract_data.py for tasks to queue
[2025-12-26T12:06:26.485+0000] {logging_mixin.py:188} INFO - [2025-12-26T12:06:26.484+0000] {dagbag.py:540} INFO - Filling up the DagBag from /opt/airflow/dags/wikipedia/extract_data.py
[2025-12-26T12:06:26.858+0000] {logging_mixin.py:188} INFO - [2025-12-26T12:06:26.854+0000] {dagbag.py:350} ERROR - Failed to import: /opt/airflow/dags/wikipedia/extract_data.py
Traceback (most recent call last):
  File "/home/airflow/.local/lib/python3.12/site-packages/airflow/models/dagbag.py", line 346, in parse
    loader.exec_module(new_module)
  File "<frozen importlib._bootstrap_external>", line 991, in exec_module
  File "<frozen importlib._bootstrap_external>", line 1129, in get_code
  File "<frozen importlib._bootstrap_external>", line 1059, in source_to_code
  File "<frozen importlib._bootstrap>", line 488, in _call_with_frames_removed
  File "/opt/airflow/dags/wikipedia/extract_data.py", line 3
    from airflow.providers.standards.operato
                                            ^
SyntaxError: invalid syntax
[2025-12-26T12:06:26.867+0000] {processor.py:842} WARNING - No viable dags retrieved from /opt/airflow/dags/wikipedia/extract_data.py
[2025-12-26T12:06:27.004+0000] {processor.py:183} INFO - Processing /opt/airflow/dags/wikipedia/extract_data.py took 0.591 seconds
[2025-12-26T12:06:29.055+0000] {processor.py:161} INFO - Started process (PID=41) to work on /opt/airflow/dags/wikipedia/extract_data.py
[2025-12-26T12:06:29.067+0000] {processor.py:830} INFO - Processing file /opt/airflow/dags/wikipedia/extract_data.py for tasks to queue
[2025-12-26T12:06:29.092+0000] {logging_mixin.py:188} INFO - [2025-12-26T12:06:29.090+0000] {dagbag.py:540} INFO - Filling up the DagBag from /opt/airflow/dags/wikipedia/extract_data.py
[2025-12-26T12:06:29.307+0000] {logging_mixin.py:188} INFO - [2025-12-26T12:06:29.303+0000] {dagbag.py:350} ERROR - Failed to import: /opt/airflow/dags/wikipedia/extract_data.py
Traceback (most recent call last):
  File "/home/airflow/.local/lib/python3.12/site-packages/airflow/models/dagbag.py", line 346, in parse
    loader.exec_module(new_module)
  File "<frozen importlib._bootstrap_external>", line 991, in exec_module
  File "<frozen importlib._bootstrap_external>", line 1129, in get_code
  File "<frozen importlib._bootstrap_external>", line 1059, in source_to_code
  File "<frozen importlib._bootstrap>", line 488, in _call_with_frames_removed
  File "/opt/airflow/dags/wikipedia/extract_data.py", line 3
    from airflow.providers.standards.operators
                                              ^
SyntaxError: invalid syntax
[2025-12-26T12:06:29.312+0000] {processor.py:842} WARNING - No viable dags retrieved from /opt/airflow/dags/wikipedia/extract_data.py
[2025-12-26T12:06:29.390+0000] {processor.py:183} INFO - Processing /opt/airflow/dags/wikipedia/extract_data.py took 0.358 seconds
[2025-12-26T12:06:59.825+0000] {processor.py:161} INFO - Started process (PID=42) to work on /opt/airflow/dags/wikipedia/extract_data.py
[2025-12-26T12:06:59.829+0000] {processor.py:830} INFO - Processing file /opt/airflow/dags/wikipedia/extract_data.py for tasks to queue
[2025-12-26T12:06:59.837+0000] {logging_mixin.py:188} INFO - [2025-12-26T12:06:59.836+0000] {dagbag.py:540} INFO - Filling up the DagBag from /opt/airflow/dags/wikipedia/extract_data.py
[2025-12-26T12:06:59.904+0000] {logging_mixin.py:188} INFO - [2025-12-26T12:06:59.901+0000] {dagbag.py:350} ERROR - Failed to import: /opt/airflow/dags/wikipedia/extract_data.py
Traceback (most recent call last):
  File "/home/airflow/.local/lib/python3.12/site-packages/airflow/models/dagbag.py", line 346, in parse
    loader.exec_module(new_module)
  File "<frozen importlib._bootstrap_external>", line 991, in exec_module
  File "<frozen importlib._bootstrap_external>", line 1129, in get_code
  File "<frozen importlib._bootstrap_external>", line 1059, in source_to_code
  File "<frozen importlib._bootstrap>", line 488, in _call_with_frames_removed
  File "/opt/airflow/dags/wikipedia/extract_data.py", line 3
    from airflow.providers.standards.operators
                                              ^
SyntaxError: invalid syntax
[2025-12-26T12:06:59.906+0000] {processor.py:842} WARNING - No viable dags retrieved from /opt/airflow/dags/wikipedia/extract_data.py
[2025-12-26T12:06:59.959+0000] {processor.py:183} INFO - Processing /opt/airflow/dags/wikipedia/extract_data.py took 0.157 seconds
[2025-12-26T12:07:29.246+0000] {processor.py:161} INFO - Started process (PID=43) to work on /opt/airflow/dags/wikipedia/extract_data.py
[2025-12-26T12:07:29.248+0000] {processor.py:830} INFO - Processing file /opt/airflow/dags/wikipedia/extract_data.py for tasks to queue
[2025-12-26T12:07:29.251+0000] {logging_mixin.py:188} INFO - [2025-12-26T12:07:29.250+0000] {dagbag.py:540} INFO - Filling up the DagBag from /opt/airflow/dags/wikipedia/extract_data.py
[2025-12-26T12:07:29.313+0000] {logging_mixin.py:188} INFO - [2025-12-26T12:07:29.312+0000] {dagbag.py:350} ERROR - Failed to import: /opt/airflow/dags/wikipedia/extract_data.py
Traceback (most recent call last):
  File "/home/airflow/.local/lib/python3.12/site-packages/airflow/models/dagbag.py", line 346, in parse
    loader.exec_module(new_module)
  File "<frozen importlib._bootstrap_external>", line 991, in exec_module
  File "<frozen importlib._bootstrap_external>", line 1129, in get_code
  File "<frozen importlib._bootstrap_external>", line 1059, in source_to_code
  File "<frozen importlib._bootstrap>", line 488, in _call_with_frames_removed
  File "/opt/airflow/dags/wikipedia/extract_data.py", line 3
    from airflow.providers.standard.operators
                                             ^
SyntaxError: invalid syntax
[2025-12-26T12:07:29.314+0000] {processor.py:842} WARNING - No viable dags retrieved from /opt/airflow/dags/wikipedia/extract_data.py
[2025-12-26T12:07:29.352+0000] {processor.py:183} INFO - Processing /opt/airflow/dags/wikipedia/extract_data.py took 0.117 seconds
[2025-12-26T12:07:32.414+0000] {processor.py:161} INFO - Started process (PID=44) to work on /opt/airflow/dags/wikipedia/extract_data.py
[2025-12-26T12:07:32.416+0000] {processor.py:830} INFO - Processing file /opt/airflow/dags/wikipedia/extract_data.py for tasks to queue
[2025-12-26T12:07:32.421+0000] {logging_mixin.py:188} INFO - [2025-12-26T12:07:32.420+0000] {dagbag.py:540} INFO - Filling up the DagBag from /opt/airflow/dags/wikipedia/extract_data.py
[2025-12-26T12:07:32.481+0000] {logging_mixin.py:188} INFO - [2025-12-26T12:07:32.479+0000] {dagbag.py:350} ERROR - Failed to import: /opt/airflow/dags/wikipedia/extract_data.py
Traceback (most recent call last):
  File "/home/airflow/.local/lib/python3.12/site-packages/airflow/models/dagbag.py", line 346, in parse
    loader.exec_module(new_module)
  File "<frozen importlib._bootstrap_external>", line 991, in exec_module
  File "<frozen importlib._bootstrap_external>", line 1129, in get_code
  File "<frozen importlib._bootstrap_external>", line 1059, in source_to_code
  File "<frozen importlib._bootstrap>", line 488, in _call_with_frames_removed
  File "/opt/airflow/dags/wikipedia/extract_data.py", line 3
    from airflow.providers.standard.operators.py
                                                ^
SyntaxError: invalid syntax
[2025-12-26T12:07:32.482+0000] {processor.py:842} WARNING - No viable dags retrieved from /opt/airflow/dags/wikipedia/extract_data.py
[2025-12-26T12:07:32.532+0000] {processor.py:183} INFO - Processing /opt/airflow/dags/wikipedia/extract_data.py took 0.134 seconds
[2025-12-26T12:07:35.548+0000] {processor.py:161} INFO - Started process (PID=45) to work on /opt/airflow/dags/wikipedia/extract_data.py
[2025-12-26T12:07:35.550+0000] {processor.py:830} INFO - Processing file /opt/airflow/dags/wikipedia/extract_data.py for tasks to queue
[2025-12-26T12:07:35.567+0000] {logging_mixin.py:188} INFO - [2025-12-26T12:07:35.565+0000] {dagbag.py:540} INFO - Filling up the DagBag from /opt/airflow/dags/wikipedia/extract_data.py
[2025-12-26T12:07:35.813+0000] {logging_mixin.py:188} INFO - [2025-12-26T12:07:35.802+0000] {dagbag.py:350} ERROR - Failed to import: /opt/airflow/dags/wikipedia/extract_data.py
Traceback (most recent call last):
  File "/home/airflow/.local/lib/python3.12/site-packages/airflow/models/dagbag.py", line 346, in parse
    loader.exec_module(new_module)
  File "<frozen importlib._bootstrap_external>", line 991, in exec_module
  File "<frozen importlib._bootstrap_external>", line 1129, in get_code
  File "<frozen importlib._bootstrap_external>", line 1059, in source_to_code
  File "<frozen importlib._bootstrap>", line 488, in _call_with_frames_removed
  File "/opt/airflow/dags/wikipedia/extract_data.py", line 3
    from airflow.providers.standard.operators.python 
                                                     ^
SyntaxError: invalid syntax
[2025-12-26T12:07:35.817+0000] {processor.py:842} WARNING - No viable dags retrieved from /opt/airflow/dags/wikipedia/extract_data.py
[2025-12-26T12:07:35.885+0000] {processor.py:183} INFO - Processing /opt/airflow/dags/wikipedia/extract_data.py took 0.354 seconds
[2025-12-26T12:07:38.758+0000] {processor.py:161} INFO - Started process (PID=46) to work on /opt/airflow/dags/wikipedia/extract_data.py
[2025-12-26T12:07:38.761+0000] {processor.py:830} INFO - Processing file /opt/airflow/dags/wikipedia/extract_data.py for tasks to queue
[2025-12-26T12:07:38.777+0000] {logging_mixin.py:188} INFO - [2025-12-26T12:07:38.776+0000] {dagbag.py:540} INFO - Filling up the DagBag from /opt/airflow/dags/wikipedia/extract_data.py
[2025-12-26T12:07:38.858+0000] {logging_mixin.py:188} INFO - [2025-12-26T12:07:38.854+0000] {dagbag.py:350} ERROR - Failed to import: /opt/airflow/dags/wikipedia/extract_data.py
Traceback (most recent call last):
  File "/home/airflow/.local/lib/python3.12/site-packages/airflow/models/dagbag.py", line 346, in parse
    loader.exec_module(new_module)
  File "<frozen importlib._bootstrap_external>", line 991, in exec_module
  File "<frozen importlib._bootstrap_external>", line 1129, in get_code
  File "<frozen importlib._bootstrap_external>", line 1059, in source_to_code
  File "<frozen importlib._bootstrap>", line 488, in _call_with_frames_removed
  File "/opt/airflow/dags/wikipedia/extract_data.py", line 3
    from airflow.providers.standard.operators.python import
                                                           ^
SyntaxError: invalid syntax
[2025-12-26T12:07:38.861+0000] {processor.py:842} WARNING - No viable dags retrieved from /opt/airflow/dags/wikipedia/extract_data.py
[2025-12-26T12:07:38.913+0000] {processor.py:183} INFO - Processing /opt/airflow/dags/wikipedia/extract_data.py took 0.175 seconds
[2025-12-26T12:07:50.018+0000] {processor.py:161} INFO - Started process (PID=47) to work on /opt/airflow/dags/wikipedia/extract_data.py
[2025-12-26T12:07:50.020+0000] {processor.py:830} INFO - Processing file /opt/airflow/dags/wikipedia/extract_data.py for tasks to queue
[2025-12-26T12:07:50.028+0000] {logging_mixin.py:188} INFO - [2025-12-26T12:07:50.026+0000] {dagbag.py:540} INFO - Filling up the DagBag from /opt/airflow/dags/wikipedia/extract_data.py
[2025-12-26T12:07:50.138+0000] {logging_mixin.py:188} INFO - [2025-12-26T12:07:50.117+0000] {dagbag.py:350} ERROR - Failed to import: /opt/airflow/dags/wikipedia/extract_data.py
Traceback (most recent call last):
  File "/home/airflow/.local/lib/python3.12/site-packages/airflow/models/dagbag.py", line 346, in parse
    loader.exec_module(new_module)
  File "<frozen importlib._bootstrap_external>", line 995, in exec_module
  File "<frozen importlib._bootstrap>", line 488, in _call_with_frames_removed
  File "/opt/airflow/dags/wikipedia/extract_data.py", line 1, in <module>
    from airflow.sdk import DAG
ModuleNotFoundError: No module named 'airflow.sdk'
[2025-12-26T12:07:50.147+0000] {processor.py:842} WARNING - No viable dags retrieved from /opt/airflow/dags/wikipedia/extract_data.py
[2025-12-26T12:07:50.202+0000] {processor.py:183} INFO - Processing /opt/airflow/dags/wikipedia/extract_data.py took 0.198 seconds
[2025-12-26T12:07:51.177+0000] {processor.py:161} INFO - Started process (PID=48) to work on /opt/airflow/dags/wikipedia/extract_data.py
[2025-12-26T12:07:51.181+0000] {processor.py:830} INFO - Processing file /opt/airflow/dags/wikipedia/extract_data.py for tasks to queue
[2025-12-26T12:07:51.192+0000] {logging_mixin.py:188} INFO - [2025-12-26T12:07:51.188+0000] {dagbag.py:540} INFO - Filling up the DagBag from /opt/airflow/dags/wikipedia/extract_data.py
[2025-12-26T12:07:51.388+0000] {logging_mixin.py:188} INFO - [2025-12-26T12:07:51.369+0000] {dagbag.py:350} ERROR - Failed to import: /opt/airflow/dags/wikipedia/extract_data.py
Traceback (most recent call last):
  File "/home/airflow/.local/lib/python3.12/site-packages/airflow/models/dagbag.py", line 346, in parse
    loader.exec_module(new_module)
  File "<frozen importlib._bootstrap_external>", line 995, in exec_module
  File "<frozen importlib._bootstrap>", line 488, in _call_with_frames_removed
  File "/opt/airflow/dags/wikipedia/extract_data.py", line 1, in <module>
    from airflow.sdk import DAG
ModuleNotFoundError: No module named 'airflow.sdk'
[2025-12-26T12:07:51.395+0000] {processor.py:842} WARNING - No viable dags retrieved from /opt/airflow/dags/wikipedia/extract_data.py
[2025-12-26T12:07:51.454+0000] {processor.py:183} INFO - Processing /opt/airflow/dags/wikipedia/extract_data.py took 0.300 seconds
[2025-12-26T12:07:54.386+0000] {processor.py:161} INFO - Started process (PID=49) to work on /opt/airflow/dags/wikipedia/extract_data.py
[2025-12-26T12:07:54.390+0000] {processor.py:830} INFO - Processing file /opt/airflow/dags/wikipedia/extract_data.py for tasks to queue
[2025-12-26T12:07:54.395+0000] {logging_mixin.py:188} INFO - [2025-12-26T12:07:54.394+0000] {dagbag.py:540} INFO - Filling up the DagBag from /opt/airflow/dags/wikipedia/extract_data.py
[2025-12-26T12:07:54.496+0000] {logging_mixin.py:188} INFO - [2025-12-26T12:07:54.482+0000] {dagbag.py:350} ERROR - Failed to import: /opt/airflow/dags/wikipedia/extract_data.py
Traceback (most recent call last):
  File "/home/airflow/.local/lib/python3.12/site-packages/airflow/models/dagbag.py", line 346, in parse
    loader.exec_module(new_module)
  File "<frozen importlib._bootstrap_external>", line 995, in exec_module
  File "<frozen importlib._bootstrap>", line 488, in _call_with_frames_removed
  File "/opt/airflow/dags/wikipedia/extract_data.py", line 1, in <module>
    from airflow.sdk import DAG
ModuleNotFoundError: No module named 'airflow.sdk'
[2025-12-26T12:07:54.502+0000] {processor.py:842} WARNING - No viable dags retrieved from /opt/airflow/dags/wikipedia/extract_data.py
[2025-12-26T12:07:54.563+0000] {processor.py:183} INFO - Processing /opt/airflow/dags/wikipedia/extract_data.py took 0.192 seconds
[2025-12-26T12:07:55.681+0000] {processor.py:161} INFO - Started process (PID=50) to work on /opt/airflow/dags/wikipedia/extract_data.py
[2025-12-26T12:07:55.684+0000] {processor.py:830} INFO - Processing file /opt/airflow/dags/wikipedia/extract_data.py for tasks to queue
[2025-12-26T12:07:55.692+0000] {logging_mixin.py:188} INFO - [2025-12-26T12:07:55.691+0000] {dagbag.py:540} INFO - Filling up the DagBag from /opt/airflow/dags/wikipedia/extract_data.py
[2025-12-26T12:07:55.776+0000] {logging_mixin.py:188} INFO - [2025-12-26T12:07:55.763+0000] {dagbag.py:350} ERROR - Failed to import: /opt/airflow/dags/wikipedia/extract_data.py
Traceback (most recent call last):
  File "/home/airflow/.local/lib/python3.12/site-packages/airflow/models/dagbag.py", line 346, in parse
    loader.exec_module(new_module)
  File "<frozen importlib._bootstrap_external>", line 995, in exec_module
  File "<frozen importlib._bootstrap>", line 488, in _call_with_frames_removed
  File "/opt/airflow/dags/wikipedia/extract_data.py", line 1, in <module>
    from airflow.sdk import DAG
ModuleNotFoundError: No module named 'airflow.sdk'
[2025-12-26T12:07:55.780+0000] {processor.py:842} WARNING - No viable dags retrieved from /opt/airflow/dags/wikipedia/extract_data.py
[2025-12-26T12:07:55.821+0000] {processor.py:183} INFO - Processing /opt/airflow/dags/wikipedia/extract_data.py took 0.157 seconds
[2025-12-26T12:07:56.811+0000] {processor.py:161} INFO - Started process (PID=51) to work on /opt/airflow/dags/wikipedia/extract_data.py
[2025-12-26T12:07:56.817+0000] {processor.py:830} INFO - Processing file /opt/airflow/dags/wikipedia/extract_data.py for tasks to queue
[2025-12-26T12:07:56.851+0000] {logging_mixin.py:188} INFO - [2025-12-26T12:07:56.850+0000] {dagbag.py:540} INFO - Filling up the DagBag from /opt/airflow/dags/wikipedia/extract_data.py
[2025-12-26T12:07:57.180+0000] {logging_mixin.py:188} INFO - [2025-12-26T12:07:57.164+0000] {dagbag.py:350} ERROR - Failed to import: /opt/airflow/dags/wikipedia/extract_data.py
Traceback (most recent call last):
  File "/home/airflow/.local/lib/python3.12/site-packages/airflow/models/dagbag.py", line 346, in parse
    loader.exec_module(new_module)
  File "<frozen importlib._bootstrap_external>", line 995, in exec_module
  File "<frozen importlib._bootstrap>", line 488, in _call_with_frames_removed
  File "/opt/airflow/dags/wikipedia/extract_data.py", line 1, in <module>
    from airflow.sdk import DAG
ModuleNotFoundError: No module named 'airflow.sdk'
[2025-12-26T12:07:57.187+0000] {processor.py:842} WARNING - No viable dags retrieved from /opt/airflow/dags/wikipedia/extract_data.py
[2025-12-26T12:07:57.265+0000] {processor.py:183} INFO - Processing /opt/airflow/dags/wikipedia/extract_data.py took 0.484 seconds
[2025-12-26T12:08:27.768+0000] {processor.py:161} INFO - Started process (PID=52) to work on /opt/airflow/dags/wikipedia/extract_data.py
[2025-12-26T12:08:27.776+0000] {processor.py:830} INFO - Processing file /opt/airflow/dags/wikipedia/extract_data.py for tasks to queue
[2025-12-26T12:08:27.801+0000] {logging_mixin.py:188} INFO - [2025-12-26T12:08:27.800+0000] {dagbag.py:540} INFO - Filling up the DagBag from /opt/airflow/dags/wikipedia/extract_data.py
[2025-12-26T12:08:27.890+0000] {logging_mixin.py:188} INFO - [2025-12-26T12:08:27.869+0000] {dagbag.py:350} ERROR - Failed to import: /opt/airflow/dags/wikipedia/extract_data.py
Traceback (most recent call last):
  File "/home/airflow/.local/lib/python3.12/site-packages/airflow/models/dagbag.py", line 346, in parse
    loader.exec_module(new_module)
  File "<frozen importlib._bootstrap_external>", line 995, in exec_module
  File "<frozen importlib._bootstrap>", line 488, in _call_with_frames_removed
  File "/opt/airflow/dags/wikipedia/extract_data.py", line 1, in <module>
    from airflow.sdk import DAG
ModuleNotFoundError: No module named 'airflow.sdk'
[2025-12-26T12:08:27.897+0000] {processor.py:842} WARNING - No viable dags retrieved from /opt/airflow/dags/wikipedia/extract_data.py
[2025-12-26T12:08:27.969+0000] {processor.py:183} INFO - Processing /opt/airflow/dags/wikipedia/extract_data.py took 0.270 seconds
[2025-12-26T12:08:58.251+0000] {processor.py:161} INFO - Started process (PID=53) to work on /opt/airflow/dags/wikipedia/extract_data.py
[2025-12-26T12:08:58.253+0000] {processor.py:830} INFO - Processing file /opt/airflow/dags/wikipedia/extract_data.py for tasks to queue
[2025-12-26T12:08:58.262+0000] {logging_mixin.py:188} INFO - [2025-12-26T12:08:58.259+0000] {dagbag.py:540} INFO - Filling up the DagBag from /opt/airflow/dags/wikipedia/extract_data.py
[2025-12-26T12:08:58.360+0000] {logging_mixin.py:188} INFO - [2025-12-26T12:08:58.342+0000] {dagbag.py:350} ERROR - Failed to import: /opt/airflow/dags/wikipedia/extract_data.py
Traceback (most recent call last):
  File "/home/airflow/.local/lib/python3.12/site-packages/airflow/models/dagbag.py", line 346, in parse
    loader.exec_module(new_module)
  File "<frozen importlib._bootstrap_external>", line 995, in exec_module
  File "<frozen importlib._bootstrap>", line 488, in _call_with_frames_removed
  File "/opt/airflow/dags/wikipedia/extract_data.py", line 1, in <module>
    from airflow.sdk import DAG
ModuleNotFoundError: No module named 'airflow.sdk'
[2025-12-26T12:08:58.368+0000] {processor.py:842} WARNING - No viable dags retrieved from /opt/airflow/dags/wikipedia/extract_data.py
[2025-12-26T12:08:58.433+0000] {processor.py:183} INFO - Processing /opt/airflow/dags/wikipedia/extract_data.py took 0.201 seconds
[2025-12-26T12:09:28.861+0000] {processor.py:161} INFO - Started process (PID=54) to work on /opt/airflow/dags/wikipedia/extract_data.py
[2025-12-26T12:09:28.864+0000] {processor.py:830} INFO - Processing file /opt/airflow/dags/wikipedia/extract_data.py for tasks to queue
[2025-12-26T12:09:28.869+0000] {logging_mixin.py:188} INFO - [2025-12-26T12:09:28.868+0000] {dagbag.py:540} INFO - Filling up the DagBag from /opt/airflow/dags/wikipedia/extract_data.py
[2025-12-26T12:09:28.953+0000] {logging_mixin.py:188} INFO - [2025-12-26T12:09:28.933+0000] {dagbag.py:350} ERROR - Failed to import: /opt/airflow/dags/wikipedia/extract_data.py
Traceback (most recent call last):
  File "/home/airflow/.local/lib/python3.12/site-packages/airflow/models/dagbag.py", line 346, in parse
    loader.exec_module(new_module)
  File "<frozen importlib._bootstrap_external>", line 995, in exec_module
  File "<frozen importlib._bootstrap>", line 488, in _call_with_frames_removed
  File "/opt/airflow/dags/wikipedia/extract_data.py", line 1, in <module>
    from airflow.sdk import DAG
ModuleNotFoundError: No module named 'airflow.sdk'
[2025-12-26T12:09:28.959+0000] {processor.py:842} WARNING - No viable dags retrieved from /opt/airflow/dags/wikipedia/extract_data.py
[2025-12-26T12:09:29.019+0000] {processor.py:183} INFO - Processing /opt/airflow/dags/wikipedia/extract_data.py took 0.178 seconds
[2025-12-26T12:09:59.284+0000] {processor.py:161} INFO - Started process (PID=55) to work on /opt/airflow/dags/wikipedia/extract_data.py
[2025-12-26T12:09:59.286+0000] {processor.py:830} INFO - Processing file /opt/airflow/dags/wikipedia/extract_data.py for tasks to queue
[2025-12-26T12:09:59.289+0000] {logging_mixin.py:188} INFO - [2025-12-26T12:09:59.289+0000] {dagbag.py:540} INFO - Filling up the DagBag from /opt/airflow/dags/wikipedia/extract_data.py
[2025-12-26T12:09:59.349+0000] {logging_mixin.py:188} INFO - [2025-12-26T12:09:59.336+0000] {dagbag.py:350} ERROR - Failed to import: /opt/airflow/dags/wikipedia/extract_data.py
Traceback (most recent call last):
  File "/home/airflow/.local/lib/python3.12/site-packages/airflow/models/dagbag.py", line 346, in parse
    loader.exec_module(new_module)
  File "<frozen importlib._bootstrap_external>", line 995, in exec_module
  File "<frozen importlib._bootstrap>", line 488, in _call_with_frames_removed
  File "/opt/airflow/dags/wikipedia/extract_data.py", line 1, in <module>
    from airflow.sdk import DAG
ModuleNotFoundError: No module named 'airflow.sdk'
[2025-12-26T12:09:59.354+0000] {processor.py:842} WARNING - No viable dags retrieved from /opt/airflow/dags/wikipedia/extract_data.py
[2025-12-26T12:09:59.395+0000] {processor.py:183} INFO - Processing /opt/airflow/dags/wikipedia/extract_data.py took 0.121 seconds
[2025-12-26T12:10:29.894+0000] {processor.py:161} INFO - Started process (PID=56) to work on /opt/airflow/dags/wikipedia/extract_data.py
[2025-12-26T12:10:29.897+0000] {processor.py:830} INFO - Processing file /opt/airflow/dags/wikipedia/extract_data.py for tasks to queue
[2025-12-26T12:10:29.905+0000] {logging_mixin.py:188} INFO - [2025-12-26T12:10:29.903+0000] {dagbag.py:540} INFO - Filling up the DagBag from /opt/airflow/dags/wikipedia/extract_data.py
[2025-12-26T12:10:29.999+0000] {logging_mixin.py:188} INFO - [2025-12-26T12:10:29.975+0000] {dagbag.py:350} ERROR - Failed to import: /opt/airflow/dags/wikipedia/extract_data.py
Traceback (most recent call last):
  File "/home/airflow/.local/lib/python3.12/site-packages/airflow/models/dagbag.py", line 346, in parse
    loader.exec_module(new_module)
  File "<frozen importlib._bootstrap_external>", line 995, in exec_module
  File "<frozen importlib._bootstrap>", line 488, in _call_with_frames_removed
  File "/opt/airflow/dags/wikipedia/extract_data.py", line 1, in <module>
    from airflow.sdk import DAG
ModuleNotFoundError: No module named 'airflow.sdk'
[2025-12-26T12:10:30.010+0000] {processor.py:842} WARNING - No viable dags retrieved from /opt/airflow/dags/wikipedia/extract_data.py
[2025-12-26T12:10:30.105+0000] {processor.py:183} INFO - Processing /opt/airflow/dags/wikipedia/extract_data.py took 0.236 seconds
[2025-12-26T12:11:01.257+0000] {processor.py:161} INFO - Started process (PID=57) to work on /opt/airflow/dags/wikipedia/extract_data.py
[2025-12-26T12:11:01.269+0000] {processor.py:830} INFO - Processing file /opt/airflow/dags/wikipedia/extract_data.py for tasks to queue
[2025-12-26T12:11:01.290+0000] {logging_mixin.py:188} INFO - [2025-12-26T12:11:01.282+0000] {dagbag.py:540} INFO - Filling up the DagBag from /opt/airflow/dags/wikipedia/extract_data.py
[2025-12-26T12:11:02.185+0000] {logging_mixin.py:188} INFO - [2025-12-26T12:11:02.094+0000] {dagbag.py:350} ERROR - Failed to import: /opt/airflow/dags/wikipedia/extract_data.py
Traceback (most recent call last):
  File "/home/airflow/.local/lib/python3.12/site-packages/airflow/models/dagbag.py", line 346, in parse
    loader.exec_module(new_module)
  File "<frozen importlib._bootstrap_external>", line 995, in exec_module
  File "<frozen importlib._bootstrap>", line 488, in _call_with_frames_removed
  File "/opt/airflow/dags/wikipedia/extract_data.py", line 1, in <module>
    from airflow.sdk import DAG
ModuleNotFoundError: No module named 'airflow.sdk'
[2025-12-26T12:11:02.209+0000] {processor.py:842} WARNING - No viable dags retrieved from /opt/airflow/dags/wikipedia/extract_data.py
[2025-12-26T12:11:02.451+0000] {processor.py:183} INFO - Processing /opt/airflow/dags/wikipedia/extract_data.py took 1.244 seconds
[2025-12-26T12:11:32.971+0000] {processor.py:161} INFO - Started process (PID=58) to work on /opt/airflow/dags/wikipedia/extract_data.py
[2025-12-26T12:11:32.974+0000] {processor.py:830} INFO - Processing file /opt/airflow/dags/wikipedia/extract_data.py for tasks to queue
[2025-12-26T12:11:32.981+0000] {logging_mixin.py:188} INFO - [2025-12-26T12:11:32.980+0000] {dagbag.py:540} INFO - Filling up the DagBag from /opt/airflow/dags/wikipedia/extract_data.py
[2025-12-26T12:11:33.096+0000] {logging_mixin.py:188} INFO - [2025-12-26T12:11:33.057+0000] {dagbag.py:350} ERROR - Failed to import: /opt/airflow/dags/wikipedia/extract_data.py
Traceback (most recent call last):
  File "/home/airflow/.local/lib/python3.12/site-packages/airflow/models/dagbag.py", line 346, in parse
    loader.exec_module(new_module)
  File "<frozen importlib._bootstrap_external>", line 995, in exec_module
  File "<frozen importlib._bootstrap>", line 488, in _call_with_frames_removed
  File "/opt/airflow/dags/wikipedia/extract_data.py", line 1, in <module>
    from airflow.sdk import DAG
ModuleNotFoundError: No module named 'airflow.sdk'
[2025-12-26T12:11:33.106+0000] {processor.py:842} WARNING - No viable dags retrieved from /opt/airflow/dags/wikipedia/extract_data.py
[2025-12-26T12:11:33.254+0000] {processor.py:183} INFO - Processing /opt/airflow/dags/wikipedia/extract_data.py took 0.302 seconds
[2025-12-26T12:12:04.583+0000] {processor.py:161} INFO - Started process (PID=59) to work on /opt/airflow/dags/wikipedia/extract_data.py
[2025-12-26T12:12:04.587+0000] {processor.py:830} INFO - Processing file /opt/airflow/dags/wikipedia/extract_data.py for tasks to queue
[2025-12-26T12:12:04.595+0000] {logging_mixin.py:188} INFO - [2025-12-26T12:12:04.593+0000] {dagbag.py:540} INFO - Filling up the DagBag from /opt/airflow/dags/wikipedia/extract_data.py
[2025-12-26T12:12:04.714+0000] {logging_mixin.py:188} INFO - [2025-12-26T12:12:04.676+0000] {dagbag.py:350} ERROR - Failed to import: /opt/airflow/dags/wikipedia/extract_data.py
Traceback (most recent call last):
  File "/home/airflow/.local/lib/python3.12/site-packages/airflow/models/dagbag.py", line 346, in parse
    loader.exec_module(new_module)
  File "<frozen importlib._bootstrap_external>", line 995, in exec_module
  File "<frozen importlib._bootstrap>", line 488, in _call_with_frames_removed
  File "/opt/airflow/dags/wikipedia/extract_data.py", line 1, in <module>
    from airflow.sdk import DAG
ModuleNotFoundError: No module named 'airflow.sdk'
[2025-12-26T12:12:04.724+0000] {processor.py:842} WARNING - No viable dags retrieved from /opt/airflow/dags/wikipedia/extract_data.py
[2025-12-26T12:12:04.904+0000] {processor.py:183} INFO - Processing /opt/airflow/dags/wikipedia/extract_data.py took 0.349 seconds
[2025-12-26T12:12:35.245+0000] {processor.py:161} INFO - Started process (PID=60) to work on /opt/airflow/dags/wikipedia/extract_data.py
[2025-12-26T12:12:35.249+0000] {processor.py:830} INFO - Processing file /opt/airflow/dags/wikipedia/extract_data.py for tasks to queue
[2025-12-26T12:12:35.260+0000] {logging_mixin.py:188} INFO - [2025-12-26T12:12:35.258+0000] {dagbag.py:540} INFO - Filling up the DagBag from /opt/airflow/dags/wikipedia/extract_data.py
[2025-12-26T12:12:35.355+0000] {logging_mixin.py:188} INFO - [2025-12-26T12:12:35.337+0000] {dagbag.py:350} ERROR - Failed to import: /opt/airflow/dags/wikipedia/extract_data.py
Traceback (most recent call last):
  File "/home/airflow/.local/lib/python3.12/site-packages/airflow/models/dagbag.py", line 346, in parse
    loader.exec_module(new_module)
  File "<frozen importlib._bootstrap_external>", line 995, in exec_module
  File "<frozen importlib._bootstrap>", line 488, in _call_with_frames_removed
  File "/opt/airflow/dags/wikipedia/extract_data.py", line 1, in <module>
    from airflow.sdk import DAG
ModuleNotFoundError: No module named 'airflow.sdk'
[2025-12-26T12:12:35.363+0000] {processor.py:842} WARNING - No viable dags retrieved from /opt/airflow/dags/wikipedia/extract_data.py
[2025-12-26T12:12:35.441+0000] {processor.py:183} INFO - Processing /opt/airflow/dags/wikipedia/extract_data.py took 0.226 seconds
[2025-12-26T12:13:06.034+0000] {processor.py:161} INFO - Started process (PID=61) to work on /opt/airflow/dags/wikipedia/extract_data.py
[2025-12-26T12:13:06.037+0000] {processor.py:830} INFO - Processing file /opt/airflow/dags/wikipedia/extract_data.py for tasks to queue
[2025-12-26T12:13:06.043+0000] {logging_mixin.py:188} INFO - [2025-12-26T12:13:06.042+0000] {dagbag.py:540} INFO - Filling up the DagBag from /opt/airflow/dags/wikipedia/extract_data.py
[2025-12-26T12:13:06.142+0000] {logging_mixin.py:188} INFO - [2025-12-26T12:13:06.116+0000] {dagbag.py:350} ERROR - Failed to import: /opt/airflow/dags/wikipedia/extract_data.py
Traceback (most recent call last):
  File "/home/airflow/.local/lib/python3.12/site-packages/airflow/models/dagbag.py", line 346, in parse
    loader.exec_module(new_module)
  File "<frozen importlib._bootstrap_external>", line 995, in exec_module
  File "<frozen importlib._bootstrap>", line 488, in _call_with_frames_removed
  File "/opt/airflow/dags/wikipedia/extract_data.py", line 1, in <module>
    from airflow.sdk import DAG
ModuleNotFoundError: No module named 'airflow.sdk'
[2025-12-26T12:13:06.153+0000] {processor.py:842} WARNING - No viable dags retrieved from /opt/airflow/dags/wikipedia/extract_data.py
[2025-12-26T12:13:06.232+0000] {processor.py:183} INFO - Processing /opt/airflow/dags/wikipedia/extract_data.py took 0.215 seconds
[2025-12-26T12:13:36.858+0000] {processor.py:161} INFO - Started process (PID=62) to work on /opt/airflow/dags/wikipedia/extract_data.py
[2025-12-26T12:13:36.862+0000] {processor.py:830} INFO - Processing file /opt/airflow/dags/wikipedia/extract_data.py for tasks to queue
[2025-12-26T12:13:36.871+0000] {logging_mixin.py:188} INFO - [2025-12-26T12:13:36.868+0000] {dagbag.py:540} INFO - Filling up the DagBag from /opt/airflow/dags/wikipedia/extract_data.py
[2025-12-26T12:13:36.997+0000] {logging_mixin.py:188} INFO - [2025-12-26T12:13:36.978+0000] {dagbag.py:350} ERROR - Failed to import: /opt/airflow/dags/wikipedia/extract_data.py
Traceback (most recent call last):
  File "/home/airflow/.local/lib/python3.12/site-packages/airflow/models/dagbag.py", line 346, in parse
    loader.exec_module(new_module)
  File "<frozen importlib._bootstrap_external>", line 995, in exec_module
  File "<frozen importlib._bootstrap>", line 488, in _call_with_frames_removed
  File "/opt/airflow/dags/wikipedia/extract_data.py", line 1, in <module>
    from airflow.sdk import DAG
ModuleNotFoundError: No module named 'airflow.sdk'
[2025-12-26T12:13:37.004+0000] {processor.py:842} WARNING - No viable dags retrieved from /opt/airflow/dags/wikipedia/extract_data.py
[2025-12-26T12:13:37.154+0000] {processor.py:183} INFO - Processing /opt/airflow/dags/wikipedia/extract_data.py took 0.321 seconds
[2025-12-26T12:14:07.791+0000] {processor.py:161} INFO - Started process (PID=63) to work on /opt/airflow/dags/wikipedia/extract_data.py
[2025-12-26T12:14:07.794+0000] {processor.py:830} INFO - Processing file /opt/airflow/dags/wikipedia/extract_data.py for tasks to queue
[2025-12-26T12:14:07.801+0000] {logging_mixin.py:188} INFO - [2025-12-26T12:14:07.800+0000] {dagbag.py:540} INFO - Filling up the DagBag from /opt/airflow/dags/wikipedia/extract_data.py
[2025-12-26T12:14:07.912+0000] {logging_mixin.py:188} INFO - [2025-12-26T12:14:07.875+0000] {dagbag.py:350} ERROR - Failed to import: /opt/airflow/dags/wikipedia/extract_data.py
Traceback (most recent call last):
  File "/home/airflow/.local/lib/python3.12/site-packages/airflow/models/dagbag.py", line 346, in parse
    loader.exec_module(new_module)
  File "<frozen importlib._bootstrap_external>", line 995, in exec_module
  File "<frozen importlib._bootstrap>", line 488, in _call_with_frames_removed
  File "/opt/airflow/dags/wikipedia/extract_data.py", line 1, in <module>
    from airflow.sdk import DAG
ModuleNotFoundError: No module named 'airflow.sdk'
[2025-12-26T12:14:07.919+0000] {processor.py:842} WARNING - No viable dags retrieved from /opt/airflow/dags/wikipedia/extract_data.py
[2025-12-26T12:14:07.989+0000] {processor.py:183} INFO - Processing /opt/airflow/dags/wikipedia/extract_data.py took 0.224 seconds
[2025-12-26T12:14:38.718+0000] {processor.py:161} INFO - Started process (PID=64) to work on /opt/airflow/dags/wikipedia/extract_data.py
[2025-12-26T12:14:38.724+0000] {processor.py:830} INFO - Processing file /opt/airflow/dags/wikipedia/extract_data.py for tasks to queue
[2025-12-26T12:14:38.731+0000] {logging_mixin.py:188} INFO - [2025-12-26T12:14:38.730+0000] {dagbag.py:540} INFO - Filling up the DagBag from /opt/airflow/dags/wikipedia/extract_data.py
[2025-12-26T12:14:38.884+0000] {logging_mixin.py:188} INFO - [2025-12-26T12:14:38.833+0000] {dagbag.py:350} ERROR - Failed to import: /opt/airflow/dags/wikipedia/extract_data.py
Traceback (most recent call last):
  File "/home/airflow/.local/lib/python3.12/site-packages/airflow/models/dagbag.py", line 346, in parse
    loader.exec_module(new_module)
  File "<frozen importlib._bootstrap_external>", line 995, in exec_module
  File "<frozen importlib._bootstrap>", line 488, in _call_with_frames_removed
  File "/opt/airflow/dags/wikipedia/extract_data.py", line 1, in <module>
    from airflow.sdk import DAG
ModuleNotFoundError: No module named 'airflow.sdk'
[2025-12-26T12:14:38.917+0000] {processor.py:842} WARNING - No viable dags retrieved from /opt/airflow/dags/wikipedia/extract_data.py
[2025-12-26T12:14:39.047+0000] {processor.py:183} INFO - Processing /opt/airflow/dags/wikipedia/extract_data.py took 0.353 seconds
[2025-12-26T12:15:09.460+0000] {processor.py:161} INFO - Started process (PID=65) to work on /opt/airflow/dags/wikipedia/extract_data.py
[2025-12-26T12:15:09.464+0000] {processor.py:830} INFO - Processing file /opt/airflow/dags/wikipedia/extract_data.py for tasks to queue
[2025-12-26T12:15:09.470+0000] {logging_mixin.py:188} INFO - [2025-12-26T12:15:09.469+0000] {dagbag.py:540} INFO - Filling up the DagBag from /opt/airflow/dags/wikipedia/extract_data.py
[2025-12-26T12:15:09.587+0000] {logging_mixin.py:188} INFO - [2025-12-26T12:15:09.559+0000] {dagbag.py:350} ERROR - Failed to import: /opt/airflow/dags/wikipedia/extract_data.py
Traceback (most recent call last):
  File "/home/airflow/.local/lib/python3.12/site-packages/airflow/models/dagbag.py", line 346, in parse
    loader.exec_module(new_module)
  File "<frozen importlib._bootstrap_external>", line 995, in exec_module
  File "<frozen importlib._bootstrap>", line 488, in _call_with_frames_removed
  File "/opt/airflow/dags/wikipedia/extract_data.py", line 1, in <module>
    from airflow.sdk import DAG
ModuleNotFoundError: No module named 'airflow.sdk'
[2025-12-26T12:15:09.598+0000] {processor.py:842} WARNING - No viable dags retrieved from /opt/airflow/dags/wikipedia/extract_data.py
[2025-12-26T12:15:09.686+0000] {processor.py:183} INFO - Processing /opt/airflow/dags/wikipedia/extract_data.py took 0.246 seconds
[2025-12-26T12:15:34.365+0000] {processor.py:161} INFO - Started process (PID=66) to work on /opt/airflow/dags/wikipedia/extract_data.py
[2025-12-26T12:15:34.372+0000] {processor.py:830} INFO - Processing file /opt/airflow/dags/wikipedia/extract_data.py for tasks to queue
[2025-12-26T12:15:34.382+0000] {logging_mixin.py:188} INFO - [2025-12-26T12:15:34.381+0000] {dagbag.py:540} INFO - Filling up the DagBag from /opt/airflow/dags/wikipedia/extract_data.py
[2025-12-26T12:15:34.737+0000] {logging_mixin.py:188} INFO - [2025-12-26T12:15:34.637+0000] {dagbag.py:350} ERROR - Failed to import: /opt/airflow/dags/wikipedia/extract_data.py
Traceback (most recent call last):
  File "/home/airflow/.local/lib/python3.12/site-packages/airflow/models/dagbag.py", line 346, in parse
    loader.exec_module(new_module)
  File "<frozen importlib._bootstrap_external>", line 995, in exec_module
  File "<frozen importlib._bootstrap>", line 488, in _call_with_frames_removed
  File "/opt/airflow/dags/wikipedia/extract_data.py", line 1, in <module>
    from airflow.sdk import DAG
ModuleNotFoundError: No module named 'airflow.sdk'
[2025-12-26T12:15:34.799+0000] {processor.py:842} WARNING - No viable dags retrieved from /opt/airflow/dags/wikipedia/extract_data.py
[2025-12-26T12:15:35.173+0000] {processor.py:183} INFO - Processing /opt/airflow/dags/wikipedia/extract_data.py took 0.833 seconds
[2025-12-26T12:15:36.604+0000] {processor.py:161} INFO - Started process (PID=67) to work on /opt/airflow/dags/wikipedia/extract_data.py
[2025-12-26T12:15:36.618+0000] {processor.py:830} INFO - Processing file /opt/airflow/dags/wikipedia/extract_data.py for tasks to queue
[2025-12-26T12:15:36.630+0000] {logging_mixin.py:188} INFO - [2025-12-26T12:15:36.629+0000] {dagbag.py:540} INFO - Filling up the DagBag from /opt/airflow/dags/wikipedia/extract_data.py
[2025-12-26T12:15:37.239+0000] {logging_mixin.py:188} INFO - [2025-12-26T12:15:37.198+0000] {dagbag.py:350} ERROR - Failed to import: /opt/airflow/dags/wikipedia/extract_data.py
Traceback (most recent call last):
  File "/home/airflow/.local/lib/python3.12/site-packages/airflow/models/dagbag.py", line 346, in parse
    loader.exec_module(new_module)
  File "<frozen importlib._bootstrap_external>", line 995, in exec_module
  File "<frozen importlib._bootstrap>", line 488, in _call_with_frames_removed
  File "/opt/airflow/dags/wikipedia/extract_data.py", line 1, in <module>
    from airflow.sdk import DAG
ModuleNotFoundError: No module named 'airflow.sdk'
[2025-12-26T12:15:37.255+0000] {processor.py:842} WARNING - No viable dags retrieved from /opt/airflow/dags/wikipedia/extract_data.py
[2025-12-26T12:15:37.418+0000] {processor.py:183} INFO - Processing /opt/airflow/dags/wikipedia/extract_data.py took 0.867 seconds
[2025-12-26T12:15:40.280+0000] {processor.py:161} INFO - Started process (PID=68) to work on /opt/airflow/dags/wikipedia/extract_data.py
[2025-12-26T12:15:40.286+0000] {processor.py:830} INFO - Processing file /opt/airflow/dags/wikipedia/extract_data.py for tasks to queue
[2025-12-26T12:15:40.309+0000] {logging_mixin.py:188} INFO - [2025-12-26T12:15:40.307+0000] {dagbag.py:540} INFO - Filling up the DagBag from /opt/airflow/dags/wikipedia/extract_data.py
[2025-12-26T12:15:40.511+0000] {logging_mixin.py:188} INFO - [2025-12-26T12:15:40.504+0000] {dagbag.py:350} ERROR - Failed to import: /opt/airflow/dags/wikipedia/extract_data.py
Traceback (most recent call last):
  File "/home/airflow/.local/lib/python3.12/site-packages/airflow/models/dagbag.py", line 346, in parse
    loader.exec_module(new_module)
  File "<frozen importlib._bootstrap_external>", line 991, in exec_module
  File "<frozen importlib._bootstrap_external>", line 1129, in get_code
  File "<frozen importlib._bootstrap_external>", line 1059, in source_to_code
  File "<frozen importlib._bootstrap>", line 488, in _call_with_frames_removed
  File "/opt/airflow/dags/wikipedia/extract_data.py", line 4
    from a
          ^
SyntaxError: invalid syntax
[2025-12-26T12:15:40.516+0000] {processor.py:842} WARNING - No viable dags retrieved from /opt/airflow/dags/wikipedia/extract_data.py
[2025-12-26T12:15:40.601+0000] {processor.py:183} INFO - Processing /opt/airflow/dags/wikipedia/extract_data.py took 0.390 seconds
[2025-12-26T12:15:46.311+0000] {processor.py:161} INFO - Started process (PID=69) to work on /opt/airflow/dags/wikipedia/extract_data.py
[2025-12-26T12:15:46.321+0000] {processor.py:830} INFO - Processing file /opt/airflow/dags/wikipedia/extract_data.py for tasks to queue
[2025-12-26T12:15:46.331+0000] {logging_mixin.py:188} INFO - [2025-12-26T12:15:46.330+0000] {dagbag.py:540} INFO - Filling up the DagBag from /opt/airflow/dags/wikipedia/extract_data.py
[2025-12-26T12:15:46.543+0000] {logging_mixin.py:188} INFO - [2025-12-26T12:15:46.538+0000] {dagbag.py:350} ERROR - Failed to import: /opt/airflow/dags/wikipedia/extract_data.py
Traceback (most recent call last):
  File "/home/airflow/.local/lib/python3.12/site-packages/airflow/models/dagbag.py", line 346, in parse
    loader.exec_module(new_module)
  File "<frozen importlib._bootstrap_external>", line 991, in exec_module
  File "<frozen importlib._bootstrap_external>", line 1129, in get_code
  File "<frozen importlib._bootstrap_external>", line 1059, in source_to_code
  File "<frozen importlib._bootstrap>", line 488, in _call_with_frames_removed
  File "/opt/airflow/dags/wikipedia/extract_data.py", line 4
    from air
            ^
SyntaxError: invalid syntax
[2025-12-26T12:15:46.547+0000] {processor.py:842} WARNING - No viable dags retrieved from /opt/airflow/dags/wikipedia/extract_data.py
[2025-12-26T12:15:46.692+0000] {processor.py:183} INFO - Processing /opt/airflow/dags/wikipedia/extract_data.py took 0.429 seconds
[2025-12-26T12:15:47.908+0000] {processor.py:161} INFO - Started process (PID=70) to work on /opt/airflow/dags/wikipedia/extract_data.py
[2025-12-26T12:15:47.919+0000] {processor.py:830} INFO - Processing file /opt/airflow/dags/wikipedia/extract_data.py for tasks to queue
[2025-12-26T12:15:47.942+0000] {logging_mixin.py:188} INFO - [2025-12-26T12:15:47.940+0000] {dagbag.py:540} INFO - Filling up the DagBag from /opt/airflow/dags/wikipedia/extract_data.py
[2025-12-26T12:15:48.323+0000] {logging_mixin.py:188} INFO - [2025-12-26T12:15:48.317+0000] {dagbag.py:350} ERROR - Failed to import: /opt/airflow/dags/wikipedia/extract_data.py
Traceback (most recent call last):
  File "/home/airflow/.local/lib/python3.12/site-packages/airflow/models/dagbag.py", line 346, in parse
    loader.exec_module(new_module)
  File "<frozen importlib._bootstrap_external>", line 991, in exec_module
  File "<frozen importlib._bootstrap_external>", line 1129, in get_code
  File "<frozen importlib._bootstrap_external>", line 1059, in source_to_code
  File "<frozen importlib._bootstrap>", line 488, in _call_with_frames_removed
  File "/opt/airflow/dags/wikipedia/extract_data.py", line 4
    from airf
             ^
SyntaxError: invalid syntax
[2025-12-26T12:15:48.335+0000] {processor.py:842} WARNING - No viable dags retrieved from /opt/airflow/dags/wikipedia/extract_data.py
[2025-12-26T12:15:48.652+0000] {processor.py:183} INFO - Processing /opt/airflow/dags/wikipedia/extract_data.py took 0.827 seconds
[2025-12-26T12:15:51.853+0000] {processor.py:161} INFO - Started process (PID=71) to work on /opt/airflow/dags/wikipedia/extract_data.py
[2025-12-26T12:15:51.855+0000] {processor.py:830} INFO - Processing file /opt/airflow/dags/wikipedia/extract_data.py for tasks to queue
[2025-12-26T12:15:51.864+0000] {logging_mixin.py:188} INFO - [2025-12-26T12:15:51.862+0000] {dagbag.py:540} INFO - Filling up the DagBag from /opt/airflow/dags/wikipedia/extract_data.py
[2025-12-26T12:15:52.045+0000] {logging_mixin.py:188} INFO - [2025-12-26T12:15:52.015+0000] {dagbag.py:350} ERROR - Failed to import: /opt/airflow/dags/wikipedia/extract_data.py
Traceback (most recent call last):
  File "/home/airflow/.local/lib/python3.12/site-packages/airflow/models/dagbag.py", line 346, in parse
    loader.exec_module(new_module)
  File "<frozen importlib._bootstrap_external>", line 995, in exec_module
  File "<frozen importlib._bootstrap>", line 488, in _call_with_frames_removed
  File "/opt/airflow/dags/wikipedia/extract_data.py", line 1, in <module>
    from airflow.sdk import DAG
ModuleNotFoundError: No module named 'airflow.sdk'
[2025-12-26T12:15:52.056+0000] {processor.py:842} WARNING - No viable dags retrieved from /opt/airflow/dags/wikipedia/extract_data.py
[2025-12-26T12:15:52.126+0000] {processor.py:183} INFO - Processing /opt/airflow/dags/wikipedia/extract_data.py took 0.296 seconds
[2025-12-26T12:16:22.619+0000] {processor.py:161} INFO - Started process (PID=72) to work on /opt/airflow/dags/wikipedia/extract_data.py
[2025-12-26T12:16:22.622+0000] {processor.py:830} INFO - Processing file /opt/airflow/dags/wikipedia/extract_data.py for tasks to queue
[2025-12-26T12:16:22.631+0000] {logging_mixin.py:188} INFO - [2025-12-26T12:16:22.629+0000] {dagbag.py:540} INFO - Filling up the DagBag from /opt/airflow/dags/wikipedia/extract_data.py
[2025-12-26T12:16:22.710+0000] {logging_mixin.py:188} INFO - [2025-12-26T12:16:22.695+0000] {dagbag.py:350} ERROR - Failed to import: /opt/airflow/dags/wikipedia/extract_data.py
Traceback (most recent call last):
  File "/home/airflow/.local/lib/python3.12/site-packages/airflow/models/dagbag.py", line 346, in parse
    loader.exec_module(new_module)
  File "<frozen importlib._bootstrap_external>", line 995, in exec_module
  File "<frozen importlib._bootstrap>", line 488, in _call_with_frames_removed
  File "/opt/airflow/dags/wikipedia/extract_data.py", line 1, in <module>
    from airflow.sdk import DAG
ModuleNotFoundError: No module named 'airflow.sdk'
[2025-12-26T12:16:22.718+0000] {processor.py:842} WARNING - No viable dags retrieved from /opt/airflow/dags/wikipedia/extract_data.py
[2025-12-26T12:16:22.788+0000] {processor.py:183} INFO - Processing /opt/airflow/dags/wikipedia/extract_data.py took 0.189 seconds
[2025-12-26T12:16:53.410+0000] {processor.py:161} INFO - Started process (PID=73) to work on /opt/airflow/dags/wikipedia/extract_data.py
[2025-12-26T12:16:53.412+0000] {processor.py:830} INFO - Processing file /opt/airflow/dags/wikipedia/extract_data.py for tasks to queue
[2025-12-26T12:16:53.419+0000] {logging_mixin.py:188} INFO - [2025-12-26T12:16:53.418+0000] {dagbag.py:540} INFO - Filling up the DagBag from /opt/airflow/dags/wikipedia/extract_data.py
[2025-12-26T12:16:53.462+0000] {logging_mixin.py:188} INFO - [2025-12-26T12:16:53.452+0000] {dagbag.py:350} ERROR - Failed to import: /opt/airflow/dags/wikipedia/extract_data.py
Traceback (most recent call last):
  File "/home/airflow/.local/lib/python3.12/site-packages/airflow/models/dagbag.py", line 346, in parse
    loader.exec_module(new_module)
  File "<frozen importlib._bootstrap_external>", line 995, in exec_module
  File "<frozen importlib._bootstrap>", line 488, in _call_with_frames_removed
  File "/opt/airflow/dags/wikipedia/extract_data.py", line 1, in <module>
    from airflow.sdk import DAG
ModuleNotFoundError: No module named 'airflow.sdk'
[2025-12-26T12:16:53.466+0000] {processor.py:842} WARNING - No viable dags retrieved from /opt/airflow/dags/wikipedia/extract_data.py
[2025-12-26T12:16:53.518+0000] {processor.py:183} INFO - Processing /opt/airflow/dags/wikipedia/extract_data.py took 0.122 seconds
[2025-12-26T12:17:23.742+0000] {processor.py:161} INFO - Started process (PID=74) to work on /opt/airflow/dags/wikipedia/extract_data.py
[2025-12-26T12:17:23.744+0000] {processor.py:830} INFO - Processing file /opt/airflow/dags/wikipedia/extract_data.py for tasks to queue
[2025-12-26T12:17:23.747+0000] {logging_mixin.py:188} INFO - [2025-12-26T12:17:23.746+0000] {dagbag.py:540} INFO - Filling up the DagBag from /opt/airflow/dags/wikipedia/extract_data.py
[2025-12-26T12:17:23.794+0000] {logging_mixin.py:188} INFO - [2025-12-26T12:17:23.785+0000] {dagbag.py:350} ERROR - Failed to import: /opt/airflow/dags/wikipedia/extract_data.py
Traceback (most recent call last):
  File "/home/airflow/.local/lib/python3.12/site-packages/airflow/models/dagbag.py", line 346, in parse
    loader.exec_module(new_module)
  File "<frozen importlib._bootstrap_external>", line 995, in exec_module
  File "<frozen importlib._bootstrap>", line 488, in _call_with_frames_removed
  File "/opt/airflow/dags/wikipedia/extract_data.py", line 1, in <module>
    from airflow.sdk import DAG
ModuleNotFoundError: No module named 'airflow.sdk'
[2025-12-26T12:17:23.797+0000] {processor.py:842} WARNING - No viable dags retrieved from /opt/airflow/dags/wikipedia/extract_data.py
[2025-12-26T12:17:23.834+0000] {processor.py:183} INFO - Processing /opt/airflow/dags/wikipedia/extract_data.py took 0.102 seconds
[2025-12-26T12:17:54.193+0000] {processor.py:161} INFO - Started process (PID=75) to work on /opt/airflow/dags/wikipedia/extract_data.py
[2025-12-26T12:17:54.194+0000] {processor.py:830} INFO - Processing file /opt/airflow/dags/wikipedia/extract_data.py for tasks to queue
[2025-12-26T12:17:54.197+0000] {logging_mixin.py:188} INFO - [2025-12-26T12:17:54.196+0000] {dagbag.py:540} INFO - Filling up the DagBag from /opt/airflow/dags/wikipedia/extract_data.py
[2025-12-26T12:17:54.241+0000] {logging_mixin.py:188} INFO - [2025-12-26T12:17:54.231+0000] {dagbag.py:350} ERROR - Failed to import: /opt/airflow/dags/wikipedia/extract_data.py
Traceback (most recent call last):
  File "/home/airflow/.local/lib/python3.12/site-packages/airflow/models/dagbag.py", line 346, in parse
    loader.exec_module(new_module)
  File "<frozen importlib._bootstrap_external>", line 995, in exec_module
  File "<frozen importlib._bootstrap>", line 488, in _call_with_frames_removed
  File "/opt/airflow/dags/wikipedia/extract_data.py", line 1, in <module>
    from airflow.sdk import DAG
ModuleNotFoundError: No module named 'airflow.sdk'
[2025-12-26T12:17:54.246+0000] {processor.py:842} WARNING - No viable dags retrieved from /opt/airflow/dags/wikipedia/extract_data.py
[2025-12-26T12:17:54.278+0000] {processor.py:183} INFO - Processing /opt/airflow/dags/wikipedia/extract_data.py took 0.092 seconds
[2025-12-26T12:18:24.627+0000] {processor.py:161} INFO - Started process (PID=76) to work on /opt/airflow/dags/wikipedia/extract_data.py
[2025-12-26T12:18:24.629+0000] {processor.py:830} INFO - Processing file /opt/airflow/dags/wikipedia/extract_data.py for tasks to queue
[2025-12-26T12:18:24.633+0000] {logging_mixin.py:188} INFO - [2025-12-26T12:18:24.632+0000] {dagbag.py:540} INFO - Filling up the DagBag from /opt/airflow/dags/wikipedia/extract_data.py
[2025-12-26T12:18:24.696+0000] {logging_mixin.py:188} INFO - [2025-12-26T12:18:24.681+0000] {dagbag.py:350} ERROR - Failed to import: /opt/airflow/dags/wikipedia/extract_data.py
Traceback (most recent call last):
  File "/home/airflow/.local/lib/python3.12/site-packages/airflow/models/dagbag.py", line 346, in parse
    loader.exec_module(new_module)
  File "<frozen importlib._bootstrap_external>", line 995, in exec_module
  File "<frozen importlib._bootstrap>", line 488, in _call_with_frames_removed
  File "/opt/airflow/dags/wikipedia/extract_data.py", line 1, in <module>
    from airflow.sdk import DAG
ModuleNotFoundError: No module named 'airflow.sdk'
[2025-12-26T12:18:24.700+0000] {processor.py:842} WARNING - No viable dags retrieved from /opt/airflow/dags/wikipedia/extract_data.py
[2025-12-26T12:18:24.743+0000] {processor.py:183} INFO - Processing /opt/airflow/dags/wikipedia/extract_data.py took 0.131 seconds
[2025-12-26T12:18:55.065+0000] {processor.py:161} INFO - Started process (PID=77) to work on /opt/airflow/dags/wikipedia/extract_data.py
[2025-12-26T12:18:55.067+0000] {processor.py:830} INFO - Processing file /opt/airflow/dags/wikipedia/extract_data.py for tasks to queue
[2025-12-26T12:18:55.074+0000] {logging_mixin.py:188} INFO - [2025-12-26T12:18:55.073+0000] {dagbag.py:540} INFO - Filling up the DagBag from /opt/airflow/dags/wikipedia/extract_data.py
[2025-12-26T12:18:55.135+0000] {logging_mixin.py:188} INFO - [2025-12-26T12:18:55.121+0000] {dagbag.py:350} ERROR - Failed to import: /opt/airflow/dags/wikipedia/extract_data.py
Traceback (most recent call last):
  File "/home/airflow/.local/lib/python3.12/site-packages/airflow/models/dagbag.py", line 346, in parse
    loader.exec_module(new_module)
  File "<frozen importlib._bootstrap_external>", line 995, in exec_module
  File "<frozen importlib._bootstrap>", line 488, in _call_with_frames_removed
  File "/opt/airflow/dags/wikipedia/extract_data.py", line 1, in <module>
    from airflow.sdk import DAG
ModuleNotFoundError: No module named 'airflow.sdk'
[2025-12-26T12:18:55.141+0000] {processor.py:842} WARNING - No viable dags retrieved from /opt/airflow/dags/wikipedia/extract_data.py
[2025-12-26T12:18:55.194+0000] {processor.py:183} INFO - Processing /opt/airflow/dags/wikipedia/extract_data.py took 0.144 seconds
[2025-12-26T12:19:25.660+0000] {processor.py:161} INFO - Started process (PID=78) to work on /opt/airflow/dags/wikipedia/extract_data.py
[2025-12-26T12:19:25.663+0000] {processor.py:830} INFO - Processing file /opt/airflow/dags/wikipedia/extract_data.py for tasks to queue
[2025-12-26T12:19:25.676+0000] {logging_mixin.py:188} INFO - [2025-12-26T12:19:25.674+0000] {dagbag.py:540} INFO - Filling up the DagBag from /opt/airflow/dags/wikipedia/extract_data.py
[2025-12-26T12:19:25.801+0000] {logging_mixin.py:188} INFO - [2025-12-26T12:19:25.772+0000] {dagbag.py:350} ERROR - Failed to import: /opt/airflow/dags/wikipedia/extract_data.py
Traceback (most recent call last):
  File "/home/airflow/.local/lib/python3.12/site-packages/airflow/models/dagbag.py", line 346, in parse
    loader.exec_module(new_module)
  File "<frozen importlib._bootstrap_external>", line 995, in exec_module
  File "<frozen importlib._bootstrap>", line 488, in _call_with_frames_removed
  File "/opt/airflow/dags/wikipedia/extract_data.py", line 1, in <module>
    from airflow.sdk import DAG
ModuleNotFoundError: No module named 'airflow.sdk'
[2025-12-26T12:19:25.812+0000] {processor.py:842} WARNING - No viable dags retrieved from /opt/airflow/dags/wikipedia/extract_data.py
[2025-12-26T12:19:25.908+0000] {processor.py:183} INFO - Processing /opt/airflow/dags/wikipedia/extract_data.py took 0.273 seconds
[2025-12-26T12:19:56.061+0000] {processor.py:161} INFO - Started process (PID=79) to work on /opt/airflow/dags/wikipedia/extract_data.py
[2025-12-26T12:19:56.063+0000] {processor.py:830} INFO - Processing file /opt/airflow/dags/wikipedia/extract_data.py for tasks to queue
[2025-12-26T12:19:56.073+0000] {logging_mixin.py:188} INFO - [2025-12-26T12:19:56.072+0000] {dagbag.py:540} INFO - Filling up the DagBag from /opt/airflow/dags/wikipedia/extract_data.py
[2025-12-26T12:19:56.132+0000] {logging_mixin.py:188} INFO - [2025-12-26T12:19:56.121+0000] {dagbag.py:350} ERROR - Failed to import: /opt/airflow/dags/wikipedia/extract_data.py
Traceback (most recent call last):
  File "/home/airflow/.local/lib/python3.12/site-packages/airflow/models/dagbag.py", line 346, in parse
    loader.exec_module(new_module)
  File "<frozen importlib._bootstrap_external>", line 995, in exec_module
  File "<frozen importlib._bootstrap>", line 488, in _call_with_frames_removed
  File "/opt/airflow/dags/wikipedia/extract_data.py", line 1, in <module>
    from airflow.sdk import DAG
ModuleNotFoundError: No module named 'airflow.sdk'
[2025-12-26T12:19:56.138+0000] {processor.py:842} WARNING - No viable dags retrieved from /opt/airflow/dags/wikipedia/extract_data.py
[2025-12-26T12:19:56.201+0000] {processor.py:183} INFO - Processing /opt/airflow/dags/wikipedia/extract_data.py took 0.162 seconds
[2025-12-26T12:20:26.511+0000] {processor.py:161} INFO - Started process (PID=80) to work on /opt/airflow/dags/wikipedia/extract_data.py
[2025-12-26T12:20:26.513+0000] {processor.py:830} INFO - Processing file /opt/airflow/dags/wikipedia/extract_data.py for tasks to queue
[2025-12-26T12:20:26.516+0000] {logging_mixin.py:188} INFO - [2025-12-26T12:20:26.516+0000] {dagbag.py:540} INFO - Filling up the DagBag from /opt/airflow/dags/wikipedia/extract_data.py
[2025-12-26T12:20:26.566+0000] {logging_mixin.py:188} INFO - [2025-12-26T12:20:26.555+0000] {dagbag.py:350} ERROR - Failed to import: /opt/airflow/dags/wikipedia/extract_data.py
Traceback (most recent call last):
  File "/home/airflow/.local/lib/python3.12/site-packages/airflow/models/dagbag.py", line 346, in parse
    loader.exec_module(new_module)
  File "<frozen importlib._bootstrap_external>", line 995, in exec_module
  File "<frozen importlib._bootstrap>", line 488, in _call_with_frames_removed
  File "/opt/airflow/dags/wikipedia/extract_data.py", line 1, in <module>
    from airflow.sdk import DAG
ModuleNotFoundError: No module named 'airflow.sdk'
[2025-12-26T12:20:26.570+0000] {processor.py:842} WARNING - No viable dags retrieved from /opt/airflow/dags/wikipedia/extract_data.py
[2025-12-26T12:20:26.606+0000] {processor.py:183} INFO - Processing /opt/airflow/dags/wikipedia/extract_data.py took 0.105 seconds
[2025-12-26T12:20:57.210+0000] {processor.py:161} INFO - Started process (PID=81) to work on /opt/airflow/dags/wikipedia/extract_data.py
[2025-12-26T12:20:57.213+0000] {processor.py:830} INFO - Processing file /opt/airflow/dags/wikipedia/extract_data.py for tasks to queue
[2025-12-26T12:20:57.219+0000] {logging_mixin.py:188} INFO - [2025-12-26T12:20:57.218+0000] {dagbag.py:540} INFO - Filling up the DagBag from /opt/airflow/dags/wikipedia/extract_data.py
[2025-12-26T12:20:57.297+0000] {logging_mixin.py:188} INFO - [2025-12-26T12:20:57.275+0000] {dagbag.py:350} ERROR - Failed to import: /opt/airflow/dags/wikipedia/extract_data.py
Traceback (most recent call last):
  File "/home/airflow/.local/lib/python3.12/site-packages/airflow/models/dagbag.py", line 346, in parse
    loader.exec_module(new_module)
  File "<frozen importlib._bootstrap_external>", line 995, in exec_module
  File "<frozen importlib._bootstrap>", line 488, in _call_with_frames_removed
  File "/opt/airflow/dags/wikipedia/extract_data.py", line 1, in <module>
    from airflow.sdk import DAG
ModuleNotFoundError: No module named 'airflow.sdk'
[2025-12-26T12:20:57.302+0000] {processor.py:842} WARNING - No viable dags retrieved from /opt/airflow/dags/wikipedia/extract_data.py
[2025-12-26T12:20:57.370+0000] {processor.py:183} INFO - Processing /opt/airflow/dags/wikipedia/extract_data.py took 0.177 seconds
[2025-12-26T12:21:27.587+0000] {processor.py:161} INFO - Started process (PID=82) to work on /opt/airflow/dags/wikipedia/extract_data.py
[2025-12-26T12:21:27.589+0000] {processor.py:830} INFO - Processing file /opt/airflow/dags/wikipedia/extract_data.py for tasks to queue
[2025-12-26T12:21:27.593+0000] {logging_mixin.py:188} INFO - [2025-12-26T12:21:27.592+0000] {dagbag.py:540} INFO - Filling up the DagBag from /opt/airflow/dags/wikipedia/extract_data.py
[2025-12-26T12:21:27.648+0000] {logging_mixin.py:188} INFO - [2025-12-26T12:21:27.635+0000] {dagbag.py:350} ERROR - Failed to import: /opt/airflow/dags/wikipedia/extract_data.py
Traceback (most recent call last):
  File "/home/airflow/.local/lib/python3.12/site-packages/airflow/models/dagbag.py", line 346, in parse
    loader.exec_module(new_module)
  File "<frozen importlib._bootstrap_external>", line 995, in exec_module
  File "<frozen importlib._bootstrap>", line 488, in _call_with_frames_removed
  File "/opt/airflow/dags/wikipedia/extract_data.py", line 1, in <module>
    from airflow.sdk import DAG
ModuleNotFoundError: No module named 'airflow.sdk'
[2025-12-26T12:21:27.653+0000] {processor.py:842} WARNING - No viable dags retrieved from /opt/airflow/dags/wikipedia/extract_data.py
[2025-12-26T12:21:27.705+0000] {processor.py:183} INFO - Processing /opt/airflow/dags/wikipedia/extract_data.py took 0.133 seconds
[2025-12-26T12:21:58.345+0000] {processor.py:161} INFO - Started process (PID=83) to work on /opt/airflow/dags/wikipedia/extract_data.py
[2025-12-26T12:21:58.349+0000] {processor.py:830} INFO - Processing file /opt/airflow/dags/wikipedia/extract_data.py for tasks to queue
[2025-12-26T12:21:58.357+0000] {logging_mixin.py:188} INFO - [2025-12-26T12:21:58.354+0000] {dagbag.py:540} INFO - Filling up the DagBag from /opt/airflow/dags/wikipedia/extract_data.py
[2025-12-26T12:21:58.474+0000] {logging_mixin.py:188} INFO - [2025-12-26T12:21:58.453+0000] {dagbag.py:350} ERROR - Failed to import: /opt/airflow/dags/wikipedia/extract_data.py
Traceback (most recent call last):
  File "/home/airflow/.local/lib/python3.12/site-packages/airflow/models/dagbag.py", line 346, in parse
    loader.exec_module(new_module)
  File "<frozen importlib._bootstrap_external>", line 995, in exec_module
  File "<frozen importlib._bootstrap>", line 488, in _call_with_frames_removed
  File "/opt/airflow/dags/wikipedia/extract_data.py", line 1, in <module>
    from airflow.sdk import DAG
ModuleNotFoundError: No module named 'airflow.sdk'
[2025-12-26T12:21:58.489+0000] {processor.py:842} WARNING - No viable dags retrieved from /opt/airflow/dags/wikipedia/extract_data.py
[2025-12-26T12:21:58.563+0000] {processor.py:183} INFO - Processing /opt/airflow/dags/wikipedia/extract_data.py took 0.239 seconds
[2025-12-26T12:22:28.776+0000] {processor.py:161} INFO - Started process (PID=84) to work on /opt/airflow/dags/wikipedia/extract_data.py
[2025-12-26T12:22:28.779+0000] {processor.py:830} INFO - Processing file /opt/airflow/dags/wikipedia/extract_data.py for tasks to queue
[2025-12-26T12:22:28.792+0000] {logging_mixin.py:188} INFO - [2025-12-26T12:22:28.791+0000] {dagbag.py:540} INFO - Filling up the DagBag from /opt/airflow/dags/wikipedia/extract_data.py
[2025-12-26T12:22:28.873+0000] {logging_mixin.py:188} INFO - [2025-12-26T12:22:28.859+0000] {dagbag.py:350} ERROR - Failed to import: /opt/airflow/dags/wikipedia/extract_data.py
Traceback (most recent call last):
  File "/home/airflow/.local/lib/python3.12/site-packages/airflow/models/dagbag.py", line 346, in parse
    loader.exec_module(new_module)
  File "<frozen importlib._bootstrap_external>", line 995, in exec_module
  File "<frozen importlib._bootstrap>", line 488, in _call_with_frames_removed
  File "/opt/airflow/dags/wikipedia/extract_data.py", line 1, in <module>
    from airflow.sdk import DAG
ModuleNotFoundError: No module named 'airflow.sdk'
[2025-12-26T12:22:28.886+0000] {processor.py:842} WARNING - No viable dags retrieved from /opt/airflow/dags/wikipedia/extract_data.py
[2025-12-26T12:22:28.950+0000] {processor.py:183} INFO - Processing /opt/airflow/dags/wikipedia/extract_data.py took 0.201 seconds
[2025-12-26T12:22:59.441+0000] {processor.py:161} INFO - Started process (PID=85) to work on /opt/airflow/dags/wikipedia/extract_data.py
[2025-12-26T12:22:59.444+0000] {processor.py:830} INFO - Processing file /opt/airflow/dags/wikipedia/extract_data.py for tasks to queue
[2025-12-26T12:22:59.450+0000] {logging_mixin.py:188} INFO - [2025-12-26T12:22:59.449+0000] {dagbag.py:540} INFO - Filling up the DagBag from /opt/airflow/dags/wikipedia/extract_data.py
[2025-12-26T12:22:59.518+0000] {logging_mixin.py:188} INFO - [2025-12-26T12:22:59.503+0000] {dagbag.py:350} ERROR - Failed to import: /opt/airflow/dags/wikipedia/extract_data.py
Traceback (most recent call last):
  File "/home/airflow/.local/lib/python3.12/site-packages/airflow/models/dagbag.py", line 346, in parse
    loader.exec_module(new_module)
  File "<frozen importlib._bootstrap_external>", line 995, in exec_module
  File "<frozen importlib._bootstrap>", line 488, in _call_with_frames_removed
  File "/opt/airflow/dags/wikipedia/extract_data.py", line 1, in <module>
    from airflow.sdk import DAG
ModuleNotFoundError: No module named 'airflow.sdk'
[2025-12-26T12:22:59.525+0000] {processor.py:842} WARNING - No viable dags retrieved from /opt/airflow/dags/wikipedia/extract_data.py
[2025-12-26T12:22:59.613+0000] {processor.py:183} INFO - Processing /opt/airflow/dags/wikipedia/extract_data.py took 0.190 seconds
[2025-12-26T12:23:30.203+0000] {processor.py:161} INFO - Started process (PID=86) to work on /opt/airflow/dags/wikipedia/extract_data.py
[2025-12-26T12:23:30.217+0000] {processor.py:830} INFO - Processing file /opt/airflow/dags/wikipedia/extract_data.py for tasks to queue
[2025-12-26T12:23:30.232+0000] {logging_mixin.py:188} INFO - [2025-12-26T12:23:30.230+0000] {dagbag.py:540} INFO - Filling up the DagBag from /opt/airflow/dags/wikipedia/extract_data.py
[2025-12-26T12:23:30.342+0000] {logging_mixin.py:188} INFO - [2025-12-26T12:23:30.313+0000] {dagbag.py:350} ERROR - Failed to import: /opt/airflow/dags/wikipedia/extract_data.py
Traceback (most recent call last):
  File "/home/airflow/.local/lib/python3.12/site-packages/airflow/models/dagbag.py", line 346, in parse
    loader.exec_module(new_module)
  File "<frozen importlib._bootstrap_external>", line 995, in exec_module
  File "<frozen importlib._bootstrap>", line 488, in _call_with_frames_removed
  File "/opt/airflow/dags/wikipedia/extract_data.py", line 1, in <module>
    from airflow.sdk import DAG
ModuleNotFoundError: No module named 'airflow.sdk'
[2025-12-26T12:23:30.355+0000] {processor.py:842} WARNING - No viable dags retrieved from /opt/airflow/dags/wikipedia/extract_data.py
[2025-12-26T12:23:30.458+0000] {processor.py:183} INFO - Processing /opt/airflow/dags/wikipedia/extract_data.py took 0.279 seconds
[2025-12-26T12:24:01.038+0000] {processor.py:161} INFO - Started process (PID=87) to work on /opt/airflow/dags/wikipedia/extract_data.py
[2025-12-26T12:24:01.041+0000] {processor.py:830} INFO - Processing file /opt/airflow/dags/wikipedia/extract_data.py for tasks to queue
[2025-12-26T12:24:01.059+0000] {logging_mixin.py:188} INFO - [2025-12-26T12:24:01.057+0000] {dagbag.py:540} INFO - Filling up the DagBag from /opt/airflow/dags/wikipedia/extract_data.py
[2025-12-26T12:24:01.218+0000] {logging_mixin.py:188} INFO - [2025-12-26T12:24:01.176+0000] {dagbag.py:350} ERROR - Failed to import: /opt/airflow/dags/wikipedia/extract_data.py
Traceback (most recent call last):
  File "/home/airflow/.local/lib/python3.12/site-packages/airflow/models/dagbag.py", line 346, in parse
    loader.exec_module(new_module)
  File "<frozen importlib._bootstrap_external>", line 995, in exec_module
  File "<frozen importlib._bootstrap>", line 488, in _call_with_frames_removed
  File "/opt/airflow/dags/wikipedia/extract_data.py", line 1, in <module>
    from airflow.sdk import DAG
ModuleNotFoundError: No module named 'airflow.sdk'
[2025-12-26T12:24:01.226+0000] {processor.py:842} WARNING - No viable dags retrieved from /opt/airflow/dags/wikipedia/extract_data.py
[2025-12-26T12:24:01.305+0000] {processor.py:183} INFO - Processing /opt/airflow/dags/wikipedia/extract_data.py took 0.312 seconds
[2025-12-26T12:24:31.871+0000] {processor.py:161} INFO - Started process (PID=88) to work on /opt/airflow/dags/wikipedia/extract_data.py
[2025-12-26T12:24:31.873+0000] {processor.py:830} INFO - Processing file /opt/airflow/dags/wikipedia/extract_data.py for tasks to queue
[2025-12-26T12:24:31.878+0000] {logging_mixin.py:188} INFO - [2025-12-26T12:24:31.877+0000] {dagbag.py:540} INFO - Filling up the DagBag from /opt/airflow/dags/wikipedia/extract_data.py
[2025-12-26T12:24:31.939+0000] {logging_mixin.py:188} INFO - [2025-12-26T12:24:31.925+0000] {dagbag.py:350} ERROR - Failed to import: /opt/airflow/dags/wikipedia/extract_data.py
Traceback (most recent call last):
  File "/home/airflow/.local/lib/python3.12/site-packages/airflow/models/dagbag.py", line 346, in parse
    loader.exec_module(new_module)
  File "<frozen importlib._bootstrap_external>", line 995, in exec_module
  File "<frozen importlib._bootstrap>", line 488, in _call_with_frames_removed
  File "/opt/airflow/dags/wikipedia/extract_data.py", line 1, in <module>
    from airflow.sdk import DAG
ModuleNotFoundError: No module named 'airflow.sdk'
[2025-12-26T12:24:31.946+0000] {processor.py:842} WARNING - No viable dags retrieved from /opt/airflow/dags/wikipedia/extract_data.py
[2025-12-26T12:24:31.988+0000] {processor.py:183} INFO - Processing /opt/airflow/dags/wikipedia/extract_data.py took 0.130 seconds
[2025-12-26T12:25:02.147+0000] {processor.py:161} INFO - Started process (PID=89) to work on /opt/airflow/dags/wikipedia/extract_data.py
[2025-12-26T12:25:02.149+0000] {processor.py:830} INFO - Processing file /opt/airflow/dags/wikipedia/extract_data.py for tasks to queue
[2025-12-26T12:25:02.153+0000] {logging_mixin.py:188} INFO - [2025-12-26T12:25:02.152+0000] {dagbag.py:540} INFO - Filling up the DagBag from /opt/airflow/dags/wikipedia/extract_data.py
[2025-12-26T12:25:02.209+0000] {logging_mixin.py:188} INFO - [2025-12-26T12:25:02.197+0000] {dagbag.py:350} ERROR - Failed to import: /opt/airflow/dags/wikipedia/extract_data.py
Traceback (most recent call last):
  File "/home/airflow/.local/lib/python3.12/site-packages/airflow/models/dagbag.py", line 346, in parse
    loader.exec_module(new_module)
  File "<frozen importlib._bootstrap_external>", line 995, in exec_module
  File "<frozen importlib._bootstrap>", line 488, in _call_with_frames_removed
  File "/opt/airflow/dags/wikipedia/extract_data.py", line 1, in <module>
    from airflow.sdk import DAG
ModuleNotFoundError: No module named 'airflow.sdk'
[2025-12-26T12:25:02.214+0000] {processor.py:842} WARNING - No viable dags retrieved from /opt/airflow/dags/wikipedia/extract_data.py
[2025-12-26T12:25:02.258+0000] {processor.py:183} INFO - Processing /opt/airflow/dags/wikipedia/extract_data.py took 0.123 seconds
